#
# A fatal error has been detected by the Java Runtime Environment:
#
#  EXCEPTION_ACCESS_VIOLATION (0xc0000005) at pc=0x00007ff98b336364, pid=12504, tid=23436
#
# JRE version: OpenJDK Runtime Environment (20.0.2+9) (build 20.0.2+9-78)
# Java VM: OpenJDK 64-Bit Server VM (20.0.2+9-78, mixed mode, sharing, tiered, compressed oops, compressed class ptrs, g1 gc, windows-amd64)
# Problematic frame:
# V  [jvm.dll+0x7b6364]
#
# No core dump will be written. Minidumps are not enabled by default on client versions of Windows
#
# If you would like to submit a bug report, please visit:
#   https://bugreport.java.com/bugreport/crash.jsp
#

---------------  S U M M A R Y ------------

Command Line: -Dmaven.multiModuleProjectDirectory=C:\Users\micha\Desktop\D\Edu\Java\SampleScrap -Djansi.passthrough=true -Dmaven.home=C:\Program Files\JetBrains\IntelliJ IDEA Community Edition 2023.2.1\plugins\maven\lib\maven3 -Dclassworlds.conf=C:\Program Files\JetBrains\IntelliJ IDEA Community Edition 2023.2.1\plugins\maven\lib\maven3\bin\m2.conf -Dmaven.ext.class.path=C:\Program Files\JetBrains\IntelliJ IDEA Community Edition 2023.2.1\plugins\maven\lib\maven-event-listener.jar -javaagent:C:\Program Files\JetBrains\IntelliJ IDEA Community Edition 2023.2.1\lib\idea_rt.jar=53890:C:\Program Files\JetBrains\IntelliJ IDEA Community Edition 2023.2.1\bin -Dfile.encoding=UTF-8 -Dsun.stdout.encoding=UTF-8 -Dsun.stderr.encoding=UTF-8 org.codehaus.classworlds.Launcher -Didea.version=2023.2.1 clean

Host: 12th Gen Intel(R) Core(TM) i7-12700H, 20 cores, 31G,  Windows 11 , 64 bit Build 22621 (10.0.22621.2428)
Time: Sun Nov  5 18:29:45 2023 Central European Standard Time elapsed time: 1.148950 seconds (0d 0h 0m 1s)

---------------  T H R E A D  ---------------

Current thread (0x0000018d73498220):  JavaThread "C2 CompilerThread7" daemon [_thread_in_vm, id=23436, stack(0x0000000638100000,0x0000000638200000)]


Current CompileTask:
C2:   1148 3084       4       com.google.inject.internal.asm.$SymbolTable::addConstantUtf8Reference (101 bytes)

Stack: [0x0000000638100000,0x0000000638200000],  sp=0x00000006381ff020,  free space=1020k
Native frames: (J=compiled Java code, j=interpreted, Vv=VM code, C=native code)
V  [jvm.dll+0x7b6364]
V  [jvm.dll+0x203c34]
V  [jvm.dll+0x1ed1a1]
V  [jvm.dll+0x25a35b]
V  [jvm.dll+0x2587c0]
V  [jvm.dll+0x3f2dd5]
V  [jvm.dll+0x7f5c76]
V  [jvm.dll+0x6baecb]
C  [ucrtbase.dll+0x29363]
C  [KERNEL32.DLL+0x1257d]
C  [ntdll.dll+0x5aa78]


siginfo: EXCEPTION_ACCESS_VIOLATION (0xc0000005), reading address 0xffffffffffffffff


Registers:
RAX=0x0000018d7214db68, RBX=0x000000000000006d, RCX=0x3940018d2d48a828, RDX=0x000000000000ffff
RSP=0x00000006381ff020, RBP=0x0000000000000068, RSI=0x0000018d737e5770, RDI=0x0000000000000368
R8 =0x000000007ffef000, R9 =0x0000000000000083, R10=0x0000000000000001, R11=0xfffffffffad21f8f
R12=0x0000000000000000, R13=0x0000000000000000, R14=0x0000000000000028, R15=0x0000000000000000
RIP=0x00007ff98b336364, EFLAGS=0x0000000000010202


Register to memory mapping:

RIP=0x00007ff98b336364 jvm.dll
RAX=0x0000018d7214db68 points into unknown readable memory: 0x0000018d7319a6a8 | a8 a6 19 73 8d 01 00 00
RBX=0x000000000000006d is an unknown value
RCX=0x3940018d2d48a828 is an unknown value
RDX=0x000000000000ffff is an unknown value
RSP=0x00000006381ff020 is pointing into the stack for thread: 0x0000018d73498220
RBP=0x0000000000000068 is an unknown value
RSI=0x0000018d737e5770 points into unknown readable memory: 0x00000006381ff458 | 58 f4 1f 38 06 00 00 00
RDI=0x0000000000000368 is an unknown value
R8 =0x000000007ffef000 points into unknown readable memory: 0x0000000000000001 | 01 00 00 00 00 00 00 00
R9 =0x0000000000000083 is an unknown value
R10=0x0000000000000001 is an unknown value
R11=0xfffffffffad21f8f is an unknown value
R12=0x0 is NULL
R13=0x0 is NULL
R14=0x0000000000000028 is an unknown value
R15=0x0 is NULL


Top of Stack: (sp=0x00000006381ff020)
0x00000006381ff020:   0000000000000000 00007ff98b381094
0x00000006381ff030:   0000001d6a2bd09f 0000000000000000
0x00000006381ff040:   0000000000ae5625 00007ff98ad83c34
0x00000006381ff050:   00000006381ff310 00007ff98b381237
0x00000006381ff060:   0000d60cd91f3fe9 0000018d6eabd710
0x00000006381ff070:   00000006381ff450 00007ff98ad6d1a1
0x00000006381ff080:   0000018d73498220 0000018d73498220
0x00000006381ff090:   0000000000000000 0000018d73498220
0x00000006381ff0a0:   0000000000000000 00007ff98adda35b
0x00000006381ff0b0:   0000018d72127c40 0000018d2bfc7ae0
0x00000006381ff0c0:   00000006381ff1b0 0000018d73498220
0x00000006381ff0d0:   0000018d72ca3701 0000018d2bfc7ae0
0x00000006381ff0e0:   0000000000000006 00007ffa2268d2c9
0x00000006381ff0f0:   000000003d00003d 0000000000000010
0x00000006381ff100:   ffffffff72b39500 0000000000000000
0x00000006381ff110:   0000018d2bfc7ae0 000000047204b400
0x00000006381ff120:   0000018d071d5c10 0000018d6eabd710
0x00000006381ff130:   0000018d73498220 0000018d7284a190
0x00000006381ff140:   0000000000000c0c 00000000000003d8
0x00000006381ff150:   0000018d72ca3700 0000018d7319a6c8
0x00000006381ff160:   0000018d6e4db348 0000018d73498220
0x00000006381ff170:   0000018d6eabd710 0000000000021317
0x00000006381ff180:   0000000000000478 0000000000000400
0x00000006381ff190:   0000018d72ca36f0 00000000000003d8
0x00000006381ff1a0:   0000018d72ca3700 0000018d72ca3ad8
0x00000006381ff1b0:   0000018d04ed0000 0000000000000000
0x00000006381ff1c0:   0000000000000002 0000000000000000
0x00000006381ff1d0:   0000000000000001 00007ffa2268d19a
0x00000006381ff1e0:   0000000000070007 00000000000003f0
0x00000006381ff1f0:   0000018d72281740 00007ffa2072987b
0x00000006381ff200:   0000000000000000 0000000000000000
0x00000006381ff210:   0000000000000000 0000018d04ed54c0 

Instructions: (pc=0x00007ff98b336364)
0x00007ff98b336264:   ff c1 80 3c 08 00 75 f7 48 63 d1 85 c9 7e 14 80
0x00007ff98b336274:   38 2f 75 03 c6 00 2e 48 ff c0 48 83 ea 01 75 ef
0x00007ff98b336284:   49 8b c0 48 83 c4 28 c3 cc cc cc cc 48 89 5c 24
0x00007ff98b336294:   08 48 89 6c 24 10 48 89 74 24 18 57 48 83 ec 20
0x00007ff98b3362a4:   0f b7 51 04 48 8b f1 48 83 c1 06 e8 4c 65 06 00
0x00007ff98b3362b4:   33 d2 8d 58 01 48 63 cb e8 ef ac f5 ff 0f b7 56
0x00007ff98b3362c4:   04 48 8d 4e 06 44 8b cb 4c 8b c0 48 8b f8 e8 89
0x00007ff98b3362d4:   5e 06 00 48 8b 5c 24 30 48 8b c7 48 8b 6c 24 38
0x00007ff98b3362e4:   48 8b 74 24 40 48 83 c4 20 5f c3 cc 48 89 5c 24
0x00007ff98b3362f4:   18 48 89 74 24 20 57 48 83 ec 20 48 8b da 48 8d
0x00007ff98b336304:   71 06 0f b7 51 04 4c 8d 4c 24 30 48 8b ce 4c 8d
0x00007ff98b336314:   44 24 38 e8 54 66 06 00 48 63 c8 33 d2 48 03 c9
0x00007ff98b336324:   89 03 e8 85 ac f5 ff 44 8b 03 48 8b f8 45 85 c0
0x00007ff98b336334:   7e 0e 48 8b d0 48 8b ce e8 bf 5a 06 00 48 8b c7
0x00007ff98b336344:   48 8b 5c 24 40 48 8b 74 24 48 48 83 c4 20 5f c3
0x00007ff98b336354:   cc cc cc cc cc cc cc cc cc cc cc cc 48 83 ec 28
0x00007ff98b336364:   8b 01 0f b7 d0 81 fa ff ff 00 00 74 49 85 d2 74
0x00007ff98b336374:   19 8d 50 ff f0 0f b1 11 74 3c 0f b7 d0 81 fa ff
0x00007ff98b336384:   ff 00 00 75 e8 48 83 c4 28 c3 e8 bd 04 00 00 4c
0x00007ff98b336394:   8d 0d 36 55 23 00 41 b8 5a 01 00 00 48 8d 15 f9
0x00007ff98b3363a4:   54 23 00 b9 00 00 00 e0 e8 3f a7 ac ff 48 83 c4
0x00007ff98b3363b4:   28 e9 56 58 f0 ff 48 83 c4 28 c3 cc 48 83 ec 28
0x00007ff98b3363c4:   8b 01 0f b7 d0 81 fa ff ff 00 00 74 49 85 d2 74
0x00007ff98b3363d4:   19 8d 50 01 f0 0f b1 11 74 3c 0f b7 d0 81 fa ff
0x00007ff98b3363e4:   ff 00 00 75 e8 48 83 c4 28 c3 e8 5d 04 00 00 4c
0x00007ff98b3363f4:   8d 0d 86 54 23 00 41 b8 45 01 00 00 48 8d 15 99
0x00007ff98b336404:   54 23 00 b9 00 00 00 e0 e8 df a6 ac ff 48 83 c4
0x00007ff98b336414:   28 e9 f6 57 f0 ff 48 83 c4 28 c3 cc 40 55 41 57
0x00007ff98b336424:   48 83 ec 38 49 63 e9 4d 8b f8 45 85 c9 7f 0a 33
0x00007ff98b336434:   c0 48 83 c4 38 41 5f 5d c3 48 89 5c 24 50 48 89
0x00007ff98b336444:   74 24 58 0f b7 71 04 48 89 7c 24 60 48 2b f5 4c
0x00007ff98b336454:   89 64 24 30 4c 89 6c 24 28 4c 8d 69 06 48 63 da 


Stack slot to memory mapping:
stack at sp + 0 slots: 0x0 is NULL
stack at sp + 1 slots: 0x00007ff98b381094 jvm.dll
stack at sp + 2 slots: 0x0000001d6a2bd09f is an unknown value
stack at sp + 3 slots: 0x0 is NULL
stack at sp + 4 slots: 0x0000000000ae5625 is an unknown value
stack at sp + 5 slots: 0x00007ff98ad83c34 jvm.dll
stack at sp + 6 slots: 0x00000006381ff310 is pointing into the stack for thread: 0x0000018d73498220
stack at sp + 7 slots: 0x00007ff98b381237 jvm.dll


---------------  P R O C E S S  ---------------

Threads class SMR info:
_java_thread_list=0x0000018d7296b910, length=22, elements={
0x0000018d071e9610, 0x0000018d72057590, 0x0000018d72058390, 0x0000018d72059190,
0x0000018d7205f2e0, 0x0000018d7205caf0, 0x0000018d7205d840, 0x0000018d72061d60,
0x0000018d720622f0, 0x0000018d72120c10, 0x0000018d721211a0, 0x0000018d72195450,
0x0000018d722a4500, 0x0000018d722a4a50, 0x0000018d722b86a0, 0x0000018d72672e70,
0x0000018d727326d0, 0x0000018d727b7790, 0x0000018d72bfe600, 0x0000018d728efc90,
0x0000018d7296bca0, 0x0000018d73498220
}

Java Threads: ( => current thread )
  0x0000018d071e9610 JavaThread "main" [_thread_in_Java, id=23432, stack(0x0000000636500000,0x0000000636600000)]
  0x0000018d72057590 JavaThread "Reference Handler" daemon [_thread_blocked, id=11092, stack(0x0000000636c00000,0x0000000636d00000)]
  0x0000018d72058390 JavaThread "Finalizer" daemon [_thread_blocked, id=21284, stack(0x0000000636d00000,0x0000000636e00000)]
  0x0000018d72059190 JavaThread "Signal Dispatcher" daemon [_thread_blocked, id=8160, stack(0x0000000636e00000,0x0000000636f00000)]
  0x0000018d7205f2e0 JavaThread "Attach Listener" daemon [_thread_blocked, id=10280, stack(0x0000000636f00000,0x0000000637000000)]
  0x0000018d7205caf0 JavaThread "Service Thread" daemon [_thread_blocked, id=6376, stack(0x0000000637000000,0x0000000637100000)]
  0x0000018d7205d840 JavaThread "Monitor Deflation Thread" daemon [_thread_blocked, id=9388, stack(0x0000000637100000,0x0000000637200000)]
  0x0000018d72061d60 JavaThread "C2 CompilerThread0" daemon [_thread_blocked, id=22104, stack(0x0000000637200000,0x0000000637300000)]
  0x0000018d720622f0 JavaThread "C1 CompilerThread0" daemon [_thread_blocked, id=22752, stack(0x0000000637300000,0x0000000637400000)]
  0x0000018d72120c10 JavaThread "C1 CompilerThread1" daemon [_thread_blocked, id=6524, stack(0x0000000637400000,0x0000000637500000)]
  0x0000018d721211a0 JavaThread "C1 CompilerThread2" daemon [_thread_blocked, id=18708, stack(0x0000000637500000,0x0000000637600000)]
  0x0000018d72195450 JavaThread "Common-Cleaner" daemon [_thread_blocked, id=23444, stack(0x0000000637600000,0x0000000637700000)]
  0x0000018d722a4500 JavaThread "Monitor Ctrl-Break" daemon [_thread_in_native, id=2640, stack(0x0000000637700000,0x0000000637800000)]
  0x0000018d722a4a50 JavaThread "Notification Thread" daemon [_thread_blocked, id=21836, stack(0x0000000637800000,0x0000000637900000)]
  0x0000018d722b86a0 JavaThread "C2 CompilerThread1" daemon [_thread_blocked, id=20752, stack(0x0000000637a00000,0x0000000637b00000)]
  0x0000018d72672e70 JavaThread "C1 CompilerThread3" daemon [_thread_blocked, id=1128, stack(0x0000000637b00000,0x0000000637c00000)]
  0x0000018d727326d0 JavaThread "C2 CompilerThread2" daemon [_thread_blocked, id=23144, stack(0x0000000637c00000,0x0000000637d00000)]
  0x0000018d727b7790 JavaThread "C2 CompilerThread3" daemon [_thread_in_native, id=23140, stack(0x0000000637d00000,0x0000000637e00000)]
  0x0000018d72bfe600 JavaThread "C2 CompilerThread4" daemon [_thread_blocked, id=7636, stack(0x0000000637e00000,0x0000000637f00000)]
  0x0000018d728efc90 JavaThread "C2 CompilerThread5" daemon [_thread_blocked, id=13140, stack(0x0000000637f00000,0x0000000638000000)]
  0x0000018d7296bca0 JavaThread "C2 CompilerThread6" daemon [_thread_blocked, id=20428, stack(0x0000000638000000,0x0000000638100000)]
=>0x0000018d73498220 JavaThread "C2 CompilerThread7" daemon [_thread_in_vm, id=23436, stack(0x0000000638100000,0x0000000638200000)]

Other Threads:
  0x0000018d2bfd34b0 VMThread "VM Thread" [stack: 0x0000000636b00000,0x0000000636c00000] [id=8120]
  0x0000018d72282a30 WatcherThread "VM Periodic Task Thread" [stack: 0x0000000637900000,0x0000000637a00000] [id=12316]
  0x0000018d0729c110 WorkerThread "GC Thread#0" [stack: 0x0000000636600000,0x0000000636700000] [id=22668]
  0x0000018d2bfd2c40 WorkerThread "GC Thread#1" [stack: 0x0000000638200000,0x0000000638300000] [id=21248]
  0x0000018d2bfd3d20 WorkerThread "GC Thread#2" [stack: 0x0000000638300000,0x0000000638400000] [id=6236]
  0x0000018d2bfd2f10 WorkerThread "GC Thread#3" [stack: 0x0000000638400000,0x0000000638500000] [id=17896]
  0x0000018d2bfd3ff0 WorkerThread "GC Thread#4" [stack: 0x0000000638500000,0x0000000638600000] [id=10084]
  0x0000018d2bfd31e0 WorkerThread "GC Thread#5" [stack: 0x0000000638600000,0x0000000638700000] [id=15796]
  0x0000018d2bfd2970 WorkerThread "GC Thread#6" [stack: 0x0000000638700000,0x0000000638800000] [id=21408]
  0x0000018d73a65830 WorkerThread "GC Thread#7" [stack: 0x0000000638800000,0x0000000638900000] [id=15392]
  0x0000018d73a66640 WorkerThread "GC Thread#8" [stack: 0x0000000638900000,0x0000000638a00000] [id=22692]
  0x0000018d73a66910 WorkerThread "GC Thread#9" [stack: 0x0000000638a00000,0x0000000638b00000] [id=18268]
  0x0000018d73a68800 WorkerThread "GC Thread#10" [stack: 0x0000000638b00000,0x0000000638c00000] [id=21800]
  0x0000018d73a68260 WorkerThread "GC Thread#11" [stack: 0x0000000638c00000,0x0000000638d00000] [id=11724]
  0x0000018d072acdb0 ConcurrentGCThread "G1 Main Marker" [stack: 0x0000000636700000,0x0000000636800000] [id=21644]
  0x0000018d072ad7e0 WorkerThread "G1 Conc#0" [stack: 0x0000000636800000,0x0000000636900000] [id=14784]
  0x0000018d2be90570 ConcurrentGCThread "G1 Refine#0" [stack: 0x0000000636900000,0x0000000636a00000] [id=15776]
  0x0000018d2be91010 ConcurrentGCThread "G1 Service" [stack: 0x0000000636a00000,0x0000000636b00000] [id=20696]

Threads with active compile tasks:
C1 CompilerThread0     1167 3156       3       sun.nio.cs.UTF_8$Decoder::decodeArrayLoop (688 bytes)
C2 CompilerThread3     1167 3151       4       org.codehaus.plexus.util.xml.pull.MXParser::parseStartTag (1190 bytes)
C2 CompilerThread7     1167 3084       4       com.google.inject.internal.asm.$SymbolTable::addConstantUtf8Reference (101 bytes)

VM state: not at safepoint (normal execution)

VM Mutex/Monitor currently owned by a thread: None

Heap address: 0x000000042dc00000, size: 8116 MB, Compressed Oops mode: Zero based, Oop shift amount: 3

CDS archive(s) mapped at: [0x0000018d2d000000-0x0000018d2dc60000-0x0000018d2dc60000), size 12976128, SharedBaseAddress: 0x0000018d2d000000, ArchiveRelocationMode: 1.
Compressed class space mapped at: 0x0000018d2e000000-0x0000018d6e000000, reserved size: 1073741824
Narrow klass base: 0x0000018d2d000000, Narrow klass shift: 0, Narrow klass range: 0x100000000

GC Precious Log:
 CardTable entry size: 512
 Card Set container configuration: InlinePtr #cards 4 size 8 Array Of Cards #cards 32 size 80 Howl #buckets 8 coarsen threshold 7372 Howl Bitmap #cards 1024 size 144 coarsen threshold 921 Card regions per heap region 1 cards per card region 8192
 CPUs: 20 total, 20 available
 Memory: 32452M
 Large Page Support: Disabled
 NUMA Support: Disabled
 Compressed Oops: Enabled (Zero based)
 Heap Region Size: 4M
 Heap Min Capacity: 8M
 Heap Initial Capacity: 508M
 Heap Max Capacity: 8116M
 Pre-touch: Disabled
 Parallel Workers: 15
 Concurrent Workers: 4
 Concurrent Refinement Workers: 15
 Periodic GC: Disabled

Heap:
 garbage-first heap   total 520192K, used 34157K [0x000000042dc00000, 0x0000000629000000)
  region size 4096K, 9 young (36864K), 1 survivors (4096K)
 Metaspace       used 15622K, committed 15872K, reserved 1114112K
  class space    used 1817K, committed 1920K, reserved 1048576K

Heap Regions: E=young(eden), S=young(survivor), O=old, HS=humongous(starts), HC=humongous(continues), CS=collection set, F=free, OA=open archive, CA=closed archive, TAMS=top-at-mark-start, PB=parsable bottom
|   0|0x000000042dc00000, 0x000000042dfb5a00, 0x000000042e000000| 92%| O|  |TAMS 0x000000042dc00000| PB 0x000000042dc00000| Untracked 
|   1|0x000000042e000000, 0x000000042e000000, 0x000000042e400000|  0%| F|  |TAMS 0x000000042e000000| PB 0x000000042e000000| Untracked 
|   2|0x000000042e400000, 0x000000042e400000, 0x000000042e800000|  0%| F|  |TAMS 0x000000042e400000| PB 0x000000042e400000| Untracked 
|   3|0x000000042e800000, 0x000000042e800000, 0x000000042ec00000|  0%| F|  |TAMS 0x000000042e800000| PB 0x000000042e800000| Untracked 
|   4|0x000000042ec00000, 0x000000042ec00000, 0x000000042f000000|  0%| F|  |TAMS 0x000000042ec00000| PB 0x000000042ec00000| Untracked 
|   5|0x000000042f000000, 0x000000042f000000, 0x000000042f400000|  0%| F|  |TAMS 0x000000042f000000| PB 0x000000042f000000| Untracked 
|   6|0x000000042f400000, 0x000000042f400000, 0x000000042f800000|  0%| F|  |TAMS 0x000000042f400000| PB 0x000000042f400000| Untracked 
|   7|0x000000042f800000, 0x000000042f800000, 0x000000042fc00000|  0%| F|  |TAMS 0x000000042f800000| PB 0x000000042f800000| Untracked 
|   8|0x000000042fc00000, 0x000000042fc00000, 0x0000000430000000|  0%| F|  |TAMS 0x000000042fc00000| PB 0x000000042fc00000| Untracked 
|   9|0x0000000430000000, 0x0000000430000000, 0x0000000430400000|  0%| F|  |TAMS 0x0000000430000000| PB 0x0000000430000000| Untracked 
|  10|0x0000000430400000, 0x0000000430400000, 0x0000000430800000|  0%| F|  |TAMS 0x0000000430400000| PB 0x0000000430400000| Untracked 
|  11|0x0000000430800000, 0x0000000430800000, 0x0000000430c00000|  0%| F|  |TAMS 0x0000000430800000| PB 0x0000000430800000| Untracked 
|  12|0x0000000430c00000, 0x0000000430c00000, 0x0000000431000000|  0%| F|  |TAMS 0x0000000430c00000| PB 0x0000000430c00000| Untracked 
|  13|0x0000000431000000, 0x0000000431000000, 0x0000000431400000|  0%| F|  |TAMS 0x0000000431000000| PB 0x0000000431000000| Untracked 
|  14|0x0000000431400000, 0x0000000431400000, 0x0000000431800000|  0%| F|  |TAMS 0x0000000431400000| PB 0x0000000431400000| Untracked 
|  15|0x0000000431800000, 0x0000000431800000, 0x0000000431c00000|  0%| F|  |TAMS 0x0000000431800000| PB 0x0000000431800000| Untracked 
|  16|0x0000000431c00000, 0x0000000431c00000, 0x0000000432000000|  0%| F|  |TAMS 0x0000000431c00000| PB 0x0000000431c00000| Untracked 
|  17|0x0000000432000000, 0x0000000432000000, 0x0000000432400000|  0%| F|  |TAMS 0x0000000432000000| PB 0x0000000432000000| Untracked 
|  18|0x0000000432400000, 0x0000000432400000, 0x0000000432800000|  0%| F|  |TAMS 0x0000000432400000| PB 0x0000000432400000| Untracked 
|  19|0x0000000432800000, 0x0000000432800000, 0x0000000432c00000|  0%| F|  |TAMS 0x0000000432800000| PB 0x0000000432800000| Untracked 
|  20|0x0000000432c00000, 0x0000000432c00000, 0x0000000433000000|  0%| F|  |TAMS 0x0000000432c00000| PB 0x0000000432c00000| Untracked 
|  21|0x0000000433000000, 0x0000000433000000, 0x0000000433400000|  0%| F|  |TAMS 0x0000000433000000| PB 0x0000000433000000| Untracked 
|  22|0x0000000433400000, 0x0000000433400000, 0x0000000433800000|  0%| F|  |TAMS 0x0000000433400000| PB 0x0000000433400000| Untracked 
|  23|0x0000000433800000, 0x0000000433800000, 0x0000000433c00000|  0%| F|  |TAMS 0x0000000433800000| PB 0x0000000433800000| Untracked 
|  24|0x0000000433c00000, 0x0000000433c00000, 0x0000000434000000|  0%| F|  |TAMS 0x0000000433c00000| PB 0x0000000433c00000| Untracked 
|  25|0x0000000434000000, 0x0000000434000000, 0x0000000434400000|  0%| F|  |TAMS 0x0000000434000000| PB 0x0000000434000000| Untracked 
|  26|0x0000000434400000, 0x0000000434400000, 0x0000000434800000|  0%| F|  |TAMS 0x0000000434400000| PB 0x0000000434400000| Untracked 
|  27|0x0000000434800000, 0x0000000434800000, 0x0000000434c00000|  0%| F|  |TAMS 0x0000000434800000| PB 0x0000000434800000| Untracked 
|  28|0x0000000434c00000, 0x0000000434c00000, 0x0000000435000000|  0%| F|  |TAMS 0x0000000434c00000| PB 0x0000000434c00000| Untracked 
|  29|0x0000000435000000, 0x0000000435000000, 0x0000000435400000|  0%| F|  |TAMS 0x0000000435000000| PB 0x0000000435000000| Untracked 
|  30|0x0000000435400000, 0x0000000435400000, 0x0000000435800000|  0%| F|  |TAMS 0x0000000435400000| PB 0x0000000435400000| Untracked 
|  31|0x0000000435800000, 0x0000000435800000, 0x0000000435c00000|  0%| F|  |TAMS 0x0000000435800000| PB 0x0000000435800000| Untracked 
|  32|0x0000000435c00000, 0x0000000435c00000, 0x0000000436000000|  0%| F|  |TAMS 0x0000000435c00000| PB 0x0000000435c00000| Untracked 
|  33|0x0000000436000000, 0x0000000436000000, 0x0000000436400000|  0%| F|  |TAMS 0x0000000436000000| PB 0x0000000436000000| Untracked 
|  34|0x0000000436400000, 0x0000000436400000, 0x0000000436800000|  0%| F|  |TAMS 0x0000000436400000| PB 0x0000000436400000| Untracked 
|  35|0x0000000436800000, 0x0000000436800000, 0x0000000436c00000|  0%| F|  |TAMS 0x0000000436800000| PB 0x0000000436800000| Untracked 
|  36|0x0000000436c00000, 0x0000000436c00000, 0x0000000437000000|  0%| F|  |TAMS 0x0000000436c00000| PB 0x0000000436c00000| Untracked 
|  37|0x0000000437000000, 0x0000000437000000, 0x0000000437400000|  0%| F|  |TAMS 0x0000000437000000| PB 0x0000000437000000| Untracked 
|  38|0x0000000437400000, 0x0000000437400000, 0x0000000437800000|  0%| F|  |TAMS 0x0000000437400000| PB 0x0000000437400000| Untracked 
|  39|0x0000000437800000, 0x0000000437800000, 0x0000000437c00000|  0%| F|  |TAMS 0x0000000437800000| PB 0x0000000437800000| Untracked 
|  40|0x0000000437c00000, 0x0000000437c00000, 0x0000000438000000|  0%| F|  |TAMS 0x0000000437c00000| PB 0x0000000437c00000| Untracked 
|  41|0x0000000438000000, 0x0000000438000000, 0x0000000438400000|  0%| F|  |TAMS 0x0000000438000000| PB 0x0000000438000000| Untracked 
|  42|0x0000000438400000, 0x0000000438400000, 0x0000000438800000|  0%| F|  |TAMS 0x0000000438400000| PB 0x0000000438400000| Untracked 
|  43|0x0000000438800000, 0x0000000438800000, 0x0000000438c00000|  0%| F|  |TAMS 0x0000000438800000| PB 0x0000000438800000| Untracked 
|  44|0x0000000438c00000, 0x0000000438c00000, 0x0000000439000000|  0%| F|  |TAMS 0x0000000438c00000| PB 0x0000000438c00000| Untracked 
|  45|0x0000000439000000, 0x0000000439000000, 0x0000000439400000|  0%| F|  |TAMS 0x0000000439000000| PB 0x0000000439000000| Untracked 
|  46|0x0000000439400000, 0x0000000439400000, 0x0000000439800000|  0%| F|  |TAMS 0x0000000439400000| PB 0x0000000439400000| Untracked 
|  47|0x0000000439800000, 0x0000000439800000, 0x0000000439c00000|  0%| F|  |TAMS 0x0000000439800000| PB 0x0000000439800000| Untracked 
|  48|0x0000000439c00000, 0x0000000439c00000, 0x000000043a000000|  0%| F|  |TAMS 0x0000000439c00000| PB 0x0000000439c00000| Untracked 
|  49|0x000000043a000000, 0x000000043a000000, 0x000000043a400000|  0%| F|  |TAMS 0x000000043a000000| PB 0x000000043a000000| Untracked 
|  50|0x000000043a400000, 0x000000043a400000, 0x000000043a800000|  0%| F|  |TAMS 0x000000043a400000| PB 0x000000043a400000| Untracked 
|  51|0x000000043a800000, 0x000000043a800000, 0x000000043ac00000|  0%| F|  |TAMS 0x000000043a800000| PB 0x000000043a800000| Untracked 
|  52|0x000000043ac00000, 0x000000043ac00000, 0x000000043b000000|  0%| F|  |TAMS 0x000000043ac00000| PB 0x000000043ac00000| Untracked 
|  53|0x000000043b000000, 0x000000043b000000, 0x000000043b400000|  0%| F|  |TAMS 0x000000043b000000| PB 0x000000043b000000| Untracked 
|  54|0x000000043b400000, 0x000000043b400000, 0x000000043b800000|  0%| F|  |TAMS 0x000000043b400000| PB 0x000000043b400000| Untracked 
|  55|0x000000043b800000, 0x000000043b800000, 0x000000043bc00000|  0%| F|  |TAMS 0x000000043b800000| PB 0x000000043b800000| Untracked 
|  56|0x000000043bc00000, 0x000000043bc00000, 0x000000043c000000|  0%| F|  |TAMS 0x000000043bc00000| PB 0x000000043bc00000| Untracked 
|  57|0x000000043c000000, 0x000000043c000000, 0x000000043c400000|  0%| F|  |TAMS 0x000000043c000000| PB 0x000000043c000000| Untracked 
|  58|0x000000043c400000, 0x000000043c400000, 0x000000043c800000|  0%| F|  |TAMS 0x000000043c400000| PB 0x000000043c400000| Untracked 
|  59|0x000000043c800000, 0x000000043c800000, 0x000000043cc00000|  0%| F|  |TAMS 0x000000043c800000| PB 0x000000043c800000| Untracked 
|  60|0x000000043cc00000, 0x000000043cc00000, 0x000000043d000000|  0%| F|  |TAMS 0x000000043cc00000| PB 0x000000043cc00000| Untracked 
|  61|0x000000043d000000, 0x000000043d000000, 0x000000043d400000|  0%| F|  |TAMS 0x000000043d000000| PB 0x000000043d000000| Untracked 
|  62|0x000000043d400000, 0x000000043d400000, 0x000000043d800000|  0%| F|  |TAMS 0x000000043d400000| PB 0x000000043d400000| Untracked 
|  63|0x000000043d800000, 0x000000043d800000, 0x000000043dc00000|  0%| F|  |TAMS 0x000000043d800000| PB 0x000000043d800000| Untracked 
|  64|0x000000043dc00000, 0x000000043dc00000, 0x000000043e000000|  0%| F|  |TAMS 0x000000043dc00000| PB 0x000000043dc00000| Untracked 
|  65|0x000000043e000000, 0x000000043e000000, 0x000000043e400000|  0%| F|  |TAMS 0x000000043e000000| PB 0x000000043e000000| Untracked 
|  66|0x000000043e400000, 0x000000043e400000, 0x000000043e800000|  0%| F|  |TAMS 0x000000043e400000| PB 0x000000043e400000| Untracked 
|  67|0x000000043e800000, 0x000000043e800000, 0x000000043ec00000|  0%| F|  |TAMS 0x000000043e800000| PB 0x000000043e800000| Untracked 
|  68|0x000000043ec00000, 0x000000043ec00000, 0x000000043f000000|  0%| F|  |TAMS 0x000000043ec00000| PB 0x000000043ec00000| Untracked 
|  69|0x000000043f000000, 0x000000043f000000, 0x000000043f400000|  0%| F|  |TAMS 0x000000043f000000| PB 0x000000043f000000| Untracked 
|  70|0x000000043f400000, 0x000000043f400000, 0x000000043f800000|  0%| F|  |TAMS 0x000000043f400000| PB 0x000000043f400000| Untracked 
|  71|0x000000043f800000, 0x000000043f800000, 0x000000043fc00000|  0%| F|  |TAMS 0x000000043f800000| PB 0x000000043f800000| Untracked 
|  72|0x000000043fc00000, 0x000000043fc00000, 0x0000000440000000|  0%| F|  |TAMS 0x000000043fc00000| PB 0x000000043fc00000| Untracked 
|  73|0x0000000440000000, 0x0000000440000000, 0x0000000440400000|  0%| F|  |TAMS 0x0000000440000000| PB 0x0000000440000000| Untracked 
|  74|0x0000000440400000, 0x0000000440400000, 0x0000000440800000|  0%| F|  |TAMS 0x0000000440400000| PB 0x0000000440400000| Untracked 
|  75|0x0000000440800000, 0x0000000440800000, 0x0000000440c00000|  0%| F|  |TAMS 0x0000000440800000| PB 0x0000000440800000| Untracked 
|  76|0x0000000440c00000, 0x0000000440c00000, 0x0000000441000000|  0%| F|  |TAMS 0x0000000440c00000| PB 0x0000000440c00000| Untracked 
|  77|0x0000000441000000, 0x0000000441000000, 0x0000000441400000|  0%| F|  |TAMS 0x0000000441000000| PB 0x0000000441000000| Untracked 
|  78|0x0000000441400000, 0x0000000441400000, 0x0000000441800000|  0%| F|  |TAMS 0x0000000441400000| PB 0x0000000441400000| Untracked 
|  79|0x0000000441800000, 0x0000000441800000, 0x0000000441c00000|  0%| F|  |TAMS 0x0000000441800000| PB 0x0000000441800000| Untracked 
|  80|0x0000000441c00000, 0x0000000441c00000, 0x0000000442000000|  0%| F|  |TAMS 0x0000000441c00000| PB 0x0000000441c00000| Untracked 
|  81|0x0000000442000000, 0x0000000442000000, 0x0000000442400000|  0%| F|  |TAMS 0x0000000442000000| PB 0x0000000442000000| Untracked 
|  82|0x0000000442400000, 0x0000000442400000, 0x0000000442800000|  0%| F|  |TAMS 0x0000000442400000| PB 0x0000000442400000| Untracked 
|  83|0x0000000442800000, 0x0000000442800000, 0x0000000442c00000|  0%| F|  |TAMS 0x0000000442800000| PB 0x0000000442800000| Untracked 
|  84|0x0000000442c00000, 0x0000000442c00000, 0x0000000443000000|  0%| F|  |TAMS 0x0000000442c00000| PB 0x0000000442c00000| Untracked 
|  85|0x0000000443000000, 0x0000000443000000, 0x0000000443400000|  0%| F|  |TAMS 0x0000000443000000| PB 0x0000000443000000| Untracked 
|  86|0x0000000443400000, 0x0000000443400000, 0x0000000443800000|  0%| F|  |TAMS 0x0000000443400000| PB 0x0000000443400000| Untracked 
|  87|0x0000000443800000, 0x0000000443800000, 0x0000000443c00000|  0%| F|  |TAMS 0x0000000443800000| PB 0x0000000443800000| Untracked 
|  88|0x0000000443c00000, 0x0000000443c00000, 0x0000000444000000|  0%| F|  |TAMS 0x0000000443c00000| PB 0x0000000443c00000| Untracked 
|  89|0x0000000444000000, 0x0000000444000000, 0x0000000444400000|  0%| F|  |TAMS 0x0000000444000000| PB 0x0000000444000000| Untracked 
|  90|0x0000000444400000, 0x0000000444400000, 0x0000000444800000|  0%| F|  |TAMS 0x0000000444400000| PB 0x0000000444400000| Untracked 
|  91|0x0000000444800000, 0x0000000444800000, 0x0000000444c00000|  0%| F|  |TAMS 0x0000000444800000| PB 0x0000000444800000| Untracked 
|  92|0x0000000444c00000, 0x0000000444c00000, 0x0000000445000000|  0%| F|  |TAMS 0x0000000444c00000| PB 0x0000000444c00000| Untracked 
|  93|0x0000000445000000, 0x0000000445000000, 0x0000000445400000|  0%| F|  |TAMS 0x0000000445000000| PB 0x0000000445000000| Untracked 
|  94|0x0000000445400000, 0x0000000445400000, 0x0000000445800000|  0%| F|  |TAMS 0x0000000445400000| PB 0x0000000445400000| Untracked 
|  95|0x0000000445800000, 0x0000000445800000, 0x0000000445c00000|  0%| F|  |TAMS 0x0000000445800000| PB 0x0000000445800000| Untracked 
|  96|0x0000000445c00000, 0x0000000445c00000, 0x0000000446000000|  0%| F|  |TAMS 0x0000000445c00000| PB 0x0000000445c00000| Untracked 
|  97|0x0000000446000000, 0x0000000446000000, 0x0000000446400000|  0%| F|  |TAMS 0x0000000446000000| PB 0x0000000446000000| Untracked 
|  98|0x0000000446400000, 0x0000000446400000, 0x0000000446800000|  0%| F|  |TAMS 0x0000000446400000| PB 0x0000000446400000| Untracked 
|  99|0x0000000446800000, 0x0000000446800000, 0x0000000446c00000|  0%| F|  |TAMS 0x0000000446800000| PB 0x0000000446800000| Untracked 
| 100|0x0000000446c00000, 0x0000000446c00000, 0x0000000447000000|  0%| F|  |TAMS 0x0000000446c00000| PB 0x0000000446c00000| Untracked 
| 101|0x0000000447000000, 0x0000000447000000, 0x0000000447400000|  0%| F|  |TAMS 0x0000000447000000| PB 0x0000000447000000| Untracked 
| 102|0x0000000447400000, 0x0000000447400000, 0x0000000447800000|  0%| F|  |TAMS 0x0000000447400000| PB 0x0000000447400000| Untracked 
| 103|0x0000000447800000, 0x0000000447800000, 0x0000000447c00000|  0%| F|  |TAMS 0x0000000447800000| PB 0x0000000447800000| Untracked 
| 104|0x0000000447c00000, 0x0000000447c00000, 0x0000000448000000|  0%| F|  |TAMS 0x0000000447c00000| PB 0x0000000447c00000| Untracked 
| 105|0x0000000448000000, 0x0000000448000000, 0x0000000448400000|  0%| F|  |TAMS 0x0000000448000000| PB 0x0000000448000000| Untracked 
| 106|0x0000000448400000, 0x0000000448400000, 0x0000000448800000|  0%| F|  |TAMS 0x0000000448400000| PB 0x0000000448400000| Untracked 
| 107|0x0000000448800000, 0x0000000448800000, 0x0000000448c00000|  0%| F|  |TAMS 0x0000000448800000| PB 0x0000000448800000| Untracked 
| 108|0x0000000448c00000, 0x0000000448c00000, 0x0000000449000000|  0%| F|  |TAMS 0x0000000448c00000| PB 0x0000000448c00000| Untracked 
| 109|0x0000000449000000, 0x0000000449000000, 0x0000000449400000|  0%| F|  |TAMS 0x0000000449000000| PB 0x0000000449000000| Untracked 
| 110|0x0000000449400000, 0x0000000449400000, 0x0000000449800000|  0%| F|  |TAMS 0x0000000449400000| PB 0x0000000449400000| Untracked 
| 111|0x0000000449800000, 0x0000000449800000, 0x0000000449c00000|  0%| F|  |TAMS 0x0000000449800000| PB 0x0000000449800000| Untracked 
| 112|0x0000000449c00000, 0x0000000449c00000, 0x000000044a000000|  0%| F|  |TAMS 0x0000000449c00000| PB 0x0000000449c00000| Untracked 
| 113|0x000000044a000000, 0x000000044a000000, 0x000000044a400000|  0%| F|  |TAMS 0x000000044a000000| PB 0x000000044a000000| Untracked 
| 114|0x000000044a400000, 0x000000044a400000, 0x000000044a800000|  0%| F|  |TAMS 0x000000044a400000| PB 0x000000044a400000| Untracked 
| 115|0x000000044a800000, 0x000000044a800000, 0x000000044ac00000|  0%| F|  |TAMS 0x000000044a800000| PB 0x000000044a800000| Untracked 
| 116|0x000000044ac00000, 0x000000044ac00000, 0x000000044b000000|  0%| F|  |TAMS 0x000000044ac00000| PB 0x000000044ac00000| Untracked 
| 117|0x000000044b000000, 0x000000044b000000, 0x000000044b400000|  0%| F|  |TAMS 0x000000044b000000| PB 0x000000044b000000| Untracked 
| 118|0x000000044b400000, 0x000000044b5a5bc8, 0x000000044b800000| 41%| S|CS|TAMS 0x000000044b400000| PB 0x000000044b400000| Complete 
| 119|0x000000044b800000, 0x000000044baa8138, 0x000000044bc00000| 66%| E|  |TAMS 0x000000044b800000| PB 0x000000044b800000| Complete 
| 120|0x000000044bc00000, 0x000000044c000000, 0x000000044c000000|100%| E|CS|TAMS 0x000000044bc00000| PB 0x000000044bc00000| Complete 
| 121|0x000000044c000000, 0x000000044c400000, 0x000000044c400000|100%| E|CS|TAMS 0x000000044c000000| PB 0x000000044c000000| Complete 
| 122|0x000000044c400000, 0x000000044c800000, 0x000000044c800000|100%| E|CS|TAMS 0x000000044c400000| PB 0x000000044c400000| Complete 
| 123|0x000000044c800000, 0x000000044cc00000, 0x000000044cc00000|100%| E|CS|TAMS 0x000000044c800000| PB 0x000000044c800000| Complete 
| 124|0x000000044cc00000, 0x000000044d000000, 0x000000044d000000|100%| E|CS|TAMS 0x000000044cc00000| PB 0x000000044cc00000| Complete 
| 125|0x000000044d000000, 0x000000044d400000, 0x000000044d400000|100%| E|CS|TAMS 0x000000044d000000| PB 0x000000044d000000| Complete 
| 126|0x000000044d400000, 0x000000044d800000, 0x000000044d800000|100%| E|CS|TAMS 0x000000044d400000| PB 0x000000044d400000| Complete 

Card table byte_map: [0x0000018d1fd30000,0x0000018d20d10000] _byte_map_base: 0x0000018d1dbc2000

Marking Bits: (CMBitMap*) 0x0000018d0729c740
 Bits: [0x0000018d21cf0000, 0x0000018d29bc0000)

Polling page: 0x0000018d05160000

Metaspace:

Usage:
  Non-class:     13.49 MB used.
      Class:      1.78 MB used.
       Both:     15.26 MB used.

Virtual space:
  Non-class space:       64.00 MB reserved,      13.62 MB ( 21%) committed,  1 nodes.
      Class space:        1.00 GB reserved,       1.88 MB ( <1%) committed,  1 nodes.
             Both:        1.06 GB reserved,      15.50 MB (  1%) committed. 

Chunk freelists:
   Non-Class:  2.30 MB
       Class:  2.12 MB
        Both:  4.42 MB

MaxMetaspaceSize: unlimited
CompressedClassSpaceSize: 1.00 GB
Initial GC threshold: 21.00 MB
Current GC threshold: 21.00 MB
CDS: on
MetaspaceReclaimPolicy: balanced
 - commit_granule_bytes: 65536.
 - commit_granule_words: 8192.
 - virtual_space_node_default_size: 8388608.
 - enlarge_chunks_in_place: 1.
 - new_chunks_are_fully_committed: 0.
 - uncommit_free_chunks: 1.
 - use_allocation_guard: 0.


Internal statistics:

num_allocs_failed_limit: 0.
num_arena_births: 160.
num_arena_deaths: 0.
num_vsnodes_births: 2.
num_vsnodes_deaths: 0.
num_space_committed: 248.
num_space_uncommitted: 0.
num_chunks_returned_to_freelist: 0.
num_chunks_taken_from_freelist: 653.
num_chunk_merges: 0.
num_chunk_splits: 467.
num_chunks_enlarged: 381.
num_inconsistent_stats: 0.

CodeHeap 'non-profiled nmethods': size=119168Kb used=1185Kb max_used=1185Kb free=117982Kb
 bounds [0x0000018d16e50000, 0x0000018d170c0000, 0x0000018d1e2b0000]
CodeHeap 'profiled nmethods': size=119104Kb used=6184Kb max_used=6184Kb free=112919Kb
 bounds [0x0000018d0f2b0000, 0x0000018d0f8c0000, 0x0000018d16700000]
CodeHeap 'non-nmethods': size=7488Kb used=3160Kb max_used=3210Kb free=4327Kb
 bounds [0x0000018d16700000, 0x0000018d16a30000, 0x0000018d16e50000]
 total_blobs=3660 nmethods=3158 adapters=409
 compilation: enabled
              stopped_count=0, restarted_count=0
 full_count=0

Compilation events (20 events):
Event: 1.143 Thread 0x0000018d720622f0 3104   !   3       org.eclipse.sisu.inject.RankedBindings$Itr::hasNext (107 bytes)
Event: 1.143 Thread 0x0000018d721211a0 nmethod 3103 0x0000018d0f897690 code [0x0000018d0f897820, 0x0000018d0f8979f8]
Event: 1.143 Thread 0x0000018d72672e70 3105       3       java.lang.reflect.AccessibleObject::checkCanSetAccessible (9 bytes)
Event: 1.143 Thread 0x0000018d721211a0 3106       3       java.lang.reflect.AccessibleObject::checkCanSetAccessible (195 bytes)
Event: 1.143 Thread 0x0000018d72120c10 3107       3       java.lang.reflect.AccessibleObject::setAccessible0 (7 bytes)
Event: 1.143 Thread 0x0000018d72120c10 nmethod 3107 0x0000018d0f897b10 code [0x0000018d0f897ca0, 0x0000018d0f897db8]
Event: 1.143 Thread 0x0000018d72672e70 nmethod 3105 0x0000018d0f897e90 code [0x0000018d0f898020, 0x0000018d0f898158]
Event: 1.143 Thread 0x0000018d72120c10 3108       3       org.eclipse.sisu.inject.RankedSequence::safeBinarySearch (77 bytes)
Event: 1.143 Thread 0x0000018d72120c10 nmethod 3108 0x0000018d0f898210 code [0x0000018d0f8983c0, 0x0000018d0f898728]
Event: 1.144 Thread 0x0000018d720622f0 nmethod 3104 0x0000018d0f898890 code [0x0000018d0f898b20, 0x0000018d0f8999a8]
Event: 1.144 Thread 0x0000018d72061d60 3109       4       java.util.concurrent.locks.AbstractQueuedSynchronizer::compareAndSetState (13 bytes)
Event: 1.144 Thread 0x0000018d721211a0 nmethod 3106 0x0000018d0f89a090 code [0x0000018d0f89a400, 0x0000018d0f89ba50]
Event: 1.144 Thread 0x0000018d72061d60 nmethod 3109 0x0000018d16f73e90 code [0x0000018d16f74000, 0x0000018d16f740a0]
Event: 1.144 Thread 0x0000018d727b7790 nmethod 3102 0x0000018d16f74190 code [0x0000018d16f74320, 0x0000018d16f745a8]
Event: 1.144 Thread 0x0000018d720622f0 3110       1       com.google.inject.Key$AnnotationTypeStrategy::hasAttributes (2 bytes)
Event: 1.144 Thread 0x0000018d721211a0 3111       1       org.eclipse.sisu.inject.MildKeys$Weak::hashCode (5 bytes)
Event: 1.144 Thread 0x0000018d72bfe600 3112       4       java.util.concurrent.locks.ReentrantLock$Sync::tryRelease (51 bytes)
Event: 1.144 Thread 0x0000018d720622f0 nmethod 3110 0x0000018d16f74810 code [0x0000018d16f74980, 0x0000018d16f74a48]
Event: 1.144 Thread 0x0000018d721211a0 nmethod 3111 0x0000018d16f74b10 code [0x0000018d16f74c80, 0x0000018d16f74d48]
Event: 1.145 Thread 0x0000018d721211a0 3113       3       org.eclipse.sisu.inject.RankedSequence$Itr::next (47 bytes)

GC Heap History (4 events):
Event: 0.434 GC heap before
{Heap before GC invocations=0 (full 0):
 garbage-first heap   total 520192K, used 24576K [0x000000042dc00000, 0x0000000629000000)
  region size 4096K, 6 young (24576K), 0 survivors (0K)
 Metaspace       used 6013K, committed 6208K, reserved 1114112K
  class space    used 681K, committed 768K, reserved 1048576K
}
Event: 0.438 GC heap after
{Heap after GC invocations=1 (full 0):
 garbage-first heap   total 520192K, used 4096K [0x000000042dc00000, 0x0000000629000000)
  region size 4096K, 1 young (4096K), 1 survivors (4096K)
 Metaspace       used 6013K, committed 6208K, reserved 1114112K
  class space    used 681K, committed 768K, reserved 1048576K
}
Event: 0.765 GC heap before
{Heap before GC invocations=1 (full 0):
 garbage-first heap   total 520192K, used 32768K [0x000000042dc00000, 0x0000000629000000)
  region size 4096K, 8 young (32768K), 1 survivors (4096K)
 Metaspace       used 9556K, committed 9792K, reserved 1114112K
  class space    used 1115K, committed 1216K, reserved 1048576K
}
Event: 0.767 GC heap after
{Heap after GC invocations=2 (full 0):
 garbage-first heap   total 520192K, used 5485K [0x000000042dc00000, 0x0000000629000000)
  region size 4096K, 1 young (4096K), 1 survivors (4096K)
 Metaspace       used 9556K, committed 9792K, reserved 1114112K
  class space    used 1115K, committed 1216K, reserved 1048576K
}

Dll operation events (12 events):
Event: 0.004 Loaded shared library C:\Program Files\Java\jdk-20.0.2\bin\java.dll
Event: 0.016 Loaded shared library C:\Program Files\Java\jdk-20.0.2\bin\jsvml.dll
Event: 0.040 Loaded shared library C:\Program Files\Java\jdk-20.0.2\bin\zip.dll
Event: 0.041 Loaded shared library C:\Program Files\Java\jdk-20.0.2\bin\instrument.dll
Event: 0.043 Loaded shared library C:\Program Files\Java\jdk-20.0.2\bin\net.dll
Event: 0.044 Loaded shared library C:\Program Files\Java\jdk-20.0.2\bin\nio.dll
Event: 0.045 Loaded shared library C:\Program Files\Java\jdk-20.0.2\bin\zip.dll
Event: 0.051 Loaded shared library C:\Program Files\JetBrains\IntelliJ IDEA Community Edition 2023.2.1\bin\breakgen64.dll
Event: 0.056 Loaded shared library C:\Program Files\Java\jdk-20.0.2\bin\extnet.dll
Event: 0.100 Loaded shared library C:\Program Files\Java\jdk-20.0.2\bin\jimage.dll
Event: 0.186 Loaded shared library C:\Users\micha\AppData\Local\Temp\jansi-2.4.0-513b20cb891734cf-jansi.dll
Event: 0.194 Loaded shared library C:\Program Files\Java\jdk-20.0.2\bin\verify.dll

Deoptimization events (20 events):
Event: 1.062 Thread 0x0000018d071e9610 DEOPT PACKING pc=0x0000018d16f5bbe0 sp=0x00000006365fe620
Event: 1.062 Thread 0x0000018d071e9610 DEOPT UNPACKING pc=0x0000018d16769d22 sp=0x00000006365fe570 mode 2
Event: 1.064 Thread 0x0000018d071e9610 Uncommon trap: trap_request=0xffffffde fr.pc=0x0000018d16f5bbe0 relative=0x0000000000000860
Event: 1.064 Thread 0x0000018d071e9610 Uncommon trap: reason=class_check action=maybe_recompile pc=0x0000018d16f5bbe0 method=java.util.regex.Pattern$Start.match(Ljava/util/regex/Matcher;ILjava/lang/CharSequence;)Z @ 44 c2
Event: 1.064 Thread 0x0000018d071e9610 DEOPT PACKING pc=0x0000018d16f5bbe0 sp=0x00000006365fe700
Event: 1.064 Thread 0x0000018d071e9610 DEOPT UNPACKING pc=0x0000018d16769d22 sp=0x00000006365fe650 mode 2
Event: 1.080 Thread 0x0000018d071e9610 DEOPT PACKING pc=0x0000018d0f54d2f4 sp=0x00000006365fe340
Event: 1.080 Thread 0x0000018d071e9610 DEOPT UNPACKING pc=0x0000018d1676a4c2 sp=0x00000006365fd808 mode 0
Event: 1.097 Thread 0x0000018d071e9610 Uncommon trap: trap_request=0xfffffff4 fr.pc=0x0000018d16f4f2e8 relative=0x0000000000000848
Event: 1.097 Thread 0x0000018d071e9610 Uncommon trap: reason=null_check action=make_not_entrant pc=0x0000018d16f4f2e8 method=java.util.ArrayList.add(Ljava/lang/Object;[Ljava/lang/Object;I)V @ 14 c2
Event: 1.097 Thread 0x0000018d071e9610 DEOPT PACKING pc=0x0000018d16f4f2e8 sp=0x00000006365fdc00
Event: 1.097 Thread 0x0000018d071e9610 DEOPT UNPACKING pc=0x0000018d16769d22 sp=0x00000006365fdb68 mode 2
Event: 1.113 Thread 0x0000018d071e9610 Uncommon trap: trap_request=0xffffff45 fr.pc=0x0000018d16ede9a4 relative=0x0000000000000604
Event: 1.113 Thread 0x0000018d071e9610 Uncommon trap: reason=unstable_if action=reinterpret pc=0x0000018d16ede9a4 method=java.lang.String.replace(CC)Ljava/lang/String; @ 2 c2
Event: 1.114 Thread 0x0000018d071e9610 DEOPT PACKING pc=0x0000018d16ede9a4 sp=0x00000006365fdbd0
Event: 1.114 Thread 0x0000018d071e9610 DEOPT UNPACKING pc=0x0000018d16769d22 sp=0x00000006365fdb80 mode 2
Event: 1.127 Thread 0x0000018d071e9610 Uncommon trap: trap_request=0xffffff45 fr.pc=0x0000018d16eaea00 relative=0x0000000000000a20
Event: 1.127 Thread 0x0000018d071e9610 Uncommon trap: reason=unstable_if action=reinterpret pc=0x0000018d16eaea00 method=org.codehaus.plexus.util.xml.pull.MXParser.nextImpl()I @ 241 c2
Event: 1.127 Thread 0x0000018d071e9610 DEOPT PACKING pc=0x0000018d16eaea00 sp=0x00000006365fce20
Event: 1.127 Thread 0x0000018d071e9610 DEOPT UNPACKING pc=0x0000018d16769d22 sp=0x00000006365fcdb0 mode 2

Classes loaded (20 events):
Event: 1.086 Loading class java/util/ArrayList$SubList$1
Event: 1.086 Loading class java/util/ArrayList$SubList$1 done
Event: 1.116 Loading class java/math/BigDecimal
Event: 1.117 Loading class java/math/BigDecimal done
Event: 1.117 Loading class java/lang/Short$ShortCache
Event: 1.117 Loading class java/lang/Short$ShortCache done
Event: 1.117 Loading class java/lang/Byte$ByteCache
Event: 1.117 Loading class java/lang/Byte$ByteCache done
Event: 1.137 Loading class java/lang/ThreadLocal$SuppliedThreadLocal
Event: 1.137 Loading class java/lang/ThreadLocal$SuppliedThreadLocal done
Event: 1.141 Loading class java/util/concurrent/locks/ReentrantReadWriteLock$NonfairSync
Event: 1.141 Loading class java/util/concurrent/locks/ReentrantReadWriteLock$Sync
Event: 1.141 Loading class java/util/concurrent/locks/ReentrantReadWriteLock$Sync done
Event: 1.141 Loading class java/util/concurrent/locks/ReentrantReadWriteLock$NonfairSync done
Event: 1.142 Loading class java/util/concurrent/locks/ReentrantReadWriteLock$Sync$ThreadLocalHoldCounter
Event: 1.142 Loading class java/util/concurrent/locks/ReentrantReadWriteLock$Sync$ThreadLocalHoldCounter done
Event: 1.142 Loading class java/util/concurrent/locks/ReentrantReadWriteLock$ReadLock
Event: 1.142 Loading class java/util/concurrent/locks/ReentrantReadWriteLock$ReadLock done
Event: 1.142 Loading class java/util/concurrent/locks/ReentrantReadWriteLock$WriteLock
Event: 1.142 Loading class java/util/concurrent/locks/ReentrantReadWriteLock$WriteLock done

Classes unloaded (0 events):
No events

Classes redefined (0 events):
No events

Internal exceptions (20 events):
Event: 0.362 Thread 0x0000018d071e9610 Exception <a 'java/lang/NoSuchMethodError'{0x000000044c5d6cf8}: 'int java.lang.invoke.DirectMethodHandle$Holder.invokeSpecialIFC(java.lang.Object, java.lang.Object, java.lang.Object, java.lang.Object, java.lang.Object)'> (0x000000044c5d6cf8) 
thrown [s\open\src\hotspot\share\interpreter\linkResolver.cpp, line 773]
Event: 0.387 Thread 0x0000018d071e9610 Exception <a 'java/lang/NoSuchMethodError'{0x000000044c764610}: 'java.lang.Object java.lang.invoke.DirectMethodHandle$Holder.newInvokeSpecial(java.lang.Object, java.lang.Object, java.lang.Object, java.lang.Object, java.lang.Object)'> (0x000000044c764610) 
thrown [s\open\src\hotspot\share\interpreter\linkResolver.cpp, line 773]
Event: 0.401 Thread 0x0000018d071e9610 Exception <a 'java/lang/NoSuchMethodError'{0x000000044c060f10}: 'int java.lang.invoke.DirectMethodHandle$Holder.invokeStaticInit(java.lang.Object, java.lang.Object)'> (0x000000044c060f10) 
thrown [s\open\src\hotspot\share\interpreter\linkResolver.cpp, line 773]
Event: 0.405 Thread 0x0000018d071e9610 Exception <a 'java/lang/NoClassDefFoundError'{0x000000044c096610}: javax/enterprise/inject/Typed> (0x000000044c096610) 
thrown [s\open\src\hotspot\share\classfile\systemDictionary.cpp, line 294]
Event: 0.840 Thread 0x0000018d071e9610 Exception <a 'java/lang/NoSuchMethodError'{0x000000044d33b838}: 'void java.lang.invoke.DirectMethodHandle$Holder.invokeStaticInit(java.lang.Object, java.lang.Object, java.lang.Object)'> (0x000000044d33b838) 
thrown [s\open\src\hotspot\share\interpreter\linkResolver.cpp, line 773]
Event: 0.843 Thread 0x0000018d071e9610 Exception <a 'java/lang/ExceptionInInitializerError'{0x000000044d365de0}> (0x000000044d365de0) 
thrown [s\open\src\hotspot\share\oops\instanceKlass.cpp, line 1160]
Event: 0.856 Thread 0x0000018d071e9610 Exception <a 'java/lang/NoSuchMethodError'{0x000000044cc78428}: 'long java.lang.invoke.DirectMethodHandle$Holder.invokeStatic(java.lang.Object, java.lang.Object, int)'> (0x000000044cc78428) 
thrown [s\open\src\hotspot\share\interpreter\linkResolver.cpp, line 773]
Event: 0.857 Thread 0x0000018d071e9610 Exception <a 'java/lang/NoSuchMethodError'{0x000000044cc8b4c0}: 'java.lang.Object java.lang.invoke.DirectMethodHandle$Holder.invokeStatic(java.lang.Object, java.lang.Object, java.lang.Object, java.lang.Object, int)'> (0x000000044cc8b4c0) 
thrown [s\open\src\hotspot\share\interpreter\linkResolver.cpp, line 773]
Event: 0.857 Thread 0x0000018d071e9610 Exception <a 'java/lang/NoSuchMethodError'{0x000000044cc937d8}: 'java.lang.Object java.lang.invoke.DirectMethodHandle$Holder.invokeSpecial(java.lang.Object, java.lang.Object, java.lang.Object, java.lang.Object, long)'> (0x000000044cc937d8) 
thrown [s\open\src\hotspot\share\interpreter\linkResolver.cpp, line 773]
Event: 0.858 Thread 0x0000018d071e9610 Exception <a 'java/lang/NoSuchMethodError'{0x000000044cc9f2c8}: 'java.lang.Object java.lang.invoke.DirectMethodHandle$Holder.invokeSpecial(java.lang.Object, java.lang.Object, java.lang.Object, int, java.lang.Object)'> (0x000000044cc9f2c8) 
thrown [s\open\src\hotspot\share\interpreter\linkResolver.cpp, line 773]
Event: 0.859 Thread 0x0000018d071e9610 Exception <a 'java/lang/NoSuchMethodError'{0x000000044cca73e8}: 'int java.lang.invoke.DirectMethodHandle$Holder.invokeSpecial(java.lang.Object, java.lang.Object, java.lang.Object, int)'> (0x000000044cca73e8) 
thrown [s\open\src\hotspot\share\interpreter\linkResolver.cpp, line 773]
Event: 0.861 Thread 0x0000018d071e9610 Implicit null exception at 0x0000018d16ee941d to 0x0000018d16ee9574
Event: 0.863 Thread 0x0000018d071e9610 Exception <a 'java/lang/NoSuchMethodError'{0x000000044cccc188}: 'java.lang.Object java.lang.invoke.Invokers$Holder.invokeExact_MT(java.lang.Object, int, java.lang.Object)'> (0x000000044cccc188) 
thrown [s\open\src\hotspot\share\interpreter\linkResolver.cpp, line 773]
Event: 0.969 Thread 0x0000018d071e9610 Exception <a 'java/lang/NoSuchMethodError'{0x000000044c4eb6e0}: 'void java.lang.invoke.Invokers$Holder.invokeExact_MT(java.lang.Object, java.lang.Object, java.lang.Object, java.lang.Object)'> (0x000000044c4eb6e0) 
thrown [s\open\src\hotspot\share\interpreter\linkResolver.cpp, line 773]
Event: 0.977 Thread 0x0000018d071e9610 Exception <a 'java/lang/NoClassDefFoundError'{0x000000044c5771c8}: com/google/inject/servlet/ServletModuleTargetVisitor> (0x000000044c5771c8) 
thrown [s\open\src\hotspot\share\classfile\systemDictionary.cpp, line 294]
Event: 1.018 Thread 0x0000018d071e9610 Exception <a 'java/lang/NoSuchMethodError'{0x000000044c07b490}: 'void java.lang.invoke.DirectMethodHandle$Holder.invokeVirtual(java.lang.Object, java.lang.Object)'> (0x000000044c07b490) 
thrown [s\open\src\hotspot\share\interpreter\linkResolver.cpp, line 773]
Event: 1.035 Thread 0x0000018d071e9610 Exception <a 'java/lang/NoSuchMethodError'{0x000000044c1998f0}: 'java.lang.Object java.lang.invoke.DirectMethodHandle$Holder.invokeStaticInit(java.lang.Object, int, int, int, int)'> (0x000000044c1998f0) 
thrown [s\open\src\hotspot\share\interpreter\linkResolver.cpp, line 773]
Event: 1.097 Thread 0x0000018d071e9610 Implicit null exception at 0x0000018d16f4eb25 to 0x0000018d16f4f2d0
Event: 1.119 Thread 0x0000018d071e9610 Exception <a 'java/lang/NoSuchMethodError'{0x000000044bf71d30}: 'void java.lang.invoke.DirectMethodHandle$Holder.invokeVirtual(java.lang.Object, java.lang.Object, int)'> (0x000000044bf71d30) 
thrown [s\open\src\hotspot\share\interpreter\linkResolver.cpp, line 773]
Event: 1.119 Thread 0x0000018d071e9610 Exception <a 'java/lang/NoSuchMethodError'{0x000000044bf78d00}: 'void java.lang.invoke.DelegatingMethodHandle$Holder.reinvoke_L(java.lang.Object, java.lang.Object, int)'> (0x000000044bf78d00) 
thrown [s\open\src\hotspot\share\interpreter\linkResolver.cpp, line 773]

VM Operations (20 events):
Event: 0.928 Executing VM operation: ICBufferFull
Event: 0.929 Executing VM operation: ICBufferFull done
Event: 0.967 Executing VM operation: HandshakeAllThreads
Event: 0.967 Executing VM operation: HandshakeAllThreads done
Event: 1.028 Executing VM operation: HandshakeAllThreads
Event: 1.028 Executing VM operation: HandshakeAllThreads done
Event: 1.042 Executing VM operation: HandshakeAllThreads
Event: 1.042 Executing VM operation: HandshakeAllThreads done
Event: 1.042 Executing VM operation: ICBufferFull
Event: 1.042 Executing VM operation: ICBufferFull done
Event: 1.059 Executing VM operation: HandshakeAllThreads
Event: 1.059 Executing VM operation: HandshakeAllThreads done
Event: 1.080 Executing VM operation: HandshakeAllThreads
Event: 1.080 Executing VM operation: HandshakeAllThreads done
Event: 1.081 Executing VM operation: HandshakeAllThreads
Event: 1.081 Executing VM operation: HandshakeAllThreads done
Event: 1.141 Executing VM operation: HandshakeAllThreads
Event: 1.142 Executing VM operation: HandshakeAllThreads done
Event: 1.142 Executing VM operation: HandshakeAllThreads
Event: 1.142 Executing VM operation: HandshakeAllThreads done

Events (20 events):
Event: 0.021 Thread 0x0000018d72058390 Thread added: 0x0000018d72058390
Event: 0.022 Thread 0x0000018d72059190 Thread added: 0x0000018d72059190
Event: 0.022 Thread 0x0000018d7205f2e0 Thread added: 0x0000018d7205f2e0
Event: 0.022 Thread 0x0000018d7205caf0 Thread added: 0x0000018d7205caf0
Event: 0.022 Thread 0x0000018d7205d840 Thread added: 0x0000018d7205d840
Event: 0.022 Thread 0x0000018d72061d60 Thread added: 0x0000018d72061d60
Event: 0.022 Thread 0x0000018d720622f0 Thread added: 0x0000018d720622f0
Event: 0.024 Thread 0x0000018d72120c10 Thread added: 0x0000018d72120c10
Event: 0.025 Thread 0x0000018d721211a0 Thread added: 0x0000018d721211a0
Event: 0.031 Thread 0x0000018d72195450 Thread added: 0x0000018d72195450
Event: 0.052 Thread 0x0000018d722a4500 Thread added: 0x0000018d722a4500
Event: 0.052 Thread 0x0000018d722a4a50 Thread added: 0x0000018d722a4a50
Event: 0.063 Thread 0x0000018d722b86a0 Thread added: 0x0000018d722b86a0
Event: 0.264 Thread 0x0000018d72672e70 Thread added: 0x0000018d72672e70
Event: 0.267 Thread 0x0000018d727326d0 Thread added: 0x0000018d727326d0
Event: 0.411 Thread 0x0000018d727b7790 Thread added: 0x0000018d727b7790
Event: 0.419 Thread 0x0000018d72bfe600 Thread added: 0x0000018d72bfe600
Event: 0.419 Thread 0x0000018d728efc90 Thread added: 0x0000018d728efc90
Event: 0.427 Thread 0x0000018d7296bca0 Thread added: 0x0000018d7296bca0
Event: 0.427 Thread 0x0000018d73498220 Thread added: 0x0000018d73498220


Dynamic libraries:
0x00007ff6a9c90000 - 0x00007ff6a9c9e000 	C:\Program Files\Java\jdk-20.0.2\bin\java.exe
0x00007ffa22650000 - 0x00007ffa22867000 	C:\Windows\SYSTEM32\ntdll.dll
0x00007ffa20400000 - 0x00007ffa204c4000 	C:\Windows\System32\KERNEL32.DLL
0x00007ffa1fdc0000 - 0x00007ffa20166000 	C:\Windows\System32\KERNELBASE.dll
0x00007ffa20210000 - 0x00007ffa20321000 	C:\Windows\System32\ucrtbase.dll
0x00007ffa02c40000 - 0x00007ffa02c57000 	C:\Program Files\Java\jdk-20.0.2\bin\jli.dll
0x00007ffa01d70000 - 0x00007ffa01d8b000 	C:\Program Files\Java\jdk-20.0.2\bin\VCRUNTIME140.dll
0x00007ffa214f0000 - 0x00007ffa2169d000 	C:\Windows\System32\USER32.dll
0x00007ffa20170000 - 0x00007ffa20196000 	C:\Windows\System32\win32u.dll
0x00007ffa1ec30000 - 0x00007ffa1eec3000 	C:\Windows\WinSxS\amd64_microsoft.windows.common-controls_6595b64144ccf1df_6.0.22621.2361_none_2712ced57382f843\COMCTL32.dll
0x00007ffa22340000 - 0x00007ffa22369000 	C:\Windows\System32\GDI32.dll
0x00007ffa21820000 - 0x00007ffa218c7000 	C:\Windows\System32\msvcrt.dll
0x00007ffa1fc00000 - 0x00007ffa1fd18000 	C:\Windows\System32\gdi32full.dll
0x00007ffa1fd20000 - 0x00007ffa1fdba000 	C:\Windows\System32\msvcp_win.dll
0x00007ffa21fa0000 - 0x00007ffa21fd1000 	C:\Windows\System32\IMM32.DLL
0x00007ffa01f40000 - 0x00007ffa01f4c000 	C:\Program Files\Java\jdk-20.0.2\bin\vcruntime140_1.dll
0x00007ff9e9530000 - 0x00007ff9e95be000 	C:\Program Files\Java\jdk-20.0.2\bin\msvcp140.dll
0x00007ff98ab80000 - 0x00007ff98b818000 	C:\Program Files\Java\jdk-20.0.2\bin\server\jvm.dll
0x00007ffa21990000 - 0x00007ffa21a40000 	C:\Windows\System32\ADVAPI32.dll
0x00007ffa205b0000 - 0x00007ffa20656000 	C:\Windows\System32\sechost.dll
0x00007ffa21fe0000 - 0x00007ffa220f7000 	C:\Windows\System32\RPCRT4.dll
0x00007ffa16c10000 - 0x00007ffa16c19000 	C:\Windows\SYSTEM32\WSOCK32.dll
0x00007ffa19160000 - 0x00007ffa19194000 	C:\Windows\SYSTEM32\WINMM.dll
0x00007ffa14d90000 - 0x00007ffa14d9a000 	C:\Windows\SYSTEM32\VERSION.dll
0x00007ffa21340000 - 0x00007ffa213b1000 	C:\Windows\System32\WS2_32.dll
0x00007ffa1e170000 - 0x00007ffa1e188000 	C:\Windows\SYSTEM32\kernel.appcore.dll
0x00007ffa01c80000 - 0x00007ffa01c8a000 	C:\Program Files\Java\jdk-20.0.2\bin\jimage.dll
0x00007ffa1f360000 - 0x00007ffa1f58e000 	C:\Windows\SYSTEM32\DBGHELP.DLL
0x00007ffa21a50000 - 0x00007ffa21dda000 	C:\Windows\System32\combase.dll
0x00007ffa204d0000 - 0x00007ffa205a7000 	C:\Windows\System32\OLEAUT32.dll
0x00007ffa1f1c0000 - 0x00007ffa1f1f2000 	C:\Windows\SYSTEM32\dbgcore.DLL
0x00007ffa20330000 - 0x00007ffa203aa000 	C:\Windows\System32\bcryptPrimitives.dll
0x00007ffa16c30000 - 0x00007ffa16c3e000 	C:\Program Files\Java\jdk-20.0.2\bin\instrument.dll
0x00007ff9edc40000 - 0x00007ff9edc66000 	C:\Program Files\Java\jdk-20.0.2\bin\java.dll
0x00007ff9cddd0000 - 0x00007ff9cdea7000 	C:\Program Files\Java\jdk-20.0.2\bin\jsvml.dll
0x00007ffa20660000 - 0x00007ffa20eb8000 	C:\Windows\System32\SHELL32.dll
0x00007ffa1cef0000 - 0x00007ffa1d7e2000 	C:\Windows\SYSTEM32\windows.storage.dll
0x00007ffa1cdb0000 - 0x00007ffa1ceee000 	C:\Windows\SYSTEM32\wintypes.dll
0x00007ffa22370000 - 0x00007ffa22463000 	C:\Windows\System32\SHCORE.dll
0x00007ffa213c0000 - 0x00007ffa2141e000 	C:\Windows\System32\shlwapi.dll
0x00007ffa1f900000 - 0x00007ffa1f926000 	C:\Windows\SYSTEM32\profapi.dll
0x00007ff9ea420000 - 0x00007ff9ea438000 	C:\Program Files\Java\jdk-20.0.2\bin\zip.dll
0x00007ff9fa990000 - 0x00007ff9fa9a3000 	C:\Program Files\Java\jdk-20.0.2\bin\net.dll
0x00007ffa16910000 - 0x00007ffa16a47000 	C:\Windows\SYSTEM32\WINHTTP.dll
0x00007ffa1e830000 - 0x00007ffa1e899000 	C:\Windows\system32\mswsock.dll
0x00007ff9ec890000 - 0x00007ff9ec8a6000 	C:\Program Files\Java\jdk-20.0.2\bin\nio.dll
0x00007ffa138e0000 - 0x00007ffa138fa000 	C:\Program Files\JetBrains\IntelliJ IDEA Community Edition 2023.2.1\bin\breakgen64.dll
0x00007ffa00aa0000 - 0x00007ffa00aa7000 	C:\Program Files\Java\jdk-20.0.2\bin\extnet.dll
0x0000000069ac0000 - 0x0000000069ae4000 	C:\Users\micha\AppData\Local\Temp\jansi-2.4.0-513b20cb891734cf-jansi.dll
0x00007ff9edc30000 - 0x00007ff9edc40000 	C:\Program Files\Java\jdk-20.0.2\bin\verify.dll

dbghelp: loaded successfully - version: 4.0.5 - missing functions: none
symbol engine: initialized successfully - sym options: 0x614 - pdb path: .;C:\Program Files\Java\jdk-20.0.2\bin;C:\Windows\SYSTEM32;C:\Windows\WinSxS\amd64_microsoft.windows.common-controls_6595b64144ccf1df_6.0.22621.2361_none_2712ced57382f843;C:\Program Files\Java\jdk-20.0.2\bin\server;C:\Program Files\JetBrains\IntelliJ IDEA Community Edition 2023.2.1\bin;C:\Users\micha\AppData\Local\Temp

VM Arguments:
jvm_args: -Dmaven.multiModuleProjectDirectory=C:\Users\micha\Desktop\D\Edu\Java\SampleScrap -Djansi.passthrough=true -Dmaven.home=C:\Program Files\JetBrains\IntelliJ IDEA Community Edition 2023.2.1\plugins\maven\lib\maven3 -Dclassworlds.conf=C:\Program Files\JetBrains\IntelliJ IDEA Community Edition 2023.2.1\plugins\maven\lib\maven3\bin\m2.conf -Dmaven.ext.class.path=C:\Program Files\JetBrains\IntelliJ IDEA Community Edition 2023.2.1\plugins\maven\lib\maven-event-listener.jar -javaagent:C:\Program Files\JetBrains\IntelliJ IDEA Community Edition 2023.2.1\lib\idea_rt.jar=53890:C:\Program Files\JetBrains\IntelliJ IDEA Community Edition 2023.2.1\bin -Dfile.encoding=UTF-8 -Dsun.stdout.encoding=UTF-8 -Dsun.stderr.encoding=UTF-8 
java_command: org.codehaus.classworlds.Launcher -Didea.version=2023.2.1 clean
java_class_path (initial): C:\Program Files\JetBrains\IntelliJ IDEA Community Edition 2023.2.1\plugins\maven\lib\maven3\boot\plexus-classworlds-2.7.0.jar;C:\Program Files\JetBrains\IntelliJ IDEA Community Edition 2023.2.1\plugins\maven\lib\maven3\boot\plexus-classworlds.license
Launcher Type: SUN_STANDARD

[Global flags]
     intx CICompilerCount                          = 12                                        {product} {ergonomic}
     uint ConcGCThreads                            = 4                                         {product} {ergonomic}
     uint G1ConcRefinementThreads                  = 15                                        {product} {ergonomic}
   size_t G1HeapRegionSize                         = 4194304                                   {product} {ergonomic}
    uintx GCDrainStackTargetSize                   = 64                                        {product} {ergonomic}
   size_t InitialHeapSize                          = 532676608                                 {product} {ergonomic}
   size_t MarkStackSize                            = 4194304                                   {product} {ergonomic}
   size_t MaxHeapSize                              = 8510242816                                {product} {ergonomic}
   size_t MaxNewSize                               = 5104467968                                {product} {ergonomic}
   size_t MinHeapDeltaBytes                        = 4194304                                   {product} {ergonomic}
   size_t MinHeapSize                              = 8388608                                   {product} {ergonomic}
    uintx NonNMethodCodeHeapSize                   = 7602480                                {pd product} {ergonomic}
    uintx NonProfiledCodeHeapSize                  = 122027880                              {pd product} {ergonomic}
    uintx ProfiledCodeHeapSize                     = 122027880                              {pd product} {ergonomic}
    uintx ReservedCodeCacheSize                    = 251658240                              {pd product} {ergonomic}
     bool SegmentedCodeCache                       = true                                      {product} {ergonomic}
   size_t SoftMaxHeapSize                          = 8510242816                             {manageable} {ergonomic}
     bool UseCompressedClassPointers               = true                           {product lp64_product} {ergonomic}
     bool UseCompressedOops                        = true                           {product lp64_product} {ergonomic}
     bool UseG1GC                                  = true                                      {product} {ergonomic}
     bool UseLargePagesIndividualAllocation        = false                                  {pd product} {ergonomic}

Logging:
Log output configuration:
 #0: stdout all=warning uptime,level,tags foldmultilines=false
 #1: stderr all=off uptime,level,tags foldmultilines=false

Environment Variables:
PATH=C:\Windows\system32;C:\Windows;C:\Windows\System32\Wbem;C:\Windows\System32\WindowsPowerShell\v1.0\;C:\Windows\System32\OpenSSH\;C:\Program Files\dotnet\;C:\Program Files (x86)\NVIDIA Corporation\PhysX\Common;C:\Program Files\Git\cmd;C:\Program Files\MySQL\MySQL Shell 8.0\bin\;C:\Users\micha\AppData\Local\Microsoft\WindowsApps;C:\Users\micha\AppData\Local\Programs\Microsoft VS Code\bin;C:\Program Files\Java\jdk-20.0.2\bin;
USERNAME=micha
OS=Windows_NT
PROCESSOR_IDENTIFIER=Intel64 Family 6 Model 154 Stepping 3, GenuineIntel
TMP=C:\Users\micha\AppData\Local\Temp
TEMP=C:\Users\micha\AppData\Local\Temp




---------------  S Y S T E M  ---------------

OS:
 Windows 11 , 64 bit Build 22621 (10.0.22621.2428)
OS uptime: 0 days 3:30 hours
Hyper-V role detected

CPU: total 20 (initial active 20) (10 cores per cpu, 2 threads per core) family 6 model 154 stepping 3 microcode 0x42a, cx8, cmov, fxsr, ht, mmx, 3dnowpref, sse, sse2, sse3, ssse3, sse4.1, sse4.2, popcnt, lzcnt, tsc, tscinvbit, avx, avx2, aes, erms, clmul, bmi1, bmi2, adx, sha, fma, vzeroupper, clflush, clflushopt, clwb, hv, serialize, rdtscp, rdpid, fsrm, f16c, cet_ibt, cet_ss

Memory: 4k page, system-wide physical 32452M (16252M free)
TotalPageFile size 34500M (AvailPageFile size 11571M)
current process WorkingSet (physical memory assigned to process): 133M, peak: 135M
current process commit charge ("private bytes"): 669M, peak: 671M

vm_info: OpenJDK 64-Bit Server VM (20.0.2+9-78) for windows-amd64 JRE (20.0.2+9-78), built on 2023-06-14T10:08:48Z by "mach5one" with MS VC++ 17.1 (VS2022)

END.
