#
# A fatal error has been detected by the Java Runtime Environment:
#
#  EXCEPTION_ACCESS_VIOLATION (0xc0000005) at pc=0x00007ff98af404d0, pid=23716, tid=24144
#
# JRE version: OpenJDK Runtime Environment (20.0.2+9) (build 20.0.2+9-78)
# Java VM: OpenJDK 64-Bit Server VM (20.0.2+9-78, mixed mode, sharing, tiered, compressed oops, compressed class ptrs, g1 gc, windows-amd64)
# Problematic frame:
# V  [jvm.dll+0x3c04d0]
#
# No core dump will be written. Minidumps are not enabled by default on client versions of Windows
#
# If you would like to submit a bug report, please visit:
#   https://bugreport.java.com/bugreport/crash.jsp
#

---------------  S U M M A R Y ------------

Command Line: -Dmaven.multiModuleProjectDirectory=C:\Users\micha\Desktop\D\Edu\Java\SampleScrap -Djansi.passthrough=true -Dmaven.home=C:\Program Files\JetBrains\IntelliJ IDEA Community Edition 2023.2.1\plugins\maven\lib\maven3 -Dclassworlds.conf=C:\Program Files\JetBrains\IntelliJ IDEA Community Edition 2023.2.1\plugins\maven\lib\maven3\bin\m2.conf -Dmaven.ext.class.path=C:\Program Files\JetBrains\IntelliJ IDEA Community Edition 2023.2.1\plugins\maven\lib\maven-event-listener.jar -javaagent:C:\Program Files\JetBrains\IntelliJ IDEA Community Edition 2023.2.1\lib\idea_rt.jar=53902:C:\Program Files\JetBrains\IntelliJ IDEA Community Edition 2023.2.1\bin -Dfile.encoding=UTF-8 -Dsun.stdout.encoding=UTF-8 -Dsun.stderr.encoding=UTF-8 org.codehaus.classworlds.Launcher -Didea.version=2023.2.1 package

Host: 12th Gen Intel(R) Core(TM) i7-12700H, 20 cores, 31G,  Windows 11 , 64 bit Build 22621 (10.0.22621.2428)
Time: Sun Nov  5 18:31:42 2023 Central European Standard Time elapsed time: 3.933654 seconds (0d 0h 0m 3s)

---------------  T H R E A D  ---------------

Current thread (0x000001c9ffc5f990):  JavaThread "C2 CompilerThread0" daemon [_thread_in_native, id=24144, stack(0x0000006391500000,0x0000006391600000)]


Current CompileTask:
C2:   3933 7304       4       org.codehaus.plexus.interpolation.PrefixedValueSourceWrapper::getValue (39 bytes)

Stack: [0x0000006391500000,0x0000006391600000],  sp=0x00000063915fb930,  free space=1006k
Native frames: (J=compiled Java code, j=interpreted, Vv=VM code, C=native code)
V  [jvm.dll+0x3c04d0]
V  [jvm.dll+0x5c3b12]
V  [jvm.dll+0x5c432b]
V  [jvm.dll+0x1e6f29]
V  [jvm.dll+0x24b67b]
V  [jvm.dll+0x24a921]
V  [jvm.dll+0x1ce761]
V  [jvm.dll+0x25a0eb]
V  [jvm.dll+0x2587c0]
V  [jvm.dll+0x3f2dd5]
V  [jvm.dll+0x7f5c76]
V  [jvm.dll+0x6baecb]
C  [ucrtbase.dll+0x29363]
C  [KERNEL32.DLL+0x1257d]
C  [ntdll.dll+0x5aa78]


siginfo: EXCEPTION_ACCESS_VIOLATION (0xc0000005), reading address 0xffffffffffffffff


Registers:
RAX=0x0000000000000000, RBX=0x000000000000000c, RCX=0x0000000000000000, RDX=0x835b7ff98b732260
RSP=0x00000063915fb930, RBP=0x00007ff98b732260, RSI=0x000001c980bae450, RDI=0x00000063915fb988
R8 =0x0000000000000004, R9 =0x0000000000000004, R10=0x000001c980eaf0b8, R11=0x0000000000000588
R12=0x0000000000000000, R13=0x000001c98686c9d0, R14=0x0000000000000018, R15=0x000001c98618c460
RIP=0x00007ff98af404d0, EFLAGS=0x0000000000010246


Register to memory mapping:

RIP=0x00007ff98af404d0 jvm.dll
RAX=0x0 is NULL
RBX=0x000000000000000c is an unknown value
RCX=0x0 is NULL
RDX=0x835b7ff98b732260 is an unknown value
RSP=0x00000063915fb930 is pointing into the stack for thread: 0x000001c9ffc5f990
RBP=0x00007ff98b732260 jvm.dll
RSI=0x000001c980bae450 points into unknown readable memory: 0x0000000400000003 | 03 00 00 00 04 00 00 00
RDI=0x00000063915fb988 is pointing into the stack for thread: 0x000001c9ffc5f990
R8 =0x0000000000000004 is an unknown value
R9 =0x0000000000000004 is an unknown value
R10=0x000001c980eaf0b8 points into unknown readable memory: 0x0000000000000000 | 00 00 00 00 00 00 00 00
R11=0x0000000000000588 is an unknown value
R12=0x0 is NULL
R13=0x000001c98686c9d0 points into unknown readable memory: 0x0000000000000000 | 00 00 00 00 00 00 00 00
R14=0x0000000000000018 is an unknown value
R15=0x000001c98618c460 points into unknown readable memory: 0x0000000400000003 | 03 00 00 00 04 00 00 00


Top of Stack: (sp=0x00000063915fb930)
0x00000063915fb930:   000001c980bae450 00007ff98b732260
0x00000063915fb940:   000001c980bae450 00007ff98ac42e21
0x00000063915fb950:   0000000000000000 00007ff98b143b12
0x00000063915fb960:   0000000000000302 0000000000000004
0x00000063915fb970:   000001c980bae450 00007ff98af40f3d
0x00000063915fb980:   0000000000000000 0000000000000000
0x00000063915fb990:   0000000100000302 0000001f00000004
0x00000063915fb9a0:   835b7ff98b732260 000001c980bae240
0x00000063915fb9b0:   000001c980bae1a0 0000000000000001
0x00000063915fb9c0:   0000000000000008 000001c98683a6b0
0x00000063915fb9d0:   0000000000000001 000001c9856a7020
0x00000063915fb9e0:   0000000000000002 000001c980bae1a0
0x00000063915fb9f0:   0000000000000008 000001c9856a72f0
0x00000063915fba00:   00000063915fbc20 00007ff98b14432b
0x00000063915fba10:   00000063915fbc20 000001c9856a72f0
0x00000063915fba20:   000001c98686c9d0 00000063915fba70
0x00000063915fba30:   000001c9ffc60538 000001c980bae1a0
0x00000063915fba40:   0000000000000008 000001c9b9a13710
0x00000063915fba50:   000001c981331fd0 00000000002ba530
0x00000063915fba60:   000001c981338020 000001c981339fb8
0x00000063915fba70:   000001c900000040 000001c980efe078
0x00000063915fba80:   0000000000000040 000001c9b9a13710
0x00000063915fba90:   0000000000161130 000001c980e74ff0
0x00000063915fbaa0:   00000063915fc040 0000000000000001
0x00000063915fbab0:   000001c980e75000 0000000000000000
0x00000063915fbac0:   000001c980e753d8 00000063915fbbe0
0x00000063915fbad0:   00000063915fbf60 00007ff98ad66f29
0x00000063915fbae0:   00000063000001ea 0000006300000002
0x00000063915fbaf0:   000001c9856a7020 000001c9ffc60578
0x00000063915fbb00:   0000000000000000 0000000000000010
0x00000063915fbb10:   000001c9b9a09107 000001c980e74ff0
0x00000063915fbb20:   000001c9837a10d0 000001c9837a30c0 

Instructions: (pc=0x00007ff98af404d0)
0x00007ff98af403d0:   48 8b 8e c8 08 00 00 48 85 c9 75 0c e8 af 0a 00
0x00007ff98af403e0:   00 48 8b 8e c8 08 00 00 48 8b 01 0f 57 c0 48 89
0x00007ff98af403f0:   86 c8 08 00 00 0f 11 01 0f 11 41 10 0f 10 45 00
0x00007ff98af40400:   0f 11 01 0f 10 4d 10 0f 11 49 10 48 8b 43 08 49
0x00007ff98af40410:   89 0c 06 48 8d 0d 46 1e 7f 00 ff c7 ba 68 00 00
0x00007ff98af40420:   00 3b bb 90 00 00 00 0f 82 63 ff ff ff 4c 8b 74
0x00007ff98af40430:   24 60 4c 8b 64 24 58 48 8b 6c 24 50 48 8b c3 48
0x00007ff98af40440:   83 c4 20 41 5f 41 5d 5f 5e 5b c3 cc cc cc cc cc
0x00007ff98af40450:   48 89 74 24 18 57 48 83 ec 20 8b 51 0c 48 8b f9
0x00007ff98af40460:   83 fa 04 73 29 48 8b 49 18 0f 1f 80 00 00 00 00
0x00007ff98af40470:   8b c2 44 8d 4a 01 48 83 3c c1 00 4c 8d 14 c1 0f
0x00007ff98af40480:   85 91 00 00 00 41 8b d1 41 83 f9 04 72 e2 48 89
0x00007ff98af40490:   5c 24 30 8b 5f 10 48 89 6c 24 38 3b 5f 14 73 5f
0x00007ff98af404a0:   48 8d 2d b9 1d 7f 00 66 0f 1f 84 00 00 00 00 00
0x00007ff98af404b0:   48 8b 47 20 8b cb 48 8b 14 c8 48 3b d5 74 39 33
0x00007ff98af404c0:   c0 48 89 57 18 33 c9 66 0f 1f 84 00 00 00 00 00
0x00007ff98af404d0:   48 83 3c 11 00 44 8d 48 01 75 78 48 83 c1 08 41
0x00007ff98af404e0:   8b c1 41 83 f9 04 72 e8 48 8b 4f 28 48 85 c9 74
0x00007ff98af404f0:   07 8b d3 e8 58 01 00 00 ff c3 3b 5f 14 72 b1 33
0x00007ff98af40500:   c0 48 8b 5c 24 30 48 8b 6c 24 38 48 8b 74 24 40
0x00007ff98af40510:   48 83 c4 20 5f c3 8b 47 10 48 8b 74 24 40 44 8d
0x00007ff98af40520:   04 82 41 c1 e0 06 41 81 c0 00 ff ff ff 44 89 47
0x00007ff98af40530:   08 49 8b 12 48 0f bc c2 44 89 4f 0c 8b c8 48 d3
0x00007ff98af40540:   ea 48 ff ca 41 03 c0 48 89 17 89 47 08 48 83 c4
0x00007ff98af40550:   20 5f c3 8b c8 44 8d 04 98 41 c1 e0 06 8d 43 01
0x00007ff98af40560:   44 89 47 08 48 8b 14 ca 89 47 10 48 0f bc c2 44
0x00007ff98af40570:   89 4f 0c 8b c8 48 d3 ea 48 ff ca 41 03 c0 48 89
0x00007ff98af40580:   17 89 47 08 e9 78 ff ff ff cc cc cc cc cc cc cc
0x00007ff98af40590:   40 53 48 83 ec 20 65 48 8b 04 25 58 00 00 00 8b
0x00007ff98af405a0:   0d a3 49 83 00 48 8b 1c c8 b8 68 00 00 00 80 3c
0x00007ff98af405b0:   18 00 75 05 e8 67 68 4e 00 b8 28 00 00 00 48 8b
0x00007ff98af405c0:   04 18 48 8b 88 48 05 00 00 48 8b 99 80 00 00 00 


Stack slot to memory mapping:
stack at sp + 0 slots: 0x000001c980bae450 points into unknown readable memory: 0x0000000400000003 | 03 00 00 00 04 00 00 00
stack at sp + 1 slots: 0x00007ff98b732260 jvm.dll
stack at sp + 2 slots: 0x000001c980bae450 points into unknown readable memory: 0x0000000400000003 | 03 00 00 00 04 00 00 00
stack at sp + 3 slots: 0x00007ff98ac42e21 jvm.dll
stack at sp + 4 slots: 0x0 is NULL
stack at sp + 5 slots: 0x00007ff98b143b12 jvm.dll
stack at sp + 6 slots: 0x0000000000000302 is an unknown value
stack at sp + 7 slots: 0x0000000000000004 is an unknown value


---------------  P R O C E S S  ---------------

Threads class SMR info:
_java_thread_list=0x000001c982877490, length=22, elements={
0x000001c994c2a6c0, 0x000001c9ffc58440, 0x000001c9ffc59240, 0x000001c9ffc5a040,
0x000001c9ffc5daa0, 0x000001c9ffc5e3e0, 0x000001c9ffc5ed20, 0x000001c9ffc5f990,
0x000001c9ffc62320, 0x000001c9ffd20cf0, 0x000001c9ffd2b2b0, 0x000001c9ffe14760,
0x000001c9ffe9c930, 0x000001c9ffe9ce80, 0x000001c9ffe86f30, 0x000001c9802ee7c0,
0x000001c9803cc010, 0x000001c9803f8d00, 0x000001c980d829d0, 0x000001c980d83770,
0x000001c9805f5060, 0x000001c9805f55f0
}

Java Threads: ( => current thread )
  0x000001c994c2a6c0 JavaThread "main" [_thread_blocked, id=24032, stack(0x0000006390800000,0x0000006390900000)]
  0x000001c9ffc58440 JavaThread "Reference Handler" daemon [_thread_blocked, id=24096, stack(0x0000006390f00000,0x0000006391000000)]
  0x000001c9ffc59240 JavaThread "Finalizer" daemon [_thread_blocked, id=24164, stack(0x0000006391000000,0x0000006391100000)]
  0x000001c9ffc5a040 JavaThread "Signal Dispatcher" daemon [_thread_blocked, id=20604, stack(0x0000006391100000,0x0000006391200000)]
  0x000001c9ffc5daa0 JavaThread "Attach Listener" daemon [_thread_blocked, id=24092, stack(0x0000006391200000,0x0000006391300000)]
  0x000001c9ffc5e3e0 JavaThread "Service Thread" daemon [_thread_blocked, id=24172, stack(0x0000006391300000,0x0000006391400000)]
  0x000001c9ffc5ed20 JavaThread "Monitor Deflation Thread" daemon [_thread_blocked, id=15676, stack(0x0000006391400000,0x0000006391500000)]
=>0x000001c9ffc5f990 JavaThread "C2 CompilerThread0" daemon [_thread_in_native, id=24144, stack(0x0000006391500000,0x0000006391600000)]
  0x000001c9ffc62320 JavaThread "C1 CompilerThread0" daemon [_thread_blocked, id=24056, stack(0x0000006391600000,0x0000006391700000)]
  0x000001c9ffd20cf0 JavaThread "C1 CompilerThread1" daemon [_thread_in_native, id=23992, stack(0x0000006391700000,0x0000006391800000)]
  0x000001c9ffd2b2b0 JavaThread "C1 CompilerThread2" daemon [_thread_in_vm, id=23984, stack(0x0000006391800000,0x0000006391900000)]
  0x000001c9ffe14760 JavaThread "Common-Cleaner" daemon [_thread_blocked, id=24000, stack(0x0000006391900000,0x0000006391a00000)]
  0x000001c9ffe9c930 JavaThread "Monitor Ctrl-Break" daemon [_thread_in_native, id=24048, stack(0x0000006391a00000,0x0000006391b00000)]
  0x000001c9ffe9ce80 JavaThread "Notification Thread" daemon [_thread_blocked, id=24132, stack(0x0000006391b00000,0x0000006391c00000)]
  0x000001c9ffe86f30 JavaThread "C2 CompilerThread1" daemon [_thread_in_native, id=24084, stack(0x0000006391d00000,0x0000006391e00000)]
  0x000001c9802ee7c0 JavaThread "C1 CompilerThread3" daemon [_thread_in_native, id=23996, stack(0x0000006391e00000,0x0000006391f00000)]
  0x000001c9803cc010 JavaThread "C2 CompilerThread2" daemon [_thread_in_native, id=24036, stack(0x0000006391f00000,0x0000006392000000)]
  0x000001c9803f8d00 JavaThread "C2 CompilerThread3" daemon [_thread_in_native, id=24088, stack(0x0000006392000000,0x0000006392100000)]
  0x000001c980d829d0 JavaThread "C2 CompilerThread4" daemon [_thread_in_native, id=24152, stack(0x0000006392100000,0x0000006392200000)]
  0x000001c980d83770 JavaThread "C2 CompilerThread5" daemon [_thread_in_native, id=24112, stack(0x0000006392200000,0x0000006392300000)]
  0x000001c9805f5060 JavaThread "C2 CompilerThread6" daemon [_thread_in_native, id=24168, stack(0x0000006392300000,0x0000006392400000)]
  0x000001c9805f55f0 JavaThread "C2 CompilerThread7" daemon [_thread_in_native, id=23824, stack(0x0000006392400000,0x0000006392500000)]

Other Threads:
  0x000001c9b9a15c80 VMThread "VM Thread" [stack: 0x0000006390e00000,0x0000006390f00000] [id=24104]
  0x000001c994c2c6f0 WatcherThread "VM Periodic Task Thread" [stack: 0x0000006391c00000,0x0000006391d00000] [id=24128]
  0x000001c994cdc030 WorkerThread "GC Thread#0" [stack: 0x0000006390900000,0x0000006390a00000] [id=24024]
  0x000001c9b9a14060 WorkerThread "GC Thread#1" [stack: 0x0000006392500000,0x0000006392600000] [id=24016]
  0x000001c9b9a15140 WorkerThread "GC Thread#2" [stack: 0x0000006392600000,0x0000006392700000] [id=24044]
  0x000001c9b9a156e0 WorkerThread "GC Thread#3" [stack: 0x0000006392700000,0x0000006392800000] [id=24156]
  0x000001c9b9a14600 WorkerThread "GC Thread#4" [stack: 0x0000006392800000,0x0000006392900000] [id=23928]
  0x000001c9b9a14ba0 WorkerThread "GC Thread#5" [stack: 0x0000006392900000,0x0000006392a00000] [id=23664]
  0x000001c9b9a14e70 WorkerThread "GC Thread#6" [stack: 0x0000006392a00000,0x0000006392b00000] [id=24360]
  0x000001c981033a80 WorkerThread "GC Thread#7" [stack: 0x0000006392b00000,0x0000006392c00000] [id=24384]
  0x000001c981031320 WorkerThread "GC Thread#8" [stack: 0x0000006392c00000,0x0000006392d00000] [id=24020]
  0x000001c981030d80 WorkerThread "GC Thread#9" [stack: 0x0000006392d00000,0x0000006392e00000] [id=24160]
  0x000001c9810334e0 WorkerThread "GC Thread#10" [stack: 0x0000006392e00000,0x0000006392f00000] [id=23936]
  0x000001c9810307e0 WorkerThread "GC Thread#11" [stack: 0x0000006392f00000,0x0000006393000000] [id=23948]
  0x000001c9810318c0 WorkerThread "GC Thread#12" [stack: 0x0000006393000000,0x0000006393100000] [id=24488]
  0x000001c981032c70 WorkerThread "GC Thread#13" [stack: 0x0000006393100000,0x0000006393200000] [id=22560]
  0x000001c981031b90 WorkerThread "GC Thread#14" [stack: 0x0000006393200000,0x0000006393300000] [id=21776]
  0x000001c994cece70 ConcurrentGCThread "G1 Main Marker" [stack: 0x0000006390a00000,0x0000006390b00000] [id=24028]
  0x000001c994ced8a0 WorkerThread "G1 Conc#0" [stack: 0x0000006390b00000,0x0000006390c00000] [id=24012]
  0x000001c9810329a0 WorkerThread "G1 Conc#1" [stack: 0x0000006393300000,0x0000006393400000] [id=23204]
  0x000001c981033210 WorkerThread "G1 Conc#2" [stack: 0x0000006393400000,0x0000006393500000] [id=24528]
  0x000001c982904650 WorkerThread "G1 Conc#3" [stack: 0x0000006393500000,0x0000006393600000] [id=19860]
  0x000001c9b98d21b0 ConcurrentGCThread "G1 Refine#0" [stack: 0x0000006390c00000,0x0000006390d00000] [id=23988]
  0x000001c9b98d2c50 ConcurrentGCThread "G1 Service" [stack: 0x0000006390d00000,0x0000006390e00000] [id=24100]

Threads with active compile tasks:
C2 CompilerThread0     3957 7304       4       org.codehaus.plexus.interpolation.PrefixedValueSourceWrapper::getValue (39 bytes)
C1 CompilerThread1     3957 7590       3       sun.security.provider.ByteArrayAccess::b2iBig64 (231 bytes)
C2 CompilerThread1     3957 7596       4       org.apache.maven.repository.internal.ArtifactDescriptorReaderDelegate::convert (205 bytes)
C1 CompilerThread3     3957 7599       3       org.jetbrains.maven.server.EventInfoPrinter::printMavenEventInfo (37 bytes)
C2 CompilerThread2     3957 7305       4       org.codehaus.plexus.interpolation.AbstractDelegatingValueSource::getValue (11 bytes)
C2 CompilerThread3     3957 7559   !   4       sun.net.www.ParseUtil::decode (349 bytes)
C2 CompilerThread4     3957 7586       4       sun.nio.fs.WindowsPath::<init> (26 bytes)
C2 CompilerThread5     3957 7329   !   4       org.codehaus.plexus.interpolation.reflection.ReflectionValueExtractor::getPropertyValue (114 bytes)
C2 CompilerThread6     3957 7377       4       org.codehaus.plexus.util.xml.Xpp3DomBuilder::build (413 bytes)
C2 CompilerThread7     3957 7594       4       java.util.ArrayList::listIterator (10 bytes)

VM state: not at safepoint (normal execution)

VM Mutex/Monitor currently owned by a thread: None

Heap address: 0x0000000604c00000, size: 8116 MB, Compressed Oops mode: Zero based, Oop shift amount: 3

CDS archive(s) mapped at: [0x000001c9bac00000-0x000001c9bb860000-0x000001c9bb860000), size 12976128, SharedBaseAddress: 0x000001c9bac00000, ArchiveRelocationMode: 1.
Compressed class space mapped at: 0x000001c9bbc00000-0x000001c9fbc00000, reserved size: 1073741824
Narrow klass base: 0x000001c9bac00000, Narrow klass shift: 0, Narrow klass range: 0x100000000

GC Precious Log:
 CardTable entry size: 512
 Card Set container configuration: InlinePtr #cards 4 size 8 Array Of Cards #cards 32 size 80 Howl #buckets 8 coarsen threshold 7372 Howl Bitmap #cards 1024 size 144 coarsen threshold 921 Card regions per heap region 1 cards per card region 8192
 CPUs: 20 total, 20 available
 Memory: 32452M
 Large Page Support: Disabled
 NUMA Support: Disabled
 Compressed Oops: Enabled (Zero based)
 Heap Region Size: 4M
 Heap Min Capacity: 8M
 Heap Initial Capacity: 508M
 Heap Max Capacity: 8116M
 Pre-touch: Disabled
 Parallel Workers: 15
 Concurrent Workers: 4
 Concurrent Refinement Workers: 15
 Periodic GC: Disabled

Heap:
 garbage-first heap   total 118784K, used 75515K [0x0000000604c00000, 0x0000000800000000)
  region size 4096K, 13 young (53248K), 3 survivors (12288K)
 Metaspace       used 30774K, committed 31104K, reserved 1114112K
  class space    used 3385K, committed 3520K, reserved 1048576K

Heap Regions: E=young(eden), S=young(survivor), O=old, HS=humongous(starts), HC=humongous(continues), CS=collection set, F=free, OA=open archive, CA=closed archive, TAMS=top-at-mark-start, PB=parsable bottom
|   0|0x0000000604c00000, 0x0000000605000000, 0x0000000605000000|100%| O|  |TAMS 0x0000000604c00000| PB 0x0000000604c00000| Untracked 
|   1|0x0000000605000000, 0x0000000605400000, 0x0000000605400000|100%| O|  |TAMS 0x0000000605000000| PB 0x0000000605000000| Untracked 
|   2|0x0000000605400000, 0x0000000605800000, 0x0000000605800000|100%| O|  |TAMS 0x0000000605400000| PB 0x0000000605400000| Untracked 
|   3|0x0000000605800000, 0x0000000605c00000, 0x0000000605c00000|100%| O|  |TAMS 0x0000000605800000| PB 0x0000000605800000| Untracked 
|   4|0x0000000605c00000, 0x0000000605dbec00, 0x0000000606000000| 43%| O|  |TAMS 0x0000000605c00000| PB 0x0000000605c00000| Untracked 
|   5|0x0000000606000000, 0x0000000606000000, 0x0000000606400000|  0%| F|  |TAMS 0x0000000606000000| PB 0x0000000606000000| Untracked 
|   6|0x0000000606400000, 0x0000000606400000, 0x0000000606800000|  0%| F|  |TAMS 0x0000000606400000| PB 0x0000000606400000| Untracked 
|   7|0x0000000606800000, 0x0000000606c00000, 0x0000000606c00000|100%| S|CS|TAMS 0x0000000606800000| PB 0x0000000606800000| Complete 
|   8|0x0000000606c00000, 0x0000000607000000, 0x0000000607000000|100%| S|CS|TAMS 0x0000000606c00000| PB 0x0000000606c00000| Complete 
|   9|0x0000000607000000, 0x0000000607000000, 0x0000000607400000|  0%| F|  |TAMS 0x0000000607000000| PB 0x0000000607000000| Untracked 
|  10|0x0000000607400000, 0x0000000607800000, 0x0000000607800000|100%| S|CS|TAMS 0x0000000607400000| PB 0x0000000607400000| Complete 
|  11|0x0000000607800000, 0x0000000607800000, 0x0000000607c00000|  0%| F|  |TAMS 0x0000000607800000| PB 0x0000000607800000| Untracked 
|  12|0x0000000607c00000, 0x0000000607c00000, 0x0000000608000000|  0%| F|  |TAMS 0x0000000607c00000| PB 0x0000000607c00000| Untracked 
|  13|0x0000000608000000, 0x0000000608000000, 0x0000000608400000|  0%| F|  |TAMS 0x0000000608000000| PB 0x0000000608000000| Untracked 
|  14|0x0000000608400000, 0x0000000608400000, 0x0000000608800000|  0%| F|  |TAMS 0x0000000608400000| PB 0x0000000608400000| Untracked 
|  15|0x0000000608800000, 0x0000000608800000, 0x0000000608c00000|  0%| F|  |TAMS 0x0000000608800000| PB 0x0000000608800000| Untracked 
|  16|0x0000000608c00000, 0x0000000608c00000, 0x0000000609000000|  0%| F|  |TAMS 0x0000000608c00000| PB 0x0000000608c00000| Untracked 
|  17|0x0000000609000000, 0x000000060935e830, 0x0000000609400000| 84%| E|  |TAMS 0x0000000609000000| PB 0x0000000609000000| Complete 
|  18|0x0000000609400000, 0x0000000609800000, 0x0000000609800000|100%| E|CS|TAMS 0x0000000609400000| PB 0x0000000609400000| Complete 
|  19|0x0000000609800000, 0x0000000609c00000, 0x0000000609c00000|100%| E|CS|TAMS 0x0000000609800000| PB 0x0000000609800000| Complete 
|  20|0x0000000609c00000, 0x000000060a000000, 0x000000060a000000|100%| E|CS|TAMS 0x0000000609c00000| PB 0x0000000609c00000| Complete 
|  73|0x0000000617000000, 0x0000000617400000, 0x0000000617400000|100%| E|CS|TAMS 0x0000000617000000| PB 0x0000000617000000| Complete 
|  74|0x0000000617400000, 0x0000000617800000, 0x0000000617800000|100%| E|CS|TAMS 0x0000000617400000| PB 0x0000000617400000| Complete 
|  75|0x0000000617800000, 0x0000000617c00000, 0x0000000617c00000|100%| E|CS|TAMS 0x0000000617800000| PB 0x0000000617800000| Complete 
|  76|0x0000000617c00000, 0x0000000618000000, 0x0000000618000000|100%| E|CS|TAMS 0x0000000617c00000| PB 0x0000000617c00000| Complete 
|  77|0x0000000618000000, 0x0000000618400000, 0x0000000618400000|100%| E|CS|TAMS 0x0000000618000000| PB 0x0000000618000000| Complete 
| 126|0x0000000624400000, 0x0000000624800000, 0x0000000624800000|100%| E|CS|TAMS 0x0000000624400000| PB 0x0000000624400000| Complete 
|2027|0x00000007ff800000, 0x00000007ffc00000, 0x00000007ffc00000|100%| O|  |TAMS 0x00000007ff800000| PB 0x00000007ff800000| Untracked 
|2028|0x00000007ffc00000, 0x0000000800000000, 0x0000000800000000|100%| O|  |TAMS 0x00000007ffc00000| PB 0x00000007ffc00000| Untracked 

Card table byte_map: [0x000001c9ad770000,0x000001c9ae750000] _byte_map_base: 0x000001c9aa74a000

Marking Bits: (CMBitMap*) 0x000001c994cdc660
 Bits: [0x000001c9af730000, 0x000001c9b7600000)

Polling page: 0x000001c9943f0000

Metaspace:

Usage:
  Non-class:     26.75 MB used.
      Class:      3.31 MB used.
       Both:     30.05 MB used.

Virtual space:
  Non-class space:       64.00 MB reserved,      26.94 MB ( 42%) committed,  1 nodes.
      Class space:        1.00 GB reserved,       3.44 MB ( <1%) committed,  1 nodes.
             Both:        1.06 GB reserved,      30.38 MB (  3%) committed. 

Chunk freelists:
   Non-Class:  460.00 KB
       Class:  590.00 KB
        Both:  1.03 MB

MaxMetaspaceSize: unlimited
CompressedClassSpaceSize: 1.00 GB
Initial GC threshold: 21.00 MB
Current GC threshold: 35.31 MB
CDS: on
MetaspaceReclaimPolicy: balanced
 - commit_granule_bytes: 65536.
 - commit_granule_words: 8192.
 - virtual_space_node_default_size: 8388608.
 - enlarge_chunks_in_place: 1.
 - new_chunks_are_fully_committed: 0.
 - uncommit_free_chunks: 1.
 - use_allocation_guard: 0.


Internal statistics:

num_allocs_failed_limit: 3.
num_arena_births: 330.
num_arena_deaths: 0.
num_vsnodes_births: 2.
num_vsnodes_deaths: 0.
num_space_committed: 486.
num_space_uncommitted: 0.
num_chunks_returned_to_freelist: 3.
num_chunks_taken_from_freelist: 1371.
num_chunk_merges: 3.
num_chunk_splits: 987.
num_chunks_enlarged: 790.
num_inconsistent_stats: 0.

CodeHeap 'non-profiled nmethods': size=119168Kb used=4278Kb max_used=4278Kb free=114889Kb
 bounds [0x000001c9a4890000, 0x000001c9a4cc0000, 0x000001c9abcf0000]
CodeHeap 'profiled nmethods': size=119104Kb used=16549Kb max_used=16549Kb free=102554Kb
 bounds [0x000001c99ccf0000, 0x000001c99dd20000, 0x000001c9a4140000]
CodeHeap 'non-nmethods': size=7488Kb used=3235Kb max_used=3283Kb free=4252Kb
 bounds [0x000001c9a4140000, 0x000001c9a4480000, 0x000001c9a4890000]
 total_blobs=8140 nmethods=7584 adapters=461
 compilation: enabled
              stopped_count=0, restarted_count=0
 full_count=0

Compilation events (20 events):
Event: 3.895 Thread 0x000001c9ffd2b2b0 nmethod 7557 0x000001c99dcf9910 code [0x000001c99dcf9b40, 0x000001c99dcfa368]
Event: 3.895 Thread 0x000001c9ffd20cf0 nmethod 7556 0x000001c99dcfa690 code [0x000001c99dcfa8e0, 0x000001c99dcfb2e0]
Event: 3.895 Thread 0x000001c980d829d0 nmethod 7524 0x000001c9a4caeb90 code [0x000001c9a4caed20, 0x000001c9a4caf058]
Event: 3.896 Thread 0x000001c9805f55f0 nmethod 7294 0x000001c9a4caf210 code [0x000001c9a4caf380, 0x000001c9a4caf598]
Event: 3.896 Thread 0x000001c980d829d0 7555       4       jdk.internal.jimage.BasicImageReader::verifyLocation (39 bytes)
Event: 3.897 Thread 0x000001c9805f55f0 7554       4       jdk.internal.jimage.ImageReader::verifyLocation (14 bytes)
Event: 3.900 Thread 0x000001c9ffc62320 nmethod 7558 0x000001c99dcfb690 code [0x000001c99dcfbd40, 0x000001c99dcff780]
Event: 3.922 Thread 0x000001c9803f8d00 nmethod 7553 0x000001c9a4caf690 code [0x000001c9a4caf880, 0x000001c9a4cb0370]
Event: 3.922 Thread 0x000001c980d829d0 nmethod 7555 0x000001c9a4cb0f90 code [0x000001c9a4cb1180, 0x000001c9a4cb1b78]
Event: 3.922 Thread 0x000001c9ffe86f30 nmethod 7436 0x000001c9a4cb2710 code [0x000001c9a4cb2b60, 0x000001c9a4cb72f0]
Event: 3.923 Thread 0x000001c9ffc62320 7560       3       java.lang.invoke.VarHandleByteArrayAsInts$ArrayHandle::index (12 bytes)
Event: 3.923 Thread 0x000001c9ffd2b2b0 7561       3       java.lang.invoke.VarHandleGuards::guard_LI_I (78 bytes)
Event: 3.923 Thread 0x000001c9802ee7c0 7562       3       java.lang.invoke.VarHandleByteArrayAsInts$ArrayHandle::get (36 bytes)
Event: 3.924 Thread 0x000001c9ffc62320 nmethod 7560 0x000001c99dd00b10 code [0x000001c99dd00ca0, 0x000001c99dd00de8]
Event: 3.924 Thread 0x000001c9802ee7c0 nmethod 7562 0x000001c99dd00f10 code [0x000001c99dd010c0, 0x000001c99dd014e8]
Event: 3.925 Thread 0x000001c9805f55f0 nmethod 7554 0x000001c9a4cb9e10 code [0x000001c9a4cba000, 0x000001c9a4cbaa38]
Event: 3.925 Thread 0x000001c980d829d0 7563       4       org.codehaus.plexus.classworlds.realm.ClassRealm::getImportClassLoader (47 bytes)
Event: 3.925 Thread 0x000001c9803f8d00 7559   !   4       sun.net.www.ParseUtil::decode (349 bytes)
Event: 3.926 Thread 0x000001c9ffd2b2b0 nmethod 7561 0x000001c99dd01690 code [0x000001c99dd019a0, 0x000001c99dd03340]
Event: 3.931 Thread 0x000001c9805f55f0 7565       4       java.lang.StringCoding::hasNegatives (16 bytes)

GC Heap History (12 events):
Event: 0.432 GC heap before
{Heap before GC invocations=0 (full 0):
 garbage-first heap   total 520192K, used 24576K [0x0000000604c00000, 0x0000000800000000)
  region size 4096K, 6 young (24576K), 0 survivors (0K)
 Metaspace       used 6014K, committed 6208K, reserved 1114112K
  class space    used 681K, committed 768K, reserved 1048576K
}
Event: 0.436 GC heap after
{Heap after GC invocations=1 (full 0):
 garbage-first heap   total 520192K, used 4096K [0x0000000604c00000, 0x0000000800000000)
  region size 4096K, 1 young (4096K), 1 survivors (4096K)
 Metaspace       used 6014K, committed 6208K, reserved 1114112K
  class space    used 681K, committed 768K, reserved 1048576K
}
Event: 0.829 GC heap before
{Heap before GC invocations=1 (full 0):
 garbage-first heap   total 520192K, used 36864K [0x0000000604c00000, 0x0000000800000000)
  region size 4096K, 9 young (36864K), 1 survivors (4096K)
 Metaspace       used 10420K, committed 10560K, reserved 1114112K
  class space    used 1224K, committed 1280K, reserved 1048576K
}
Event: 0.832 GC heap after
{Heap after GC invocations=2 (full 0):
 garbage-first heap   total 520192K, used 5864K [0x0000000604c00000, 0x0000000800000000)
  region size 4096K, 2 young (8192K), 2 survivors (8192K)
 Metaspace       used 10420K, committed 10560K, reserved 1114112K
  class space    used 1224K, committed 1280K, reserved 1048576K
}
Event: 2.337 GC heap before
{Heap before GC invocations=2 (full 0):
 garbage-first heap   total 520192K, used 194280K [0x0000000604c00000, 0x0000000800000000)
  region size 4096K, 49 young (200704K), 2 survivors (8192K)
 Metaspace       used 21212K, committed 21504K, reserved 1114112K
  class space    used 2356K, committed 2496K, reserved 1048576K
}
Event: 2.342 GC heap after
{Heap after GC invocations=3 (full 0):
 garbage-first heap   total 520192K, used 17934K [0x0000000604c00000, 0x0000000800000000)
  region size 4096K, 5 young (20480K), 5 survivors (20480K)
 Metaspace       used 21212K, committed 21504K, reserved 1114112K
  class space    used 2356K, committed 2496K, reserved 1048576K
}
Event: 2.842 GC heap before
{Heap before GC invocations=4 (full 0):
 garbage-first heap   total 81920K, used 79374K [0x0000000604c00000, 0x0000000800000000)
  region size 4096K, 20 young (81920K), 5 survivors (20480K)
 Metaspace       used 27212K, committed 27520K, reserved 1114112K
  class space    used 3014K, committed 3136K, reserved 1048576K
}
Event: 2.852 GC heap after
{Heap after GC invocations=5 (full 0):
 garbage-first heap   total 118784K, used 33354K [0x0000000604c00000, 0x0000000800000000)
  region size 4096K, 7 young (28672K), 7 survivors (28672K)
 Metaspace       used 27212K, committed 27520K, reserved 1114112K
  class space    used 3014K, committed 3136K, reserved 1048576K
}
Event: 3.335 GC heap before
{Heap before GC invocations=5 (full 0):
 garbage-first heap   total 118784K, used 74314K [0x0000000604c00000, 0x0000000800000000)
  region size 4096K, 17 young (69632K), 7 survivors (28672K)
 Metaspace       used 29161K, committed 29568K, reserved 1114112K
  class space    used 3251K, committed 3456K, reserved 1048576K
}
Event: 3.340 GC heap after
{Heap after GC invocations=6 (full 0):
 garbage-first heap   total 118784K, used 26522K [0x0000000604c00000, 0x0000000800000000)
  region size 4096K, 1 young (4096K), 1 survivors (4096K)
 Metaspace       used 29161K, committed 29568K, reserved 1114112K
  class space    used 3251K, committed 3456K, reserved 1048576K
}
Event: 3.569 GC heap before
{Heap before GC invocations=6 (full 0):
 garbage-first heap   total 118784K, used 92058K [0x0000000604c00000, 0x0000000800000000)
  region size 4096K, 17 young (69632K), 1 survivors (4096K)
 Metaspace       used 29266K, committed 29696K, reserved 1114112K
  class space    used 3254K, committed 3456K, reserved 1048576K
}
Event: 3.573 GC heap after
{Heap after GC invocations=7 (full 0):
 garbage-first heap   total 118784K, used 38651K [0x0000000604c00000, 0x0000000800000000)
  region size 4096K, 3 young (12288K), 3 survivors (12288K)
 Metaspace       used 29266K, committed 29696K, reserved 1114112K
  class space    used 3254K, committed 3456K, reserved 1048576K
}

Dll operation events (12 events):
Event: 0.004 Loaded shared library C:\Program Files\Java\jdk-20.0.2\bin\java.dll
Event: 0.016 Loaded shared library C:\Program Files\Java\jdk-20.0.2\bin\jsvml.dll
Event: 0.040 Loaded shared library C:\Program Files\Java\jdk-20.0.2\bin\zip.dll
Event: 0.041 Loaded shared library C:\Program Files\Java\jdk-20.0.2\bin\instrument.dll
Event: 0.043 Loaded shared library C:\Program Files\Java\jdk-20.0.2\bin\net.dll
Event: 0.043 Loaded shared library C:\Program Files\Java\jdk-20.0.2\bin\nio.dll
Event: 0.045 Loaded shared library C:\Program Files\Java\jdk-20.0.2\bin\zip.dll
Event: 0.051 Loaded shared library C:\Program Files\JetBrains\IntelliJ IDEA Community Edition 2023.2.1\bin\breakgen64.dll
Event: 0.055 Loaded shared library C:\Program Files\Java\jdk-20.0.2\bin\extnet.dll
Event: 0.099 Loaded shared library C:\Program Files\Java\jdk-20.0.2\bin\jimage.dll
Event: 0.186 Loaded shared library C:\Users\micha\AppData\Local\Temp\jansi-2.4.0-ee47c91c93b5932f-jansi.dll
Event: 0.194 Loaded shared library C:\Program Files\Java\jdk-20.0.2\bin\verify.dll

Deoptimization events (20 events):
Event: 3.816 Thread 0x000001c994c2a6c0 Uncommon trap: trap_request=0xffffffde fr.pc=0x000001c9a49977b0 relative=0x0000000000000090
Event: 3.816 Thread 0x000001c994c2a6c0 Uncommon trap: reason=class_check action=maybe_recompile pc=0x000001c9a49977b0 method=com.google.inject.internal.MoreTypes.getRawType(Ljava/lang/reflect/Type;)Ljava/lang/Class; @ 13 c2
Event: 3.816 Thread 0x000001c994c2a6c0 DEOPT PACKING pc=0x000001c9a49977b0 sp=0x00000063908fe120
Event: 3.816 Thread 0x000001c994c2a6c0 DEOPT UNPACKING pc=0x000001c9a41a9d22 sp=0x00000063908fe0b0 mode 2
Event: 3.816 Thread 0x000001c994c2a6c0 Uncommon trap: trap_request=0xffffffde fr.pc=0x000001c9a49977b0 relative=0x0000000000000090
Event: 3.816 Thread 0x000001c994c2a6c0 Uncommon trap: reason=class_check action=maybe_recompile pc=0x000001c9a49977b0 method=com.google.inject.internal.MoreTypes.getRawType(Ljava/lang/reflect/Type;)Ljava/lang/Class; @ 13 c2
Event: 3.816 Thread 0x000001c994c2a6c0 DEOPT PACKING pc=0x000001c9a49977b0 sp=0x00000063908fe120
Event: 3.816 Thread 0x000001c994c2a6c0 DEOPT UNPACKING pc=0x000001c9a41a9d22 sp=0x00000063908fe0b0 mode 2
Event: 3.839 Thread 0x000001c982d17ad0 Uncommon trap: trap_request=0xffffffde fr.pc=0x000001c9a4c0b3d4 relative=0x0000000000000054
Event: 3.839 Thread 0x000001c982d17ad0 Uncommon trap: reason=class_check action=maybe_recompile pc=0x000001c9a4c0b3d4 method=java.lang.invoke.DirectMethodHandle.internalMemberName(Ljava/lang/Object;)Ljava/lang/Object; @ 1 c2
Event: 3.839 Thread 0x000001c982d17ad0 DEOPT PACKING pc=0x000001c9a4c0b3d4 sp=0x00000063936fe930
Event: 3.839 Thread 0x000001c982d17ad0 DEOPT UNPACKING pc=0x000001c9a41a9d22 sp=0x00000063936fe8c0 mode 2
Event: 3.854 Thread 0x000001c994c2a6c0 Uncommon trap: trap_request=0xffffff45 fr.pc=0x000001c9a499eef4 relative=0x0000000000000074
Event: 3.854 Thread 0x000001c994c2a6c0 Uncommon trap: reason=unstable_if action=reinterpret pc=0x000001c9a499eef4 method=java.lang.invoke.VarHandle.checkAccessModeThenIsDirect(Ljava/lang/invoke/VarHandle$AccessDescriptor;)Z @ 4 c2
Event: 3.854 Thread 0x000001c994c2a6c0 DEOPT PACKING pc=0x000001c9a499eef4 sp=0x00000063908fdf40
Event: 3.854 Thread 0x000001c994c2a6c0 DEOPT UNPACKING pc=0x000001c9a41a9d22 sp=0x00000063908fdee0 mode 2
Event: 3.891 Thread 0x000001c994c2a6c0 Uncommon trap: trap_request=0xffffff45 fr.pc=0x000001c9a4adac88 relative=0x0000000000000768
Event: 3.891 Thread 0x000001c994c2a6c0 Uncommon trap: reason=unstable_if action=reinterpret pc=0x000001c9a4adac88 method=org.codehaus.plexus.classworlds.realm.Entry.matches(Ljava/lang/String;)Z @ 20 c2
Event: 3.891 Thread 0x000001c994c2a6c0 DEOPT PACKING pc=0x000001c9a4adac88 sp=0x00000063908fdf40
Event: 3.891 Thread 0x000001c994c2a6c0 DEOPT UNPACKING pc=0x000001c9a41a9d22 sp=0x00000063908fdec8 mode 2

Classes loaded (20 events):
Event: 3.858 Loading class java/lang/constant/DirectMethodHandleDesc$1
Event: 3.858 Loading class java/lang/constant/DirectMethodHandleDesc$1 done
Event: 3.858 Loading class java/lang/constant/PrimitiveClassDescImpl
Event: 3.858 Loading class java/lang/constant/DynamicConstantDesc
Event: 3.858 Loading class java/lang/constant/DynamicConstantDesc done
Event: 3.858 Loading class java/lang/constant/PrimitiveClassDescImpl done
Event: 3.859 Loading class java/lang/constant/DynamicConstantDesc$AnonymousDynamicConstantDesc
Event: 3.859 Loading class java/lang/constant/DynamicConstantDesc$AnonymousDynamicConstantDesc done
Event: 3.926 Loading class java/nio/file/TempFileHelper
Event: 3.926 Loading class java/nio/file/TempFileHelper done
Event: 3.927 Loading class java/security/DrbgParameters$NextBytes
Event: 3.927 Loading class java/security/DrbgParameters$NextBytes done
Event: 3.927 Loading class sun/security/provider/AbstractDrbg$SeederHolder
Event: 3.927 Loading class sun/security/provider/AbstractDrbg$SeederHolder done
Event: 3.927 Loading class sun/security/provider/SeedGenerator
Event: 3.927 Loading class sun/security/provider/SeedGenerator done
Event: 3.928 Loading class sun/security/provider/NativeSeedGenerator
Event: 3.928 Loading class sun/security/provider/NativeSeedGenerator done
Event: 3.930 Loading class sun/security/provider/SeedGenerator$1
Event: 3.930 Loading class sun/security/provider/SeedGenerator$1 done

Classes unloaded (0 events):
No events

Classes redefined (0 events):
No events

Internal exceptions (20 events):
Event: 3.582 Thread 0x000001c994c2a6c0 Exception <a 'sun/nio/fs/WindowsException'{0x0000000624536a30}> (0x0000000624536a30) 
thrown [s\open\src\hotspot\share\prims\jni.cpp, line 519]
Event: 3.583 Thread 0x000001c994c2a6c0 Exception <a 'sun/nio/fs/WindowsException'{0x000000062454b3b8}> (0x000000062454b3b8) 
thrown [s\open\src\hotspot\share\prims\jni.cpp, line 519]
Event: 3.583 Thread 0x000001c994c2a6c0 Exception <a 'sun/nio/fs/WindowsException'{0x00000006245518e0}> (0x00000006245518e0) 
thrown [s\open\src\hotspot\share\prims\jni.cpp, line 519]
Event: 3.584 Thread 0x000001c994c2a6c0 Exception <a 'sun/nio/fs/WindowsException'{0x000000062461e830}> (0x000000062461e830) 
thrown [s\open\src\hotspot\share\prims\jni.cpp, line 519]
Event: 3.584 Thread 0x000001c994c2a6c0 Exception <a 'sun/nio/fs/WindowsException'{0x000000062461f8a8}> (0x000000062461f8a8) 
thrown [s\open\src\hotspot\share\prims\jni.cpp, line 519]
Event: 3.584 Thread 0x000001c994c2a6c0 Exception <a 'sun/nio/fs/WindowsException'{0x0000000624620448}> (0x0000000624620448) 
thrown [s\open\src\hotspot\share\prims\jni.cpp, line 519]
Event: 3.584 Thread 0x000001c994c2a6c0 Exception <a 'sun/nio/fs/WindowsException'{0x00000006246210c0}> (0x00000006246210c0) 
thrown [s\open\src\hotspot\share\prims\jni.cpp, line 519]
Event: 3.585 Thread 0x000001c994c2a6c0 Exception <a 'sun/nio/fs/WindowsException'{0x0000000624622118}> (0x0000000624622118) 
thrown [s\open\src\hotspot\share\prims\jni.cpp, line 519]
Event: 3.585 Thread 0x000001c994c2a6c0 Exception <a 'sun/nio/fs/WindowsException'{0x00000006246230a0}> (0x00000006246230a0) 
thrown [s\open\src\hotspot\share\prims\jni.cpp, line 519]
Event: 3.585 Thread 0x000001c994c2a6c0 Exception <a 'sun/nio/fs/WindowsException'{0x0000000624623bf8}> (0x0000000624623bf8) 
thrown [s\open\src\hotspot\share\prims\jni.cpp, line 519]
Event: 3.587 Thread 0x000001c994c2a6c0 Exception <a 'sun/nio/fs/WindowsException'{0x00000006180263b8}> (0x00000006180263b8) 
thrown [s\open\src\hotspot\share\prims\jni.cpp, line 519]
Event: 3.588 Thread 0x000001c994c2a6c0 Exception <a 'sun/nio/fs/WindowsException'{0x000000061802cb30}> (0x000000061802cb30) 
thrown [s\open\src\hotspot\share\prims\jni.cpp, line 519]
Event: 3.588 Thread 0x000001c994c2a6c0 Exception <a 'sun/nio/fs/WindowsException'{0x000000061802d7a8}> (0x000000061802d7a8) 
thrown [s\open\src\hotspot\share\prims\jni.cpp, line 519]
Event: 3.598 Thread 0x000001c994c2a6c0 Exception <a 'sun/nio/fs/WindowsException'{0x00000006183152e0}> (0x00000006183152e0) 
thrown [s\open\src\hotspot\share\prims\jni.cpp, line 519]
Event: 3.600 Thread 0x000001c994c2a6c0 Exception <a 'sun/nio/fs/WindowsException'{0x0000000618324530}> (0x0000000618324530) 
thrown [s\open\src\hotspot\share\prims\jni.cpp, line 519]
Event: 3.834 Thread 0x000001c982d17ad0 Exception <a 'java/lang/NoSuchMethodError'{0x000000060900c7e8}: 'java.lang.Object java.lang.invoke.DirectMethodHandle$Holder.invokeStatic(java.lang.Object, long, java.lang.Object)'> (0x000000060900c7e8) 
thrown [s\open\src\hotspot\share\interpreter\linkResolver.cpp, line 773]
Event: 3.835 Thread 0x000001c982d17ad0 Exception <a 'java/lang/NoSuchMethodError'{0x000000060900fcc0}: 'java.lang.Object java.lang.invoke.DirectMethodHandle$Holder.invokeStaticInit(java.lang.Object, long, java.lang.Object)'> (0x000000060900fcc0) 
thrown [s\open\src\hotspot\share\interpreter\linkResolver.cpp, line 773]
Event: 3.835 Thread 0x000001c982d17ad0 Exception <a 'java/lang/NoSuchMethodError'{0x0000000609015640}: 'java.lang.Object java.lang.invoke.DirectMethodHandle$Holder.newInvokeSpecial(java.lang.Object, long)'> (0x0000000609015640) 
thrown [s\open\src\hotspot\share\interpreter\linkResolver.cpp, line 773]
Event: 3.837 Thread 0x000001c982d17ad0 Exception <a 'java/lang/NoSuchMethodError'{0x0000000609019aa0}: 'long java.lang.invoke.DirectMethodHandle$Holder.invokeInterface(java.lang.Object, java.lang.Object)'> (0x0000000609019aa0) 
thrown [s\open\src\hotspot\share\interpreter\linkResolver.cpp, line 773]
Event: 3.838 Thread 0x000001c982d17ad0 Exception <a 'java/lang/NoSuchMethodError'{0x000000060901cf58}: 'long java.lang.invoke.DelegatingMethodHandle$Holder.reinvoke_L(java.lang.Object, java.lang.Object)'> (0x000000060901cf58) 
thrown [s\open\src\hotspot\share\interpreter\linkResolver.cpp, line 773]

VM Operations (20 events):
Event: 3.032 Executing VM operation: ICBufferFull
Event: 3.033 Executing VM operation: ICBufferFull done
Event: 3.144 Executing VM operation: ICBufferFull
Event: 3.144 Executing VM operation: ICBufferFull done
Event: 3.219 Executing VM operation: ICBufferFull
Event: 3.219 Executing VM operation: ICBufferFull done
Event: 3.240 Executing VM operation: HandshakeAllThreads
Event: 3.241 Executing VM operation: HandshakeAllThreads done
Event: 3.294 Executing VM operation: ICBufferFull
Event: 3.295 Executing VM operation: ICBufferFull done
Event: 3.335 Executing VM operation: G1CollectForAllocation
Event: 3.340 Executing VM operation: G1CollectForAllocation done
Event: 3.568 Executing VM operation: G1CollectForAllocation
Event: 3.573 Executing VM operation: G1CollectForAllocation done
Event: 3.634 Executing VM operation: ICBufferFull
Event: 3.634 Executing VM operation: ICBufferFull done
Event: 3.803 Executing VM operation: HandshakeAllThreads
Event: 3.805 Executing VM operation: HandshakeAllThreads done
Event: 3.844 Executing VM operation: HandshakeAllThreads
Event: 3.844 Executing VM operation: HandshakeAllThreads done

Events (20 events):
Event: 0.022 Thread 0x000001c9ffc5daa0 Thread added: 0x000001c9ffc5daa0
Event: 0.022 Thread 0x000001c9ffc5e3e0 Thread added: 0x000001c9ffc5e3e0
Event: 0.022 Thread 0x000001c9ffc5ed20 Thread added: 0x000001c9ffc5ed20
Event: 0.022 Thread 0x000001c9ffc5f990 Thread added: 0x000001c9ffc5f990
Event: 0.022 Thread 0x000001c9ffc62320 Thread added: 0x000001c9ffc62320
Event: 0.024 Thread 0x000001c9ffd20cf0 Thread added: 0x000001c9ffd20cf0
Event: 0.025 Thread 0x000001c9ffd2b2b0 Thread added: 0x000001c9ffd2b2b0
Event: 0.031 Thread 0x000001c9ffe14760 Thread added: 0x000001c9ffe14760
Event: 0.052 Thread 0x000001c9ffe9c930 Thread added: 0x000001c9ffe9c930
Event: 0.052 Thread 0x000001c9ffe9ce80 Thread added: 0x000001c9ffe9ce80
Event: 0.063 Thread 0x000001c9ffe86f30 Thread added: 0x000001c9ffe86f30
Event: 0.261 Thread 0x000001c9802ee7c0 Thread added: 0x000001c9802ee7c0
Event: 0.267 Thread 0x000001c9803cc010 Thread added: 0x000001c9803cc010
Event: 0.408 Thread 0x000001c9803f8d00 Thread added: 0x000001c9803f8d00
Event: 0.417 Thread 0x000001c980d829d0 Thread added: 0x000001c980d829d0
Event: 0.417 Thread 0x000001c980d83770 Thread added: 0x000001c980d83770
Event: 0.425 Thread 0x000001c9805f5060 Thread added: 0x000001c9805f5060
Event: 0.425 Thread 0x000001c9805f55f0 Thread added: 0x000001c9805f55f0
Event: 3.809 Thread 0x000001c982d17ad0 Thread added: 0x000001c982d17ad0
Event: 3.839 Thread 0x000001c982d17ad0 Thread exited: 0x000001c982d17ad0


Dynamic libraries:
0x00007ff6a9c90000 - 0x00007ff6a9c9e000 	C:\Program Files\Java\jdk-20.0.2\bin\java.exe
0x00007ffa22650000 - 0x00007ffa22867000 	C:\Windows\SYSTEM32\ntdll.dll
0x00007ffa20400000 - 0x00007ffa204c4000 	C:\Windows\System32\KERNEL32.DLL
0x00007ffa1fdc0000 - 0x00007ffa20166000 	C:\Windows\System32\KERNELBASE.dll
0x00007ffa20210000 - 0x00007ffa20321000 	C:\Windows\System32\ucrtbase.dll
0x00007ffa02c40000 - 0x00007ffa02c57000 	C:\Program Files\Java\jdk-20.0.2\bin\jli.dll
0x00007ffa01d70000 - 0x00007ffa01d8b000 	C:\Program Files\Java\jdk-20.0.2\bin\VCRUNTIME140.dll
0x00007ffa214f0000 - 0x00007ffa2169d000 	C:\Windows\System32\USER32.dll
0x00007ffa20170000 - 0x00007ffa20196000 	C:\Windows\System32\win32u.dll
0x00007ffa22340000 - 0x00007ffa22369000 	C:\Windows\System32\GDI32.dll
0x00007ffa1ec30000 - 0x00007ffa1eec3000 	C:\Windows\WinSxS\amd64_microsoft.windows.common-controls_6595b64144ccf1df_6.0.22621.2361_none_2712ced57382f843\COMCTL32.dll
0x00007ffa1fc00000 - 0x00007ffa1fd18000 	C:\Windows\System32\gdi32full.dll
0x00007ffa21820000 - 0x00007ffa218c7000 	C:\Windows\System32\msvcrt.dll
0x00007ffa1fd20000 - 0x00007ffa1fdba000 	C:\Windows\System32\msvcp_win.dll
0x00007ffa21fa0000 - 0x00007ffa21fd1000 	C:\Windows\System32\IMM32.DLL
0x00007ffa01f40000 - 0x00007ffa01f4c000 	C:\Program Files\Java\jdk-20.0.2\bin\vcruntime140_1.dll
0x00007ff9e9530000 - 0x00007ff9e95be000 	C:\Program Files\Java\jdk-20.0.2\bin\msvcp140.dll
0x00007ff98ab80000 - 0x00007ff98b818000 	C:\Program Files\Java\jdk-20.0.2\bin\server\jvm.dll
0x00007ffa21990000 - 0x00007ffa21a40000 	C:\Windows\System32\ADVAPI32.dll
0x00007ffa205b0000 - 0x00007ffa20656000 	C:\Windows\System32\sechost.dll
0x00007ffa21fe0000 - 0x00007ffa220f7000 	C:\Windows\System32\RPCRT4.dll
0x00007ffa19160000 - 0x00007ffa19194000 	C:\Windows\SYSTEM32\WINMM.dll
0x00007ffa16c10000 - 0x00007ffa16c19000 	C:\Windows\SYSTEM32\WSOCK32.dll
0x00007ffa14d90000 - 0x00007ffa14d9a000 	C:\Windows\SYSTEM32\VERSION.dll
0x00007ffa21340000 - 0x00007ffa213b1000 	C:\Windows\System32\WS2_32.dll
0x00007ffa1e170000 - 0x00007ffa1e188000 	C:\Windows\SYSTEM32\kernel.appcore.dll
0x00007ffa01c80000 - 0x00007ffa01c8a000 	C:\Program Files\Java\jdk-20.0.2\bin\jimage.dll
0x00007ffa1f360000 - 0x00007ffa1f58e000 	C:\Windows\SYSTEM32\DBGHELP.DLL
0x00007ffa21a50000 - 0x00007ffa21dda000 	C:\Windows\System32\combase.dll
0x00007ffa204d0000 - 0x00007ffa205a7000 	C:\Windows\System32\OLEAUT32.dll
0x00007ffa1f1c0000 - 0x00007ffa1f1f2000 	C:\Windows\SYSTEM32\dbgcore.DLL
0x00007ffa20330000 - 0x00007ffa203aa000 	C:\Windows\System32\bcryptPrimitives.dll
0x00007ffa16c30000 - 0x00007ffa16c3e000 	C:\Program Files\Java\jdk-20.0.2\bin\instrument.dll
0x00007ff9edc40000 - 0x00007ff9edc66000 	C:\Program Files\Java\jdk-20.0.2\bin\java.dll
0x00007ff9cddd0000 - 0x00007ff9cdea7000 	C:\Program Files\Java\jdk-20.0.2\bin\jsvml.dll
0x00007ffa20660000 - 0x00007ffa20eb8000 	C:\Windows\System32\SHELL32.dll
0x00007ffa1cef0000 - 0x00007ffa1d7e2000 	C:\Windows\SYSTEM32\windows.storage.dll
0x00007ffa1cdb0000 - 0x00007ffa1ceee000 	C:\Windows\SYSTEM32\wintypes.dll
0x00007ffa22370000 - 0x00007ffa22463000 	C:\Windows\System32\SHCORE.dll
0x00007ffa213c0000 - 0x00007ffa2141e000 	C:\Windows\System32\shlwapi.dll
0x00007ffa1f900000 - 0x00007ffa1f926000 	C:\Windows\SYSTEM32\profapi.dll
0x00007ff9ea420000 - 0x00007ff9ea438000 	C:\Program Files\Java\jdk-20.0.2\bin\zip.dll
0x00007ff9fa990000 - 0x00007ff9fa9a3000 	C:\Program Files\Java\jdk-20.0.2\bin\net.dll
0x00007ffa16910000 - 0x00007ffa16a47000 	C:\Windows\SYSTEM32\WINHTTP.dll
0x00007ffa1e830000 - 0x00007ffa1e899000 	C:\Windows\system32\mswsock.dll
0x00007ff9ec890000 - 0x00007ff9ec8a6000 	C:\Program Files\Java\jdk-20.0.2\bin\nio.dll
0x00007ffa138e0000 - 0x00007ffa138fa000 	C:\Program Files\JetBrains\IntelliJ IDEA Community Edition 2023.2.1\bin\breakgen64.dll
0x00007ffa00aa0000 - 0x00007ffa00aa7000 	C:\Program Files\Java\jdk-20.0.2\bin\extnet.dll
0x0000000069ac0000 - 0x0000000069ae4000 	C:\Users\micha\AppData\Local\Temp\jansi-2.4.0-ee47c91c93b5932f-jansi.dll
0x00007ff9edc30000 - 0x00007ff9edc40000 	C:\Program Files\Java\jdk-20.0.2\bin\verify.dll
0x00007ffa1f670000 - 0x00007ffa1f68b000 	C:\Windows\SYSTEM32\CRYPTSP.dll
0x00007ffa1e1f0000 - 0x00007ffa1e225000 	C:\Windows\system32\rsaenh.dll
0x00007ffa1e8f0000 - 0x00007ffa1e91c000 	C:\Windows\SYSTEM32\USERENV.dll
0x00007ffa1f200000 - 0x00007ffa1f228000 	C:\Windows\SYSTEM32\bcrypt.dll
0x00007ffa1ea50000 - 0x00007ffa1ea5c000 	C:\Windows\SYSTEM32\CRYPTBASE.dll
0x00007ffa1dca0000 - 0x00007ffa1dccd000 	C:\Windows\SYSTEM32\IPHLPAPI.DLL
0x00007ffa21980000 - 0x00007ffa21989000 	C:\Windows\System32\NSI.dll
0x00007ffa15ed0000 - 0x00007ffa15ee9000 	C:\Windows\SYSTEM32\dhcpcsvc6.DLL
0x00007ffa15e90000 - 0x00007ffa15eaf000 	C:\Windows\SYSTEM32\dhcpcsvc.DLL
0x00007ffa1dd20000 - 0x00007ffa1de19000 	C:\Windows\SYSTEM32\DNSAPI.dll

dbghelp: loaded successfully - version: 4.0.5 - missing functions: none
symbol engine: initialized successfully - sym options: 0x614 - pdb path: .;C:\Program Files\Java\jdk-20.0.2\bin;C:\Windows\SYSTEM32;C:\Windows\WinSxS\amd64_microsoft.windows.common-controls_6595b64144ccf1df_6.0.22621.2361_none_2712ced57382f843;C:\Program Files\Java\jdk-20.0.2\bin\server;C:\Program Files\JetBrains\IntelliJ IDEA Community Edition 2023.2.1\bin;C:\Users\micha\AppData\Local\Temp

VM Arguments:
jvm_args: -Dmaven.multiModuleProjectDirectory=C:\Users\micha\Desktop\D\Edu\Java\SampleScrap -Djansi.passthrough=true -Dmaven.home=C:\Program Files\JetBrains\IntelliJ IDEA Community Edition 2023.2.1\plugins\maven\lib\maven3 -Dclassworlds.conf=C:\Program Files\JetBrains\IntelliJ IDEA Community Edition 2023.2.1\plugins\maven\lib\maven3\bin\m2.conf -Dmaven.ext.class.path=C:\Program Files\JetBrains\IntelliJ IDEA Community Edition 2023.2.1\plugins\maven\lib\maven-event-listener.jar -javaagent:C:\Program Files\JetBrains\IntelliJ IDEA Community Edition 2023.2.1\lib\idea_rt.jar=53902:C:\Program Files\JetBrains\IntelliJ IDEA Community Edition 2023.2.1\bin -Dfile.encoding=UTF-8 -Dsun.stdout.encoding=UTF-8 -Dsun.stderr.encoding=UTF-8 
java_command: org.codehaus.classworlds.Launcher -Didea.version=2023.2.1 package
java_class_path (initial): C:\Program Files\JetBrains\IntelliJ IDEA Community Edition 2023.2.1\plugins\maven\lib\maven3\boot\plexus-classworlds-2.7.0.jar;C:\Program Files\JetBrains\IntelliJ IDEA Community Edition 2023.2.1\plugins\maven\lib\maven3\boot\plexus-classworlds.license
Launcher Type: SUN_STANDARD

[Global flags]
     intx CICompilerCount                          = 12                                        {product} {ergonomic}
     uint ConcGCThreads                            = 4                                         {product} {ergonomic}
     uint G1ConcRefinementThreads                  = 15                                        {product} {ergonomic}
   size_t G1HeapRegionSize                         = 4194304                                   {product} {ergonomic}
    uintx GCDrainStackTargetSize                   = 64                                        {product} {ergonomic}
   size_t InitialHeapSize                          = 532676608                                 {product} {ergonomic}
   size_t MarkStackSize                            = 4194304                                   {product} {ergonomic}
   size_t MaxHeapSize                              = 8510242816                                {product} {ergonomic}
   size_t MaxNewSize                               = 5104467968                                {product} {ergonomic}
   size_t MinHeapDeltaBytes                        = 4194304                                   {product} {ergonomic}
   size_t MinHeapSize                              = 8388608                                   {product} {ergonomic}
    uintx NonNMethodCodeHeapSize                   = 7602480                                {pd product} {ergonomic}
    uintx NonProfiledCodeHeapSize                  = 122027880                              {pd product} {ergonomic}
    uintx ProfiledCodeHeapSize                     = 122027880                              {pd product} {ergonomic}
    uintx ReservedCodeCacheSize                    = 251658240                              {pd product} {ergonomic}
     bool SegmentedCodeCache                       = true                                      {product} {ergonomic}
   size_t SoftMaxHeapSize                          = 8510242816                             {manageable} {ergonomic}
     bool UseCompressedClassPointers               = true                           {product lp64_product} {ergonomic}
     bool UseCompressedOops                        = true                           {product lp64_product} {ergonomic}
     bool UseG1GC                                  = true                                      {product} {ergonomic}
     bool UseLargePagesIndividualAllocation        = false                                  {pd product} {ergonomic}

Logging:
Log output configuration:
 #0: stdout all=warning uptime,level,tags foldmultilines=false
 #1: stderr all=off uptime,level,tags foldmultilines=false

Environment Variables:
PATH=C:\Windows\system32;C:\Windows;C:\Windows\System32\Wbem;C:\Windows\System32\WindowsPowerShell\v1.0\;C:\Windows\System32\OpenSSH\;C:\Program Files\dotnet\;C:\Program Files (x86)\NVIDIA Corporation\PhysX\Common;C:\Program Files\Git\cmd;C:\Program Files\MySQL\MySQL Shell 8.0\bin\;C:\Users\micha\AppData\Local\Microsoft\WindowsApps;C:\Users\micha\AppData\Local\Programs\Microsoft VS Code\bin;C:\Program Files\Java\jdk-20.0.2\bin;
USERNAME=micha
OS=Windows_NT
PROCESSOR_IDENTIFIER=Intel64 Family 6 Model 154 Stepping 3, GenuineIntel
TMP=C:\Users\micha\AppData\Local\Temp
TEMP=C:\Users\micha\AppData\Local\Temp




---------------  S Y S T E M  ---------------

OS:
 Windows 11 , 64 bit Build 22621 (10.0.22621.2428)
OS uptime: 0 days 3:32 hours
Hyper-V role detected

CPU: total 20 (initial active 20) (10 cores per cpu, 2 threads per core) family 6 model 154 stepping 3 microcode 0x42a, cx8, cmov, fxsr, ht, mmx, 3dnowpref, sse, sse2, sse3, ssse3, sse4.1, sse4.2, popcnt, lzcnt, tsc, tscinvbit, avx, avx2, aes, erms, clmul, bmi1, bmi2, adx, sha, fma, vzeroupper, clflush, clflushopt, clwb, hv, serialize, rdtscp, rdpid, fsrm, f16c, cet_ibt, cet_ss

Memory: 4k page, system-wide physical 32452M (15661M free)
TotalPageFile size 34500M (AvailPageFile size 11528M)
current process WorkingSet (physical memory assigned to process): 325M, peak: 335M
current process commit charge ("private bytes"): 372M, peak: 698M

vm_info: OpenJDK 64-Bit Server VM (20.0.2+9-78) for windows-amd64 JRE (20.0.2+9-78), built on 2023-06-14T10:08:48Z by "mach5one" with MS VC++ 17.1 (VS2022)

END.
