#
# A fatal error has been detected by the Java Runtime Environment:
#
#  EXCEPTION_ACCESS_VIOLATION (0xc0000005) at pc=0x00007ff98ad7fc40, pid=18768, tid=23028
#
# JRE version: OpenJDK Runtime Environment (20.0.2+9) (build 20.0.2+9-78)
# Java VM: OpenJDK 64-Bit Server VM (20.0.2+9-78, mixed mode, sharing, tiered, compressed oops, compressed class ptrs, g1 gc, windows-amd64)
# Problematic frame:
# V  [jvm.dll+0x1ffc40]
#
# No core dump will be written. Minidumps are not enabled by default on client versions of Windows
#
# If you would like to submit a bug report, please visit:
#   https://bugreport.java.com/bugreport/crash.jsp
#

---------------  S U M M A R Y ------------

Command Line: -Dmaven.multiModuleProjectDirectory=C:\Users\micha\Desktop\D\Edu\Java\SampleScrap -Djansi.passthrough=true -Dmaven.home=C:\Program Files\JetBrains\IntelliJ IDEA Community Edition 2023.2.1\plugins\maven\lib\maven3 -Dclassworlds.conf=C:\Program Files\JetBrains\IntelliJ IDEA Community Edition 2023.2.1\plugins\maven\lib\maven3\bin\m2.conf -Dmaven.ext.class.path=C:\Program Files\JetBrains\IntelliJ IDEA Community Edition 2023.2.1\plugins\maven\lib\maven-event-listener.jar -javaagent:C:\Program Files\JetBrains\IntelliJ IDEA Community Edition 2023.2.1\lib\idea_rt.jar=54099:C:\Program Files\JetBrains\IntelliJ IDEA Community Edition 2023.2.1\bin -Dfile.encoding=UTF-8 -Dsun.stdout.encoding=UTF-8 -Dsun.stderr.encoding=UTF-8 org.codehaus.classworlds.Launcher -Didea.version=2023.2.1 clean

Host: 12th Gen Intel(R) Core(TM) i7-12700H, 20 cores, 31G,  Windows 11 , 64 bit Build 22621 (10.0.22621.2428)
Time: Sun Nov  5 19:03:39 2023 Central European Standard Time elapsed time: 1.219478 seconds (0d 0h 0m 1s)

---------------  T H R E A D  ---------------

Current thread (0x000001ab05427310):  JavaThread "C2 CompilerThread0" daemon [_thread_in_vm, id=23028, stack(0x00000044fb300000,0x00000044fb400000)]


Current CompileTask:
C2:   1219 2969       4       java.util.Spliterator::getExactSizeIfKnown (25 bytes)

Stack: [0x00000044fb300000,0x00000044fb400000],  sp=0x00000044fb3fd770,  free space=1013k
Native frames: (J=compiled Java code, j=interpreted, Vv=VM code, C=native code)
V  [jvm.dll+0x1ffc40]
V  [jvm.dll+0x1fea40]
V  [jvm.dll+0x1f9448]
V  [jvm.dll+0x24a050]
V  [jvm.dll+0x1ce761]
V  [jvm.dll+0x25a0eb]
V  [jvm.dll+0x2587c0]
V  [jvm.dll+0x3f2dd5]
V  [jvm.dll+0x7f5c76]
V  [jvm.dll+0x6baecb]
C  [ucrtbase.dll+0x29363]
C  [KERNEL32.DLL+0x1257d]
C  [ntdll.dll+0x5aa78]


siginfo: EXCEPTION_ACCESS_VIOLATION (0xc0000005), reading address 0xffffffffffffffff


Registers:
RAX=0x000001ab016701e8, RBX=0x000001ab05427938, RCX=0x000001ab05427948, RDX=0x000000000000008f
RSP=0x00000044fb3fd770, RBP=0x0000000000000004, RSI=0x0000000000000000, RDI=0x0000000000000001
R8 =0x00007ff98b4dc418, R9 =0x000001ab065adcd0, R10=0x0000000000000001, R11=0x000001aac04e61d8
R12=0x000001ab05427948, R13=0x000001ab0540ea48, R14=0x0000000000000020, R15=0x26cc01aac146eca8
RIP=0x00007ff98ad7fc40, EFLAGS=0x0000000000010202


Register to memory mapping:

RIP=0x00007ff98ad7fc40 jvm.dll
RAX=0x000001ab016701e8 is pointing into metadata
RBX=0x000001ab05427938 points into unknown readable memory: 0x00007ff98b4dc418 | 18 c4 4d 8b f9 7f 00 00
RCX=0x000001ab05427948 points into unknown readable memory: 0x00007ff98b4dbb48 | 48 bb 4d 8b f9 7f 00 00
RDX=0x000000000000008f is an unknown value
RSP=0x00000044fb3fd770 is pointing into the stack for thread: 0x000001ab05427310
RBP=0x0000000000000004 is an unknown value
RSI=0x0 is NULL
RDI=0x0000000000000001 is an unknown value
R8 =0x00007ff98b4dc418 jvm.dll
R9 =0x000001ab065adcd0 points into unknown readable memory: 0x000001ab05443638 | 38 36 44 05 ab 01 00 00
R10=0x0000000000000001 is an unknown value
R11={method} {0x000001aac04e61e0} 'getExactSizeIfKnown' '()J' in 'java/util/Spliterator'
R12=0x000001ab05427948 points into unknown readable memory: 0x00007ff98b4dbb48 | 48 bb 4d 8b f9 7f 00 00
R13=0x000001ab0540ea48 points into unknown readable memory: 0x000001ab05425840 | 40 58 42 05 ab 01 00 00
R14=0x0000000000000020 is an unknown value
R15=0x26cc01aac146eca8 is an unknown value


Top of Stack: (sp=0x00000044fb3fd770)
0x00000044fb3fd770:   000001ab05427938 000001ab05425840
0x00000044fb3fd780:   000001ab05427938 00007ff98b1f416e
0x00000044fb3fd790:   000001ab05427948 000001ab054278a0
0x00000044fb3fd7a0:   000001ab05427938 000001ab065ae820
0x00000044fb3fd7b0:   0000000000000058 00007ff98ad7ea40
0x00000044fb3fd7c0:   000001ab01670070 000001ab054278d8
0x00000044fb3fd7d0:   000001aabf12b4e0 000001ab05427310
0x00000044fb3fd7e0:   0000000000000001 00000044fb3fe530
0x00000044fb3fd7f0:   000001aabf120ba0 0000000000000000
0x00000044fb3fd800:   000001ab065ae6e8 000001ab054258a8
0x00000044fb3fd810:   00000044fb3fd980 00007ff98ad79448
0x00000044fb3fd820:   000001ab05427c88 00000000000003d8
0x00000044fb3fd830:   00000044fb3fe530 000001ab05427310
0x00000044fb3fd840:   00000044fb3fd980 00007ff98ac42874
0x00000044fb3fd850:   000001aac04e61d8 000001ab05427310
0x00000044fb3fd860:   00000044fb3fe530 0000000000000002
0x00000044fb3fd870:   000001ab065ae6e8 00007ff98adca050
0x00000044fb3fd880:   00000044fb3fe660 000001aac04e61d8
0x00000044fb3fd890:   00000044fb3fe660 0000000000000001
0x00000044fb3fd8a0:   0000000000000000 0000000000000000
0x00000044fb3fd8b0:   0000000000000000 0000000000000000
0x00000044fb3fd8c0:   0000000000000000 0000000000000000
0x00000044fb3fd8d0:   0000000000000000 00007ff98b4cb5dc
0x00000044fb3fd8e0:   0000000000000000 00000044fb3fe530
0x00000044fb3fd8f0:   0000000000000000 00007ff98b4cb5dc
0x00000044fb3fd900:   0000000000000000 0000000000000000
0x00000044fb3fd910:   000001aabf12b4e0 000001ab05f94c40
0x00000044fb3fd920:   000001ab05f986d8 000001ab05f9cc28
0x00000044fb3fd930:   00000000000083b0 0000000000000000
0x00000044fb3fd940:   0000000000000000 0000000000000000
0x00000044fb3fd950:   00000044fb3fe660 0000000000000020
0x00000044fb3fd960:   000001ab06addc00 0000000000000009 

Instructions: (pc=0x00007ff98ad7fc40)
0x00007ff98ad7fb40:   8b f9 48 83 e7 fc 74 5a 65 48 8b 04 25 58 00 00
0x00007ff98ad7fb50:   00 8b 0d f1 53 9f 00 48 89 74 24 30 48 8b 34 c8
0x00007ff98ad7fb60:   b8 68 00 00 00 80 3c 30 00 75 05 e8 b0 72 6a 00
0x00007ff98ad7fb70:   b8 28 00 00 00 48 8b d7 48 8b 04 30 48 8b 88 48
0x00007ff98ad7fb80:   05 00 00 48 8b 49 38 e8 64 22 00 00 48 8b 74 24
0x00007ff98ad7fb90:   30 83 e3 03 48 0b c3 48 8b 5c 24 38 48 83 c4 20
0x00007ff98ad7fba0:   5f c3 83 e3 03 8b c3 48 8b 5c 24 38 48 83 c4 20
0x00007ff98ad7fbb0:   5f c3 cc cc cc cc cc cc cc cc cc cc cc cc cc cc
0x00007ff98ad7fbc0:   40 53 56 57 41 54 48 83 ec 28 33 f6 4c 8b e2 39
0x00007ff98ad7fbd0:   35 9b 5d 94 00 48 8b d9 8b fe 0f 86 13 01 00 00
0x00007ff98ad7fbe0:   8b 0d 62 53 9f 00 65 48 8b 04 25 58 00 00 00 48
0x00007ff98ad7fbf0:   89 6c 24 50 8d 6e 02 4c 89 6c 24 58 4c 89 74 24
0x00007ff98ad7fc00:   60 4c 8d 2c c8 4c 89 7c 24 20 66 0f 1f 44 00 00
0x00007ff98ad7fc10:   49 8b 04 24 49 8b cc ff 50 20 84 c0 48 8b ce 48
0x00007ff98ad7fc20:   63 c5 49 0f 45 cc 4c 8d 34 c5 00 00 00 00 48 8b
0x00007ff98ad7fc30:   41 08 4e 8b 7c 30 08 4d 85 ff 0f 84 85 00 00 00
0x00007ff98ad7fc40:   49 8b 8f 98 00 00 00 e8 b4 67 02 00 84 c0 74 3d
0x00007ff98ad7fc50:   49 8b 75 00 b8 68 00 00 00 80 3c 30 00 75 05 e8
0x00007ff98ad7fc60:   bc 71 6a 00 b8 28 00 00 00 49 8b d7 48 8b 0c 30
0x00007ff98ad7fc70:   48 8b 89 48 05 00 00 48 8b 49 38 e8 70 21 00 00
0x00007ff98ad7fc80:   48 8b 4b 08 33 f6 4a 89 44 31 08 eb 41 48 8b 43
0x00007ff98ad7fc90:   08 48 89 70 08 48 63 c7 48 8d 0c 00 48 8b 43 08
0x00007ff98ad7fca0:   48 89 74 c8 18 48 8b 43 08 48 89 74 c8 20 48 8b
0x00007ff98ad7fcb0:   cb 48 8b 03 ff 50 28 84 c0 75 13 48 8b 43 08 48
0x00007ff98ad7fcc0:   89 70 10 eb 09 48 8b 43 08 4a 89 74 30 08 ff c7
0x00007ff98ad7fcd0:   83 c5 02 3b 3d 97 5c 94 00 0f 82 31 ff ff ff 4c
0x00007ff98ad7fce0:   8b 7c 24 20 4c 8b 74 24 60 4c 8b 6c 24 58 48 8b
0x00007ff98ad7fcf0:   6c 24 50 48 83 c4 28 41 5c 5f 5e 5b c3 cc cc cc
0x00007ff98ad7fd00:   48 89 5c 24 08 57 48 83 ec 20 4c 63 42 08 48 8b
0x00007ff98ad7fd10:   f9 48 8b 02 48 8b 50 08 4a 8b 5c c2 08 48 8b cb
0x00007ff98ad7fd20:   48 83 e1 fc 74 2e 48 8b 89 98 00 00 00 e8 ce 66
0x00007ff98ad7fd30:   02 00 84 c0 75 1e 48 8b 07 83 e3 03 48 63 57 08 


Stack slot to memory mapping:
stack at sp + 0 slots: 0x000001ab05427938 points into unknown readable memory: 0x00007ff98b4dc418 | 18 c4 4d 8b f9 7f 00 00
stack at sp + 1 slots: 0x000001ab05425840 points into unknown readable memory: 0x0000000000000000 | 00 00 00 00 00 00 00 00
stack at sp + 2 slots: 0x000001ab05427938 points into unknown readable memory: 0x00007ff98b4dc418 | 18 c4 4d 8b f9 7f 00 00
stack at sp + 3 slots: 0x00007ff98b1f416e jvm.dll
stack at sp + 4 slots: 0x000001ab05427948 points into unknown readable memory: 0x00007ff98b4dbb48 | 48 bb 4d 8b f9 7f 00 00
stack at sp + 5 slots: 0x000001ab054278a0 points into unknown readable memory: 0x0000000000000000 | 00 00 00 00 00 00 00 00
stack at sp + 6 slots: 0x000001ab05427938 points into unknown readable memory: 0x00007ff98b4dc418 | 18 c4 4d 8b f9 7f 00 00
stack at sp + 7 slots: 0x000001ab065ae820 points into unknown readable memory: 0x00007ff98b4dc918 | 18 c9 4d 8b f9 7f 00 00


---------------  P R O C E S S  ---------------

Threads class SMR info:
_java_thread_list=0x000001ab06153c30, length=22, elements={
0x000001aa9a33b060, 0x000001ab0541e2a0, 0x000001ab0541f0a0, 0x000001ab054201e0,
0x000001ab05421d30, 0x000001ab05424820, 0x000001ab05426570, 0x000001ab05427310,
0x000001ab05427dc0, 0x000001ab054ebc50, 0x000001ab054f85e0, 0x000001ab055e6af0,
0x000001ab0568e740, 0x000001ab0568f4a0, 0x000001ab05abd530, 0x000001ab05ab83a0,
0x000001ab05d875c0, 0x000001ab05d50c20, 0x000001ab05ae0020, 0x000001ab05ae05b0,
0x000001ab06021680, 0x000001ab065ffa20
}

Java Threads: ( => current thread )
  0x000001aa9a33b060 JavaThread "main" [_thread_blocked, id=22632, stack(0x00000044fa600000,0x00000044fa700000)]
  0x000001ab0541e2a0 JavaThread "Reference Handler" daemon [_thread_blocked, id=21600, stack(0x00000044fad00000,0x00000044fae00000)]
  0x000001ab0541f0a0 JavaThread "Finalizer" daemon [_thread_blocked, id=22472, stack(0x00000044fae00000,0x00000044faf00000)]
  0x000001ab054201e0 JavaThread "Signal Dispatcher" daemon [_thread_blocked, id=20208, stack(0x00000044faf00000,0x00000044fb000000)]
  0x000001ab05421d30 JavaThread "Attach Listener" daemon [_thread_blocked, id=21748, stack(0x00000044fb000000,0x00000044fb100000)]
  0x000001ab05424820 JavaThread "Service Thread" daemon [_thread_blocked, id=23852, stack(0x00000044fb100000,0x00000044fb200000)]
  0x000001ab05426570 JavaThread "Monitor Deflation Thread" daemon [_thread_blocked, id=23556, stack(0x00000044fb200000,0x00000044fb300000)]
=>0x000001ab05427310 JavaThread "C2 CompilerThread0" daemon [_thread_in_vm, id=23028, stack(0x00000044fb300000,0x00000044fb400000)]
  0x000001ab05427dc0 JavaThread "C1 CompilerThread0" daemon [_thread_blocked, id=24388, stack(0x00000044fb400000,0x00000044fb500000)]
  0x000001ab054ebc50 JavaThread "C1 CompilerThread1" daemon [_thread_blocked, id=21616, stack(0x00000044fb500000,0x00000044fb600000)]
  0x000001ab054f85e0 JavaThread "C1 CompilerThread2" daemon [_thread_blocked, id=22344, stack(0x00000044fb600000,0x00000044fb700000)]
  0x000001ab055e6af0 JavaThread "Common-Cleaner" daemon [_thread_blocked, id=24076, stack(0x00000044fb700000,0x00000044fb800000)]
  0x000001ab0568e740 JavaThread "Monitor Ctrl-Break" daemon [_thread_in_native, id=23744, stack(0x00000044fb900000,0x00000044fba00000)]
  0x000001ab0568f4a0 JavaThread "Notification Thread" daemon [_thread_blocked, id=16372, stack(0x00000044fba00000,0x00000044fbb00000)]
  0x000001ab05abd530 JavaThread "C2 CompilerThread1" daemon [_thread_blocked, id=24416, stack(0x00000044fb800000,0x00000044fb900000)]
  0x000001ab05ab83a0 JavaThread "C1 CompilerThread3" daemon [_thread_blocked, id=23572, stack(0x00000044fbc00000,0x00000044fbd00000)]
  0x000001ab05d875c0 JavaThread "C2 CompilerThread2" daemon [_thread_blocked, id=20668, stack(0x00000044fbd00000,0x00000044fbe00000)]
  0x000001ab05d50c20 JavaThread "C2 CompilerThread3" daemon [_thread_blocked, id=22648, stack(0x00000044fbe00000,0x00000044fbf00000)]
  0x000001ab05ae0020 JavaThread "C2 CompilerThread4" daemon [_thread_blocked, id=8780, stack(0x00000044fbf00000,0x00000044fc000000)]
  0x000001ab05ae05b0 JavaThread "C2 CompilerThread5" daemon [_thread_blocked, id=23736, stack(0x00000044fc000000,0x00000044fc100000)]
  0x000001ab06021680 JavaThread "C2 CompilerThread6" daemon [_thread_blocked, id=22004, stack(0x00000044fc100000,0x00000044fc200000)]
  0x000001ab065ffa20 JavaThread "C2 CompilerThread7" daemon [_thread_blocked, id=16092, stack(0x00000044fc200000,0x00000044fc300000)]

Other Threads:
  0x000001aabf12d380 VMThread "VM Thread" [stack: 0x00000044fac00000,0x00000044fad00000] [id=10520] _threads_hazard_ptr=0x000001ab06153c30
  0x000001aa9a33d090 WatcherThread "VM Periodic Task Thread" [stack: 0x00000044fbb00000,0x00000044fbc00000] [id=23372]
  0x000001aa9a3eb9c0 WorkerThread "GC Thread#0" [stack: 0x00000044fa700000,0x00000044fa800000] [id=3696]
  0x000001aabf12d650 WorkerThread "GC Thread#1" [stack: 0x00000044fc300000,0x00000044fc400000] [id=20328]
  0x000001aabf12c570 WorkerThread "GC Thread#2" [stack: 0x00000044fc400000,0x00000044fc500000] [id=20652]
  0x000001aabf12d0b0 WorkerThread "GC Thread#3" [stack: 0x00000044fc500000,0x00000044fc600000] [id=18096]
  0x000001aabf12c840 WorkerThread "GC Thread#4" [stack: 0x00000044fc600000,0x00000044fc700000] [id=21916]
  0x000001aabf12ba30 WorkerThread "GC Thread#5" [stack: 0x00000044fc700000,0x00000044fc800000] [id=24476]
  0x000001aabf12bfd0 WorkerThread "GC Thread#6" [stack: 0x00000044fc800000,0x00000044fc900000] [id=22652]
  0x000001ab06b632d0 WorkerThread "GC Thread#7" [stack: 0x00000044fc900000,0x00000044fca00000] [id=12964]
  0x000001ab06b63870 WorkerThread "GC Thread#8" [stack: 0x00000044fca00000,0x00000044fcb00000] [id=24556]
  0x000001ab06b624c0 WorkerThread "GC Thread#9" [stack: 0x00000044fcb00000,0x00000044fcc00000] [id=23724]
  0x000001ab06b621f0 WorkerThread "GC Thread#10" [stack: 0x00000044fcc00000,0x00000044fcd00000] [id=23176]
  0x000001ab06b63b40 WorkerThread "GC Thread#11" [stack: 0x00000044fcd00000,0x00000044fce00000] [id=15776]
  0x000001aa9a3fc660 ConcurrentGCThread "G1 Main Marker" [stack: 0x00000044fa800000,0x00000044fa900000] [id=22092]
  0x000001aa9a3fd090 WorkerThread "G1 Conc#0" [stack: 0x00000044fa900000,0x00000044faa00000] [id=14916]
  0x000001aabefebc60 ConcurrentGCThread "G1 Refine#0" [stack: 0x00000044faa00000,0x00000044fab00000] [id=21164]
  0x000001aabefec700 ConcurrentGCThread "G1 Service" [stack: 0x00000044fab00000,0x00000044fac00000] [id=23600]

Threads with active compile tasks:
C2 CompilerThread0     1240 2969       4       java.util.Spliterator::getExactSizeIfKnown (25 bytes)
C2 CompilerThread1     1240 2982       4       java.util.TimSort::binarySort (223 bytes)

VM state: not at safepoint (normal execution)

VM Mutex/Monitor currently owned by a thread:  ([mutex/lock_event])
[0x000001aa9a335af0] MethodCompileQueue_lock - owner thread: 0x000001ab05abd530
[0x000001aa9a334d70] Compile_lock - owner thread: 0x000001aa9a33b060

Heap address: 0x0000000604c00000, size: 8116 MB, Compressed Oops mode: Zero based, Oop shift amount: 3

CDS archive(s) mapped at: [0x000001aac0400000-0x000001aac1060000-0x000001aac1060000), size 12976128, SharedBaseAddress: 0x000001aac0400000, ArchiveRelocationMode: 1.
Compressed class space mapped at: 0x000001aac1400000-0x000001ab01400000, reserved size: 1073741824
Narrow klass base: 0x000001aac0400000, Narrow klass shift: 0, Narrow klass range: 0x100000000

GC Precious Log:
 CardTable entry size: 512
 Card Set container configuration: InlinePtr #cards 4 size 8 Array Of Cards #cards 32 size 80 Howl #buckets 8 coarsen threshold 7372 Howl Bitmap #cards 1024 size 144 coarsen threshold 921 Card regions per heap region 1 cards per card region 8192
 CPUs: 20 total, 20 available
 Memory: 32452M
 Large Page Support: Disabled
 NUMA Support: Disabled
 Compressed Oops: Enabled (Zero based)
 Heap Region Size: 4M
 Heap Min Capacity: 8M
 Heap Initial Capacity: 508M
 Heap Max Capacity: 8116M
 Pre-touch: Disabled
 Parallel Workers: 15
 Concurrent Workers: 4
 Concurrent Refinement Workers: 15
 Periodic GC: Disabled

Heap:
 garbage-first heap   total 520192K, used 22224K [0x0000000604c00000, 0x0000000800000000)
  region size 4096K, 7 young (28672K), 2 survivors (8192K)
 Metaspace       used 13939K, committed 14208K, reserved 1114112K
  class space    used 1639K, committed 1792K, reserved 1048576K

Heap Regions: E=young(eden), S=young(survivor), O=old, HS=humongous(starts), HC=humongous(continues), CS=collection set, F=free, OA=open archive, CA=closed archive, TAMS=top-at-mark-start, PB=parsable bottom
|   0|0x0000000604c00000, 0x0000000604c00000, 0x0000000605000000|  0%| F|  |TAMS 0x0000000604c00000| PB 0x0000000604c00000| Untracked 
|   1|0x0000000605000000, 0x0000000605000000, 0x0000000605400000|  0%| F|  |TAMS 0x0000000605000000| PB 0x0000000605000000| Untracked 
|   2|0x0000000605400000, 0x0000000605400000, 0x0000000605800000|  0%| F|  |TAMS 0x0000000605400000| PB 0x0000000605400000| Untracked 
|   3|0x0000000605800000, 0x0000000605800000, 0x0000000605c00000|  0%| F|  |TAMS 0x0000000605800000| PB 0x0000000605800000| Untracked 
|   4|0x0000000605c00000, 0x0000000605c00000, 0x0000000606000000|  0%| F|  |TAMS 0x0000000605c00000| PB 0x0000000605c00000| Untracked 
|   5|0x0000000606000000, 0x0000000606000000, 0x0000000606400000|  0%| F|  |TAMS 0x0000000606000000| PB 0x0000000606000000| Untracked 
|   6|0x0000000606400000, 0x0000000606400000, 0x0000000606800000|  0%| F|  |TAMS 0x0000000606400000| PB 0x0000000606400000| Untracked 
|   7|0x0000000606800000, 0x0000000606800000, 0x0000000606c00000|  0%| F|  |TAMS 0x0000000606800000| PB 0x0000000606800000| Untracked 
|   8|0x0000000606c00000, 0x0000000606c00000, 0x0000000607000000|  0%| F|  |TAMS 0x0000000606c00000| PB 0x0000000606c00000| Untracked 
|   9|0x0000000607000000, 0x0000000607000000, 0x0000000607400000|  0%| F|  |TAMS 0x0000000607000000| PB 0x0000000607000000| Untracked 
|  10|0x0000000607400000, 0x0000000607400000, 0x0000000607800000|  0%| F|  |TAMS 0x0000000607400000| PB 0x0000000607400000| Untracked 
|  11|0x0000000607800000, 0x0000000607800000, 0x0000000607c00000|  0%| F|  |TAMS 0x0000000607800000| PB 0x0000000607800000| Untracked 
|  12|0x0000000607c00000, 0x0000000607c00000, 0x0000000608000000|  0%| F|  |TAMS 0x0000000607c00000| PB 0x0000000607c00000| Untracked 
|  13|0x0000000608000000, 0x0000000608000000, 0x0000000608400000|  0%| F|  |TAMS 0x0000000608000000| PB 0x0000000608000000| Untracked 
|  14|0x0000000608400000, 0x0000000608400000, 0x0000000608800000|  0%| F|  |TAMS 0x0000000608400000| PB 0x0000000608400000| Untracked 
|  15|0x0000000608800000, 0x0000000608800000, 0x0000000608c00000|  0%| F|  |TAMS 0x0000000608800000| PB 0x0000000608800000| Untracked 
|  16|0x0000000608c00000, 0x0000000608c00000, 0x0000000609000000|  0%| F|  |TAMS 0x0000000608c00000| PB 0x0000000608c00000| Untracked 
|  17|0x0000000609000000, 0x0000000609000000, 0x0000000609400000|  0%| F|  |TAMS 0x0000000609000000| PB 0x0000000609000000| Untracked 
|  18|0x0000000609400000, 0x0000000609400000, 0x0000000609800000|  0%| F|  |TAMS 0x0000000609400000| PB 0x0000000609400000| Untracked 
|  19|0x0000000609800000, 0x0000000609800000, 0x0000000609c00000|  0%| F|  |TAMS 0x0000000609800000| PB 0x0000000609800000| Untracked 
|  20|0x0000000609c00000, 0x0000000609c00000, 0x000000060a000000|  0%| F|  |TAMS 0x0000000609c00000| PB 0x0000000609c00000| Untracked 
|  21|0x000000060a000000, 0x000000060a000000, 0x000000060a400000|  0%| F|  |TAMS 0x000000060a000000| PB 0x000000060a000000| Untracked 
|  22|0x000000060a400000, 0x000000060a400000, 0x000000060a800000|  0%| F|  |TAMS 0x000000060a400000| PB 0x000000060a400000| Untracked 
|  23|0x000000060a800000, 0x000000060a800000, 0x000000060ac00000|  0%| F|  |TAMS 0x000000060a800000| PB 0x000000060a800000| Untracked 
|  24|0x000000060ac00000, 0x000000060ac00000, 0x000000060b000000|  0%| F|  |TAMS 0x000000060ac00000| PB 0x000000060ac00000| Untracked 
|  25|0x000000060b000000, 0x000000060b000000, 0x000000060b400000|  0%| F|  |TAMS 0x000000060b000000| PB 0x000000060b000000| Untracked 
|  26|0x000000060b400000, 0x000000060b400000, 0x000000060b800000|  0%| F|  |TAMS 0x000000060b400000| PB 0x000000060b400000| Untracked 
|  27|0x000000060b800000, 0x000000060b800000, 0x000000060bc00000|  0%| F|  |TAMS 0x000000060b800000| PB 0x000000060b800000| Untracked 
|  28|0x000000060bc00000, 0x000000060bc00000, 0x000000060c000000|  0%| F|  |TAMS 0x000000060bc00000| PB 0x000000060bc00000| Untracked 
|  29|0x000000060c000000, 0x000000060c000000, 0x000000060c400000|  0%| F|  |TAMS 0x000000060c000000| PB 0x000000060c000000| Untracked 
|  30|0x000000060c400000, 0x000000060c400000, 0x000000060c800000|  0%| F|  |TAMS 0x000000060c400000| PB 0x000000060c400000| Untracked 
|  31|0x000000060c800000, 0x000000060c800000, 0x000000060cc00000|  0%| F|  |TAMS 0x000000060c800000| PB 0x000000060c800000| Untracked 
|  32|0x000000060cc00000, 0x000000060cc00000, 0x000000060d000000|  0%| F|  |TAMS 0x000000060cc00000| PB 0x000000060cc00000| Untracked 
|  33|0x000000060d000000, 0x000000060d000000, 0x000000060d400000|  0%| F|  |TAMS 0x000000060d000000| PB 0x000000060d000000| Untracked 
|  34|0x000000060d400000, 0x000000060d400000, 0x000000060d800000|  0%| F|  |TAMS 0x000000060d400000| PB 0x000000060d400000| Untracked 
|  35|0x000000060d800000, 0x000000060d800000, 0x000000060dc00000|  0%| F|  |TAMS 0x000000060d800000| PB 0x000000060d800000| Untracked 
|  36|0x000000060dc00000, 0x000000060dc00000, 0x000000060e000000|  0%| F|  |TAMS 0x000000060dc00000| PB 0x000000060dc00000| Untracked 
|  37|0x000000060e000000, 0x000000060e000000, 0x000000060e400000|  0%| F|  |TAMS 0x000000060e000000| PB 0x000000060e000000| Untracked 
|  38|0x000000060e400000, 0x000000060e400000, 0x000000060e800000|  0%| F|  |TAMS 0x000000060e400000| PB 0x000000060e400000| Untracked 
|  39|0x000000060e800000, 0x000000060e800000, 0x000000060ec00000|  0%| F|  |TAMS 0x000000060e800000| PB 0x000000060e800000| Untracked 
|  40|0x000000060ec00000, 0x000000060ec00000, 0x000000060f000000|  0%| F|  |TAMS 0x000000060ec00000| PB 0x000000060ec00000| Untracked 
|  41|0x000000060f000000, 0x000000060f000000, 0x000000060f400000|  0%| F|  |TAMS 0x000000060f000000| PB 0x000000060f000000| Untracked 
|  42|0x000000060f400000, 0x000000060f400000, 0x000000060f800000|  0%| F|  |TAMS 0x000000060f400000| PB 0x000000060f400000| Untracked 
|  43|0x000000060f800000, 0x000000060f800000, 0x000000060fc00000|  0%| F|  |TAMS 0x000000060f800000| PB 0x000000060f800000| Untracked 
|  44|0x000000060fc00000, 0x000000060fc00000, 0x0000000610000000|  0%| F|  |TAMS 0x000000060fc00000| PB 0x000000060fc00000| Untracked 
|  45|0x0000000610000000, 0x0000000610000000, 0x0000000610400000|  0%| F|  |TAMS 0x0000000610000000| PB 0x0000000610000000| Untracked 
|  46|0x0000000610400000, 0x0000000610400000, 0x0000000610800000|  0%| F|  |TAMS 0x0000000610400000| PB 0x0000000610400000| Untracked 
|  47|0x0000000610800000, 0x0000000610800000, 0x0000000610c00000|  0%| F|  |TAMS 0x0000000610800000| PB 0x0000000610800000| Untracked 
|  48|0x0000000610c00000, 0x0000000610c00000, 0x0000000611000000|  0%| F|  |TAMS 0x0000000610c00000| PB 0x0000000610c00000| Untracked 
|  49|0x0000000611000000, 0x0000000611000000, 0x0000000611400000|  0%| F|  |TAMS 0x0000000611000000| PB 0x0000000611000000| Untracked 
|  50|0x0000000611400000, 0x0000000611400000, 0x0000000611800000|  0%| F|  |TAMS 0x0000000611400000| PB 0x0000000611400000| Untracked 
|  51|0x0000000611800000, 0x0000000611800000, 0x0000000611c00000|  0%| F|  |TAMS 0x0000000611800000| PB 0x0000000611800000| Untracked 
|  52|0x0000000611c00000, 0x0000000611c00000, 0x0000000612000000|  0%| F|  |TAMS 0x0000000611c00000| PB 0x0000000611c00000| Untracked 
|  53|0x0000000612000000, 0x0000000612000000, 0x0000000612400000|  0%| F|  |TAMS 0x0000000612000000| PB 0x0000000612000000| Untracked 
|  54|0x0000000612400000, 0x0000000612400000, 0x0000000612800000|  0%| F|  |TAMS 0x0000000612400000| PB 0x0000000612400000| Untracked 
|  55|0x0000000612800000, 0x0000000612800000, 0x0000000612c00000|  0%| F|  |TAMS 0x0000000612800000| PB 0x0000000612800000| Untracked 
|  56|0x0000000612c00000, 0x0000000612c00000, 0x0000000613000000|  0%| F|  |TAMS 0x0000000612c00000| PB 0x0000000612c00000| Untracked 
|  57|0x0000000613000000, 0x0000000613000000, 0x0000000613400000|  0%| F|  |TAMS 0x0000000613000000| PB 0x0000000613000000| Untracked 
|  58|0x0000000613400000, 0x0000000613400000, 0x0000000613800000|  0%| F|  |TAMS 0x0000000613400000| PB 0x0000000613400000| Untracked 
|  59|0x0000000613800000, 0x0000000613800000, 0x0000000613c00000|  0%| F|  |TAMS 0x0000000613800000| PB 0x0000000613800000| Untracked 
|  60|0x0000000613c00000, 0x0000000613c00000, 0x0000000614000000|  0%| F|  |TAMS 0x0000000613c00000| PB 0x0000000613c00000| Untracked 
|  61|0x0000000614000000, 0x0000000614000000, 0x0000000614400000|  0%| F|  |TAMS 0x0000000614000000| PB 0x0000000614000000| Untracked 
|  62|0x0000000614400000, 0x0000000614400000, 0x0000000614800000|  0%| F|  |TAMS 0x0000000614400000| PB 0x0000000614400000| Untracked 
|  63|0x0000000614800000, 0x0000000614800000, 0x0000000614c00000|  0%| F|  |TAMS 0x0000000614800000| PB 0x0000000614800000| Untracked 
|  64|0x0000000614c00000, 0x0000000614c00000, 0x0000000615000000|  0%| F|  |TAMS 0x0000000614c00000| PB 0x0000000614c00000| Untracked 
|  65|0x0000000615000000, 0x0000000615000000, 0x0000000615400000|  0%| F|  |TAMS 0x0000000615000000| PB 0x0000000615000000| Untracked 
|  66|0x0000000615400000, 0x0000000615400000, 0x0000000615800000|  0%| F|  |TAMS 0x0000000615400000| PB 0x0000000615400000| Untracked 
|  67|0x0000000615800000, 0x0000000615800000, 0x0000000615c00000|  0%| F|  |TAMS 0x0000000615800000| PB 0x0000000615800000| Untracked 
|  68|0x0000000615c00000, 0x0000000615c00000, 0x0000000616000000|  0%| F|  |TAMS 0x0000000615c00000| PB 0x0000000615c00000| Untracked 
|  69|0x0000000616000000, 0x0000000616000000, 0x0000000616400000|  0%| F|  |TAMS 0x0000000616000000| PB 0x0000000616000000| Untracked 
|  70|0x0000000616400000, 0x0000000616400000, 0x0000000616800000|  0%| F|  |TAMS 0x0000000616400000| PB 0x0000000616400000| Untracked 
|  71|0x0000000616800000, 0x0000000616800000, 0x0000000616c00000|  0%| F|  |TAMS 0x0000000616800000| PB 0x0000000616800000| Untracked 
|  72|0x0000000616c00000, 0x0000000616c00000, 0x0000000617000000|  0%| F|  |TAMS 0x0000000616c00000| PB 0x0000000616c00000| Untracked 
|  73|0x0000000617000000, 0x0000000617000000, 0x0000000617400000|  0%| F|  |TAMS 0x0000000617000000| PB 0x0000000617000000| Untracked 
|  74|0x0000000617400000, 0x0000000617400000, 0x0000000617800000|  0%| F|  |TAMS 0x0000000617400000| PB 0x0000000617400000| Untracked 
|  75|0x0000000617800000, 0x0000000617800000, 0x0000000617c00000|  0%| F|  |TAMS 0x0000000617800000| PB 0x0000000617800000| Untracked 
|  76|0x0000000617c00000, 0x0000000617c00000, 0x0000000618000000|  0%| F|  |TAMS 0x0000000617c00000| PB 0x0000000617c00000| Untracked 
|  77|0x0000000618000000, 0x0000000618000000, 0x0000000618400000|  0%| F|  |TAMS 0x0000000618000000| PB 0x0000000618000000| Untracked 
|  78|0x0000000618400000, 0x0000000618400000, 0x0000000618800000|  0%| F|  |TAMS 0x0000000618400000| PB 0x0000000618400000| Untracked 
|  79|0x0000000618800000, 0x0000000618800000, 0x0000000618c00000|  0%| F|  |TAMS 0x0000000618800000| PB 0x0000000618800000| Untracked 
|  80|0x0000000618c00000, 0x0000000618c00000, 0x0000000619000000|  0%| F|  |TAMS 0x0000000618c00000| PB 0x0000000618c00000| Untracked 
|  81|0x0000000619000000, 0x0000000619000000, 0x0000000619400000|  0%| F|  |TAMS 0x0000000619000000| PB 0x0000000619000000| Untracked 
|  82|0x0000000619400000, 0x0000000619400000, 0x0000000619800000|  0%| F|  |TAMS 0x0000000619400000| PB 0x0000000619400000| Untracked 
|  83|0x0000000619800000, 0x0000000619800000, 0x0000000619c00000|  0%| F|  |TAMS 0x0000000619800000| PB 0x0000000619800000| Untracked 
|  84|0x0000000619c00000, 0x0000000619c00000, 0x000000061a000000|  0%| F|  |TAMS 0x0000000619c00000| PB 0x0000000619c00000| Untracked 
|  85|0x000000061a000000, 0x000000061a000000, 0x000000061a400000|  0%| F|  |TAMS 0x000000061a000000| PB 0x000000061a000000| Untracked 
|  86|0x000000061a400000, 0x000000061a400000, 0x000000061a800000|  0%| F|  |TAMS 0x000000061a400000| PB 0x000000061a400000| Untracked 
|  87|0x000000061a800000, 0x000000061a800000, 0x000000061ac00000|  0%| F|  |TAMS 0x000000061a800000| PB 0x000000061a800000| Untracked 
|  88|0x000000061ac00000, 0x000000061ac00000, 0x000000061b000000|  0%| F|  |TAMS 0x000000061ac00000| PB 0x000000061ac00000| Untracked 
|  89|0x000000061b000000, 0x000000061b000000, 0x000000061b400000|  0%| F|  |TAMS 0x000000061b000000| PB 0x000000061b000000| Untracked 
|  90|0x000000061b400000, 0x000000061b400000, 0x000000061b800000|  0%| F|  |TAMS 0x000000061b400000| PB 0x000000061b400000| Untracked 
|  91|0x000000061b800000, 0x000000061b800000, 0x000000061bc00000|  0%| F|  |TAMS 0x000000061b800000| PB 0x000000061b800000| Untracked 
|  92|0x000000061bc00000, 0x000000061bc00000, 0x000000061c000000|  0%| F|  |TAMS 0x000000061bc00000| PB 0x000000061bc00000| Untracked 
|  93|0x000000061c000000, 0x000000061c000000, 0x000000061c400000|  0%| F|  |TAMS 0x000000061c000000| PB 0x000000061c000000| Untracked 
|  94|0x000000061c400000, 0x000000061c400000, 0x000000061c800000|  0%| F|  |TAMS 0x000000061c400000| PB 0x000000061c400000| Untracked 
|  95|0x000000061c800000, 0x000000061c800000, 0x000000061cc00000|  0%| F|  |TAMS 0x000000061c800000| PB 0x000000061c800000| Untracked 
|  96|0x000000061cc00000, 0x000000061cc00000, 0x000000061d000000|  0%| F|  |TAMS 0x000000061cc00000| PB 0x000000061cc00000| Untracked 
|  97|0x000000061d000000, 0x000000061d000000, 0x000000061d400000|  0%| F|  |TAMS 0x000000061d000000| PB 0x000000061d000000| Untracked 
|  98|0x000000061d400000, 0x000000061d400000, 0x000000061d800000|  0%| F|  |TAMS 0x000000061d400000| PB 0x000000061d400000| Untracked 
|  99|0x000000061d800000, 0x000000061d800000, 0x000000061dc00000|  0%| F|  |TAMS 0x000000061d800000| PB 0x000000061d800000| Untracked 
| 100|0x000000061dc00000, 0x000000061dc00000, 0x000000061e000000|  0%| F|  |TAMS 0x000000061dc00000| PB 0x000000061dc00000| Untracked 
| 101|0x000000061e000000, 0x000000061e000000, 0x000000061e400000|  0%| F|  |TAMS 0x000000061e000000| PB 0x000000061e000000| Untracked 
| 102|0x000000061e400000, 0x000000061e400000, 0x000000061e800000|  0%| F|  |TAMS 0x000000061e400000| PB 0x000000061e400000| Untracked 
| 103|0x000000061e800000, 0x000000061e800000, 0x000000061ec00000|  0%| F|  |TAMS 0x000000061e800000| PB 0x000000061e800000| Untracked 
| 104|0x000000061ec00000, 0x000000061ec00000, 0x000000061f000000|  0%| F|  |TAMS 0x000000061ec00000| PB 0x000000061ec00000| Untracked 
| 105|0x000000061f000000, 0x000000061f000000, 0x000000061f400000|  0%| F|  |TAMS 0x000000061f000000| PB 0x000000061f000000| Untracked 
| 106|0x000000061f400000, 0x000000061f400000, 0x000000061f800000|  0%| F|  |TAMS 0x000000061f400000| PB 0x000000061f400000| Untracked 
| 107|0x000000061f800000, 0x000000061f800000, 0x000000061fc00000|  0%| F|  |TAMS 0x000000061f800000| PB 0x000000061f800000| Untracked 
| 108|0x000000061fc00000, 0x000000061fc00000, 0x0000000620000000|  0%| F|  |TAMS 0x000000061fc00000| PB 0x000000061fc00000| Untracked 
| 109|0x0000000620000000, 0x0000000620000000, 0x0000000620400000|  0%| F|  |TAMS 0x0000000620000000| PB 0x0000000620000000| Untracked 
| 110|0x0000000620400000, 0x0000000620400000, 0x0000000620800000|  0%| F|  |TAMS 0x0000000620400000| PB 0x0000000620400000| Untracked 
| 111|0x0000000620800000, 0x0000000620800000, 0x0000000620c00000|  0%| F|  |TAMS 0x0000000620800000| PB 0x0000000620800000| Untracked 
| 112|0x0000000620c00000, 0x0000000620c00000, 0x0000000621000000|  0%| F|  |TAMS 0x0000000620c00000| PB 0x0000000620c00000| Untracked 
| 113|0x0000000621000000, 0x0000000621000000, 0x0000000621400000|  0%| F|  |TAMS 0x0000000621000000| PB 0x0000000621000000| Untracked 
| 114|0x0000000621400000, 0x0000000621400000, 0x0000000621800000|  0%| F|  |TAMS 0x0000000621400000| PB 0x0000000621400000| Untracked 
| 115|0x0000000621800000, 0x0000000621800000, 0x0000000621c00000|  0%| F|  |TAMS 0x0000000621800000| PB 0x0000000621800000| Untracked 
| 116|0x0000000621c00000, 0x0000000621db4068, 0x0000000622000000| 42%| S|CS|TAMS 0x0000000621c00000| PB 0x0000000621c00000| Complete 
| 117|0x0000000622000000, 0x0000000622400000, 0x0000000622400000|100%| S|CS|TAMS 0x0000000622000000| PB 0x0000000622000000| Complete 
| 118|0x0000000622400000, 0x0000000622400000, 0x0000000622800000|  0%| F|  |TAMS 0x0000000622400000| PB 0x0000000622400000| Untracked 
| 119|0x0000000622800000, 0x0000000622800000, 0x0000000622c00000|  0%| F|  |TAMS 0x0000000622800000| PB 0x0000000622800000| Untracked 
| 120|0x0000000622c00000, 0x0000000622c00000, 0x0000000623000000|  0%| F|  |TAMS 0x0000000622c00000| PB 0x0000000622c00000| Untracked 
| 121|0x0000000623000000, 0x0000000623000000, 0x0000000623400000|  0%| F|  |TAMS 0x0000000623000000| PB 0x0000000623000000| Untracked 
| 122|0x0000000623400000, 0x00000006237a66a8, 0x0000000623800000| 91%| E|  |TAMS 0x0000000623400000| PB 0x0000000623400000| Complete 
| 123|0x0000000623800000, 0x0000000623c00000, 0x0000000623c00000|100%| E|CS|TAMS 0x0000000623800000| PB 0x0000000623800000| Complete 
| 124|0x0000000623c00000, 0x0000000624000000, 0x0000000624000000|100%| E|CS|TAMS 0x0000000623c00000| PB 0x0000000623c00000| Complete 
| 125|0x0000000624000000, 0x0000000624400000, 0x0000000624400000|100%| E|CS|TAMS 0x0000000624000000| PB 0x0000000624000000| Complete 
| 126|0x0000000624400000, 0x0000000624800000, 0x0000000624800000|100%| E|CS|TAMS 0x0000000624400000| PB 0x0000000624400000| Complete 

Card table byte_map: [0x000001aab2e80000,0x000001aab3e60000] _byte_map_base: 0x000001aaafe5a000

Marking Bits: (CMBitMap*) 0x000001aa9a3ebff0
 Bits: [0x000001aab4e40000, 0x000001aabcd10000)

Polling page: 0x000001aa99b00000

Metaspace:

Usage:
  Non-class:     12.01 MB used.
      Class:      1.60 MB used.
       Both:     13.61 MB used.

Virtual space:
  Non-class space:       64.00 MB reserved,      12.12 MB ( 19%) committed,  1 nodes.
      Class space:        1.00 GB reserved,       1.75 MB ( <1%) committed,  1 nodes.
             Both:        1.06 GB reserved,      13.88 MB (  1%) committed. 

Chunk freelists:
   Non-Class:  3.60 MB
       Class:  2.29 MB
        Both:  5.88 MB

MaxMetaspaceSize: unlimited
CompressedClassSpaceSize: 1.00 GB
Initial GC threshold: 21.00 MB
Current GC threshold: 21.00 MB
CDS: on
MetaspaceReclaimPolicy: balanced
 - commit_granule_bytes: 65536.
 - commit_granule_words: 8192.
 - virtual_space_node_default_size: 8388608.
 - enlarge_chunks_in_place: 1.
 - new_chunks_are_fully_committed: 0.
 - uncommit_free_chunks: 1.
 - use_allocation_guard: 0.


Internal statistics:

num_allocs_failed_limit: 0.
num_arena_births: 140.
num_arena_deaths: 0.
num_vsnodes_births: 2.
num_vsnodes_deaths: 0.
num_space_committed: 222.
num_space_uncommitted: 0.
num_chunks_returned_to_freelist: 0.
num_chunks_taken_from_freelist: 568.
num_chunk_merges: 0.
num_chunk_splits: 403.
num_chunks_enlarged: 332.
num_inconsistent_stats: 0.

CodeHeap 'non-profiled nmethods': size=119168Kb used=1114Kb max_used=1114Kb free=118053Kb
 bounds [0x000001aaa9fa0000, 0x000001aaaa210000, 0x000001aab1400000]
CodeHeap 'profiled nmethods': size=119104Kb used=5880Kb max_used=5880Kb free=113223Kb
 bounds [0x000001aaa2400000, 0x000001aaa29c0000, 0x000001aaa9850000]
CodeHeap 'non-nmethods': size=7488Kb used=3168Kb max_used=3184Kb free=4319Kb
 bounds [0x000001aaa9850000, 0x000001aaa9b70000, 0x000001aaa9fa0000]
 total_blobs=3507 nmethods=3011 adapters=401
 compilation: enabled
              stopped_count=0, restarted_count=0
 full_count=0

Compilation events (20 events):
Event: 1.214 Thread 0x000001ab05ab83a0 2959       3       com.google.inject.Key::ensureRetainedAtRuntime (14 bytes)
Event: 1.214 Thread 0x000001ab054ebc50 2960       3       com.google.inject.Key::ensureIsBindingAnnotation (14 bytes)
Event: 1.214 Thread 0x000001ab05ab83a0 nmethod 2959 0x000001aaa299e890 code [0x000001aaa299eaa0, 0x000001aaa299f230]
Event: 1.214 Thread 0x000001ab054ebc50 nmethod 2960 0x000001aaa299f510 code [0x000001aaa299f740, 0x000001aaa299fef0]
Event: 1.215 Thread 0x000001ab054f85e0 2961       3       com.google.inject.Key::hasAttributes (10 bytes)
Event: 1.215 Thread 0x000001ab054f85e0 nmethod 2961 0x000001aaa29a0290 code [0x000001aaa29a0420, 0x000001aaa29a05f8]
Event: 1.215 Thread 0x000001ab05427dc0 2962       3       java.lang.PublicMethods$Key::hashCode (19 bytes)
Event: 1.215 Thread 0x000001ab054f85e0 2963       3       java.lang.Module::implIsExportedOrOpen (92 bytes)
Event: 1.215 Thread 0x000001ab05427dc0 nmethod 2962 0x000001aaa29a0710 code [0x000001aaa29a08a0, 0x000001aaa29a0a28]
Event: 1.215 Thread 0x000001ab05ab83a0 2964       3       java.util.ArrayList::<init> (12 bytes)
Event: 1.215 Thread 0x000001ab054f85e0 nmethod 2963 0x000001aaa29a0b10 code [0x000001aaa29a0d20, 0x000001aaa29a1448]
Event: 1.216 Thread 0x000001ab05ab83a0 nmethod 2964 0x000001aaa29a1610 code [0x000001aaa29a17c0, 0x000001aaa29a1a68]
Event: 1.216 Thread 0x000001ab05ab83a0 2965       3       jdk.internal.org.objectweb.asm.Frame::execute (2305 bytes)
Event: 1.216 Thread 0x000001ab05427dc0 2966       3       jdk.internal.org.objectweb.asm.SymbolTable::addConstantUtf8 (98 bytes)
Event: 1.216 Thread 0x000001ab054ebc50 2967       3       java.lang.reflect.ProxyGenerator$ProxyMethod::emitIconstInsn (75 bytes)
Event: 1.216 Thread 0x000001ab054ebc50 nmethod 2967 0x000001aaa29a1b90 code [0x000001aaa29a1dc0, 0x000001aaa29a2680]
Event: 1.216 Thread 0x000001ab05427dc0 nmethod 2966 0x000001aaa29a2890 code [0x000001aaa29a2aa0, 0x000001aaa29a3090]
Event: 1.217 Thread 0x000001ab054ebc50 2968       3       java.lang.invoke.MethodHandles$Lookup::restrictProtectedReceiver (51 bytes)
Event: 1.217 Thread 0x000001ab054ebc50 nmethod 2968 0x000001aaa29a3410 code [0x000001aaa29a35e0, 0x000001aaa29a3b10]
Event: 1.217 Thread 0x000001ab05427310 2969       4       java.util.Spliterator::getExactSizeIfKnown (25 bytes)

GC Heap History (4 events):
Event: 0.575 GC heap before
{Heap before GC invocations=0 (full 0):
 garbage-first heap   total 520192K, used 24576K [0x0000000604c00000, 0x0000000800000000)
  region size 4096K, 6 young (24576K), 0 survivors (0K)
 Metaspace       used 6015K, committed 6208K, reserved 1114112K
  class space    used 681K, committed 768K, reserved 1048576K
}
Event: 0.579 GC heap after
{Heap after GC invocations=1 (full 0):
 garbage-first heap   total 520192K, used 4069K [0x0000000604c00000, 0x0000000800000000)
  region size 4096K, 1 young (4096K), 1 survivors (4096K)
 Metaspace       used 6015K, committed 6208K, reserved 1114112K
  class space    used 681K, committed 768K, reserved 1048576K
}
Event: 0.980 GC heap before
{Heap before GC invocations=1 (full 0):
 garbage-first heap   total 520192K, used 36837K [0x0000000604c00000, 0x0000000800000000)
  region size 4096K, 9 young (36864K), 1 survivors (4096K)
 Metaspace       used 10320K, committed 10496K, reserved 1114112K
  class space    used 1214K, committed 1280K, reserved 1048576K
}
Event: 0.983 GC heap after
{Heap after GC invocations=2 (full 0):
 garbage-first heap   total 520192K, used 5840K [0x0000000604c00000, 0x0000000800000000)
  region size 4096K, 2 young (8192K), 2 survivors (8192K)
 Metaspace       used 10320K, committed 10496K, reserved 1114112K
  class space    used 1214K, committed 1280K, reserved 1048576K
}

Dll operation events (12 events):
Event: 0.005 Loaded shared library C:\Program Files\Java\jdk-20.0.2\bin\java.dll
Event: 0.016 Loaded shared library C:\Program Files\Java\jdk-20.0.2\bin\jsvml.dll
Event: 0.041 Loaded shared library C:\Program Files\Java\jdk-20.0.2\bin\zip.dll
Event: 0.042 Loaded shared library C:\Program Files\Java\jdk-20.0.2\bin\instrument.dll
Event: 0.045 Loaded shared library C:\Program Files\Java\jdk-20.0.2\bin\net.dll
Event: 0.045 Loaded shared library C:\Program Files\Java\jdk-20.0.2\bin\nio.dll
Event: 0.047 Loaded shared library C:\Program Files\Java\jdk-20.0.2\bin\zip.dll
Event: 0.053 Loaded shared library C:\Program Files\JetBrains\IntelliJ IDEA Community Edition 2023.2.1\bin\breakgen64.dll
Event: 0.057 Loaded shared library C:\Program Files\Java\jdk-20.0.2\bin\extnet.dll
Event: 0.103 Loaded shared library C:\Program Files\Java\jdk-20.0.2\bin\jimage.dll
Event: 0.333 Loaded shared library C:\Users\micha\AppData\Local\Temp\jansi-2.4.0-ffa04858e31ada04-jansi.dll
Event: 0.341 Loaded shared library C:\Program Files\Java\jdk-20.0.2\bin\verify.dll

Deoptimization events (20 events):
Event: 1.148 Thread 0x000001aa9a33b060 Uncommon trap: trap_request=0xffffffc6 fr.pc=0x000001aaaa03e628 relative=0x0000000000000b08
Event: 1.148 Thread 0x000001aa9a33b060 Uncommon trap: reason=bimorphic_or_optimized_type_check action=maybe_recompile pc=0x000001aaaa03e628 method=java.util.HashMap.putVal(ILjava/lang/Object;Ljava/lang/Object;ZZ)Ljava/lang/Object; @ 91 c2
Event: 1.148 Thread 0x000001aa9a33b060 DEOPT PACKING pc=0x000001aaaa03e628 sp=0x00000044fa6fe450
Event: 1.148 Thread 0x000001aa9a33b060 DEOPT UNPACKING pc=0x000001aaa98b9d22 sp=0x00000044fa6fe380 mode 2
Event: 1.165 Thread 0x000001aa9a33b060 Uncommon trap: trap_request=0xffffff45 fr.pc=0x000001aaaa0810b8 relative=0x00000000000000b8
Event: 1.165 Thread 0x000001aa9a33b060 Uncommon trap: reason=unstable_if action=reinterpret pc=0x000001aaaa0810b8 method=java.lang.ref.ReferenceQueue.poll()Ljava/lang/ref/Reference; @ 4 c2
Event: 1.165 Thread 0x000001aa9a33b060 DEOPT PACKING pc=0x000001aaaa0810b8 sp=0x00000044fa6fe9e0
Event: 1.165 Thread 0x000001aa9a33b060 DEOPT UNPACKING pc=0x000001aaa98b9d22 sp=0x00000044fa6fe880 mode 2
Event: 1.165 Thread 0x000001aa9a33b060 Uncommon trap: trap_request=0xffffff45 fr.pc=0x000001aaaa03a578 relative=0x0000000000000078
Event: 1.165 Thread 0x000001aa9a33b060 Uncommon trap: reason=unstable_if action=reinterpret pc=0x000001aaaa03a578 method=java.lang.ref.ReferenceQueue.poll()Ljava/lang/ref/Reference; @ 4 c2
Event: 1.165 Thread 0x000001aa9a33b060 DEOPT PACKING pc=0x000001aaaa03a578 sp=0x00000044fa6fe8e0
Event: 1.165 Thread 0x000001aa9a33b060 DEOPT UNPACKING pc=0x000001aaa98b9d22 sp=0x00000044fa6fe870 mode 2
Event: 1.215 Thread 0x000001aa9a33b060 Uncommon trap: trap_request=0xffffff45 fr.pc=0x000001aaaa08dc84 relative=0x0000000000001344
Event: 1.215 Thread 0x000001aa9a33b060 Uncommon trap: reason=unstable_if action=reinterpret pc=0x000001aaaa08dc84 method=jdk.internal.org.objectweb.asm.Frame.execute(IILjdk/internal/org/objectweb/asm/Symbol;Ljdk/internal/org/objectweb/asm/SymbolTable;)V @ 1 c2
Event: 1.215 Thread 0x000001aa9a33b060 DEOPT PACKING pc=0x000001aaaa08dc84 sp=0x00000044fa6f9660
Event: 1.215 Thread 0x000001aa9a33b060 DEOPT UNPACKING pc=0x000001aaa98b9d22 sp=0x00000044fa6f95c8 mode 2
Event: 1.216 Thread 0x000001aa9a33b060 Uncommon trap: trap_request=0xffffff45 fr.pc=0x000001aaaa0863a4 relative=0x00000000000009c4
Event: 1.216 Thread 0x000001aa9a33b060 Uncommon trap: reason=unstable_if action=reinterpret pc=0x000001aaaa0863a4 method=jdk.internal.org.objectweb.asm.SymbolTable.put(Ljdk/internal/org/objectweb/asm/SymbolTable$Entry;)Ljdk/internal/org/objectweb/asm/SymbolTable$Entry; @ 13 c2
Event: 1.216 Thread 0x000001aa9a33b060 DEOPT PACKING pc=0x000001aaaa0863a4 sp=0x00000044fa6f9370
Event: 1.216 Thread 0x000001aa9a33b060 DEOPT UNPACKING pc=0x000001aaa98b9d22 sp=0x00000044fa6f92a8 mode 2

Classes loaded (20 events):
Event: 1.206 Loading class sun/security/provider/DRBG
Event: 1.206 Loading class java/security/SecureRandomSpi
Event: 1.206 Loading class java/security/SecureRandomSpi done
Event: 1.206 Loading class sun/security/provider/DRBG done
Event: 1.207 Loading class java/security/DrbgParameters$Capability
Event: 1.207 Loading class java/security/DrbgParameters$Capability done
Event: 1.207 Loading class sun/security/provider/MoreDrbgParameters
Event: 1.207 Loading class sun/security/provider/MoreDrbgParameters done
Event: 1.207 Loading class java/security/DrbgParameters
Event: 1.207 Loading class java/security/DrbgParameters done
Event: 1.207 Loading class java/security/DrbgParameters$Instantiation
Event: 1.207 Loading class java/security/DrbgParameters$Instantiation done
Event: 1.207 Loading class sun/security/provider/HashDrbg
Event: 1.207 Loading class sun/security/provider/AbstractHashDrbg
Event: 1.207 Loading class sun/security/provider/AbstractDrbg
Event: 1.207 Loading class sun/security/provider/AbstractDrbg done
Event: 1.207 Loading class sun/security/provider/AbstractHashDrbg done
Event: 1.207 Loading class sun/security/provider/HashDrbg done
Event: 1.207 Loading class sun/security/provider/EntropySource
Event: 1.207 Loading class sun/security/provider/EntropySource done

Classes unloaded (0 events):
No events

Classes redefined (0 events):
No events

Internal exceptions (20 events):
Event: 0.493 Thread 0x000001aa9a33b060 Exception <a 'java/lang/NoSuchMethodError'{0x000000062357bb40}: 'java.lang.Object java.lang.invoke.DirectMethodHandle$Holder.invokeInterface(java.lang.Object, java.lang.Object)'> (0x000000062357bb40) 
thrown [s\open\src\hotspot\share\interpreter\linkResolver.cpp, line 773]
Event: 0.500 Thread 0x000001aa9a33b060 Exception <a 'java/lang/NoSuchMethodError'{0x0000000623614c10}: 'int java.lang.invoke.DirectMethodHandle$Holder.invokeStatic(java.lang.Object, java.lang.Object, java.lang.Object, java.lang.Object)'> (0x0000000623614c10) 
thrown [s\open\src\hotspot\share\interpreter\linkResolver.cpp, line 773]
Event: 0.500 Thread 0x000001aa9a33b060 Exception <a 'java/lang/NoSuchMethodError'{0x0000000623618290}: 'java.lang.Object java.lang.invoke.Invokers$Holder.invokeExact_MT(java.lang.Object, java.lang.Object, java.lang.Object, java.lang.Object, java.lang.Object, java.lang.Object)'> (0x0000000623618290) 
thrown [s\open\src\hotspot\share\interpreter\linkResolver.cpp, line 773]
Event: 0.502 Thread 0x000001aa9a33b060 Exception <a 'java/lang/NoSuchMethodError'{0x0000000623628738}: 'int java.lang.invoke.DirectMethodHandle$Holder.invokeSpecialIFC(java.lang.Object, java.lang.Object, java.lang.Object, java.lang.Object, java.lang.Object)'> (0x0000000623628738) 
thrown [s\open\src\hotspot\share\interpreter\linkResolver.cpp, line 773]
Event: 0.526 Thread 0x000001aa9a33b060 Exception <a 'java/lang/NoSuchMethodError'{0x00000006237b4ae0}: 'java.lang.Object java.lang.invoke.DirectMethodHandle$Holder.newInvokeSpecial(java.lang.Object, java.lang.Object, java.lang.Object, java.lang.Object, java.lang.Object)'> (0x00000006237b4ae0) 
thrown [s\open\src\hotspot\share\interpreter\linkResolver.cpp, line 773]
Event: 0.540 Thread 0x000001aa9a33b060 Exception <a 'java/lang/NoSuchMethodError'{0x00000006230b1038}: 'int java.lang.invoke.DirectMethodHandle$Holder.invokeStaticInit(java.lang.Object, java.lang.Object)'> (0x00000006230b1038) 
thrown [s\open\src\hotspot\share\interpreter\linkResolver.cpp, line 773]
Event: 0.544 Thread 0x000001aa9a33b060 Exception <a 'java/lang/NoClassDefFoundError'{0x00000006230e64e0}: javax/enterprise/inject/Typed> (0x00000006230e64e0) 
thrown [s\open\src\hotspot\share\classfile\systemDictionary.cpp, line 294]
Event: 1.011 Thread 0x000001aa9a33b060 Exception <a 'java/lang/NoSuchMethodError'{0x00000006246ce7b8}: 'void java.lang.invoke.DirectMethodHandle$Holder.invokeStaticInit(java.lang.Object, java.lang.Object, java.lang.Object)'> (0x00000006246ce7b8) 
thrown [s\open\src\hotspot\share\interpreter\linkResolver.cpp, line 773]
Event: 1.017 Thread 0x000001aa9a33b060 Exception <a 'java/lang/ExceptionInInitializerError'{0x00000006246f8b00}> (0x00000006246f8b00) 
thrown [s\open\src\hotspot\share\oops\instanceKlass.cpp, line 1160]
Event: 1.041 Thread 0x000001aa9a33b060 Exception <a 'java/lang/NoSuchMethodError'{0x00000006241577c8}: 'long java.lang.invoke.DirectMethodHandle$Holder.invokeStatic(java.lang.Object, java.lang.Object, int)'> (0x00000006241577c8) 
thrown [s\open\src\hotspot\share\interpreter\linkResolver.cpp, line 773]
Event: 1.042 Thread 0x000001aa9a33b060 Exception <a 'java/lang/NoSuchMethodError'{0x000000062416a860}: 'java.lang.Object java.lang.invoke.DirectMethodHandle$Holder.invokeStatic(java.lang.Object, java.lang.Object, java.lang.Object, java.lang.Object, int)'> (0x000000062416a860) 
thrown [s\open\src\hotspot\share\interpreter\linkResolver.cpp, line 773]
Event: 1.042 Thread 0x000001aa9a33b060 Exception <a 'java/lang/NoSuchMethodError'{0x0000000624172778}: 'java.lang.Object java.lang.invoke.DirectMethodHandle$Holder.invokeSpecial(java.lang.Object, java.lang.Object, java.lang.Object, java.lang.Object, long)'> (0x0000000624172778) 
thrown [s\open\src\hotspot\share\interpreter\linkResolver.cpp, line 773]
Event: 1.043 Thread 0x000001aa9a33b060 Exception <a 'java/lang/NoSuchMethodError'{0x000000062417e268}: 'java.lang.Object java.lang.invoke.DirectMethodHandle$Holder.invokeSpecial(java.lang.Object, java.lang.Object, java.lang.Object, int, java.lang.Object)'> (0x000000062417e268) 
thrown [s\open\src\hotspot\share\interpreter\linkResolver.cpp, line 773]
Event: 1.044 Thread 0x000001aa9a33b060 Exception <a 'java/lang/NoSuchMethodError'{0x0000000624186388}: 'int java.lang.invoke.DirectMethodHandle$Holder.invokeSpecial(java.lang.Object, java.lang.Object, java.lang.Object, int)'> (0x0000000624186388) 
thrown [s\open\src\hotspot\share\interpreter\linkResolver.cpp, line 773]
Event: 1.046 Thread 0x000001aa9a33b060 Implicit null exception at 0x000001aaaa03c39d to 0x000001aaaa03c4fc
Event: 1.047 Thread 0x000001aa9a33b060 Exception <a 'java/lang/NoSuchMethodError'{0x00000006241ab128}: 'java.lang.Object java.lang.invoke.Invokers$Holder.invokeExact_MT(java.lang.Object, int, java.lang.Object)'> (0x00000006241ab128) 
thrown [s\open\src\hotspot\share\interpreter\linkResolver.cpp, line 773]
Event: 1.154 Thread 0x000001aa9a33b060 Exception <a 'java/lang/NoSuchMethodError'{0x00000006239c8628}: 'void java.lang.invoke.Invokers$Holder.invokeExact_MT(java.lang.Object, java.lang.Object, java.lang.Object, java.lang.Object)'> (0x00000006239c8628) 
thrown [s\open\src\hotspot\share\interpreter\linkResolver.cpp, line 773]
Event: 1.162 Thread 0x000001aa9a33b060 Exception <a 'java/lang/NoClassDefFoundError'{0x0000000623a54c60}: com/google/inject/servlet/ServletModuleTargetVisitor> (0x0000000623a54c60) 
thrown [s\open\src\hotspot\share\classfile\systemDictionary.cpp, line 294]
Event: 1.196 Thread 0x000001aa9a33b060 Exception <a 'java/lang/NoSuchMethodError'{0x00000006235056a0}: 'void java.lang.invoke.DirectMethodHandle$Holder.invokeVirtual(java.lang.Object, java.lang.Object)'> (0x00000006235056a0) 
thrown [s\open\src\hotspot\share\interpreter\linkResolver.cpp, line 773]
Event: 1.208 Thread 0x000001aa9a33b060 Exception <a 'java/lang/NoSuchMethodError'{0x0000000623594678}: 'java.lang.Object java.lang.invoke.DirectMethodHandle$Holder.invokeStaticInit(java.lang.Object, int, int, int, int)'> (0x0000000623594678) 
thrown [s\open\src\hotspot\share\interpreter\linkResolver.cpp, line 773]

VM Operations (20 events):
Event: 0.909 Executing VM operation: ICBufferFull
Event: 0.909 Executing VM operation: ICBufferFull done
Event: 0.980 Executing VM operation: G1CollectForAllocation
Event: 0.983 Executing VM operation: G1CollectForAllocation done
Event: 1.027 Executing VM operation: HandshakeAllThreads
Event: 1.027 Executing VM operation: HandshakeAllThreads done
Event: 1.064 Executing VM operation: HandshakeAllThreads
Event: 1.064 Executing VM operation: HandshakeAllThreads done
Event: 1.065 Executing VM operation: HandshakeAllThreads
Event: 1.065 Executing VM operation: HandshakeAllThreads done
Event: 1.089 Executing VM operation: HandshakeAllThreads
Event: 1.089 Executing VM operation: HandshakeAllThreads done
Event: 1.127 Executing VM operation: ICBufferFull
Event: 1.127 Executing VM operation: ICBufferFull done
Event: 1.152 Executing VM operation: HandshakeAllThreads
Event: 1.152 Executing VM operation: HandshakeAllThreads done
Event: 1.202 Executing VM operation: HandshakeAllThreads
Event: 1.202 Executing VM operation: HandshakeAllThreads done
Event: 1.215 Executing VM operation: HandshakeAllThreads
Event: 1.215 Executing VM operation: HandshakeAllThreads done

Events (20 events):
Event: 0.023 Thread 0x000001ab05421d30 Thread added: 0x000001ab05421d30
Event: 0.023 Thread 0x000001ab05424820 Thread added: 0x000001ab05424820
Event: 0.023 Thread 0x000001ab05426570 Thread added: 0x000001ab05426570
Event: 0.023 Thread 0x000001ab05427310 Thread added: 0x000001ab05427310
Event: 0.023 Thread 0x000001ab05427dc0 Thread added: 0x000001ab05427dc0
Event: 0.026 Thread 0x000001ab054ebc50 Thread added: 0x000001ab054ebc50
Event: 0.026 Thread 0x000001ab054f85e0 Thread added: 0x000001ab054f85e0
Event: 0.032 Thread 0x000001ab055e6af0 Thread added: 0x000001ab055e6af0
Event: 0.039 Thread 0x000001ab055f4540 Thread added: 0x000001ab055f4540
Event: 0.053 Thread 0x000001ab0568e740 Thread added: 0x000001ab0568e740
Event: 0.053 Thread 0x000001ab0568f4a0 Thread added: 0x000001ab0568f4a0
Event: 0.334 Thread 0x000001ab055f4540 Thread exited: 0x000001ab055f4540
Event: 0.382 Thread 0x000001ab05abd530 Thread added: 0x000001ab05abd530
Event: 0.408 Thread 0x000001ab05ab83a0 Thread added: 0x000001ab05ab83a0
Event: 0.550 Thread 0x000001ab05d875c0 Thread added: 0x000001ab05d875c0
Event: 0.551 Thread 0x000001ab05d50c20 Thread added: 0x000001ab05d50c20
Event: 0.559 Thread 0x000001ab05ae0020 Thread added: 0x000001ab05ae0020
Event: 0.559 Thread 0x000001ab05ae05b0 Thread added: 0x000001ab05ae05b0
Event: 0.559 Thread 0x000001ab06021680 Thread added: 0x000001ab06021680
Event: 0.564 Thread 0x000001ab065ffa20 Thread added: 0x000001ab065ffa20


Dynamic libraries:
0x00007ff6a9c90000 - 0x00007ff6a9c9e000 	C:\Program Files\Java\jdk-20.0.2\bin\java.exe
0x00007ffa22650000 - 0x00007ffa22867000 	C:\Windows\SYSTEM32\ntdll.dll
0x00007ffa20400000 - 0x00007ffa204c4000 	C:\Windows\System32\KERNEL32.DLL
0x00007ffa1fdc0000 - 0x00007ffa20166000 	C:\Windows\System32\KERNELBASE.dll
0x00007ffa20210000 - 0x00007ffa20321000 	C:\Windows\System32\ucrtbase.dll
0x00007ffa02c40000 - 0x00007ffa02c57000 	C:\Program Files\Java\jdk-20.0.2\bin\jli.dll
0x00007ffa01d70000 - 0x00007ffa01d8b000 	C:\Program Files\Java\jdk-20.0.2\bin\VCRUNTIME140.dll
0x00007ffa214f0000 - 0x00007ffa2169d000 	C:\Windows\System32\USER32.dll
0x00007ffa20170000 - 0x00007ffa20196000 	C:\Windows\System32\win32u.dll
0x00007ffa22340000 - 0x00007ffa22369000 	C:\Windows\System32\GDI32.dll
0x00007ffa1ec30000 - 0x00007ffa1eec3000 	C:\Windows\WinSxS\amd64_microsoft.windows.common-controls_6595b64144ccf1df_6.0.22621.2361_none_2712ced57382f843\COMCTL32.dll
0x00007ffa1fc00000 - 0x00007ffa1fd18000 	C:\Windows\System32\gdi32full.dll
0x00007ffa21820000 - 0x00007ffa218c7000 	C:\Windows\System32\msvcrt.dll
0x00007ffa1fd20000 - 0x00007ffa1fdba000 	C:\Windows\System32\msvcp_win.dll
0x00007ffa21fa0000 - 0x00007ffa21fd1000 	C:\Windows\System32\IMM32.DLL
0x00007ffa01f40000 - 0x00007ffa01f4c000 	C:\Program Files\Java\jdk-20.0.2\bin\vcruntime140_1.dll
0x00007ff9e9530000 - 0x00007ff9e95be000 	C:\Program Files\Java\jdk-20.0.2\bin\msvcp140.dll
0x00007ff98ab80000 - 0x00007ff98b818000 	C:\Program Files\Java\jdk-20.0.2\bin\server\jvm.dll
0x00007ffa21990000 - 0x00007ffa21a40000 	C:\Windows\System32\ADVAPI32.dll
0x00007ffa205b0000 - 0x00007ffa20656000 	C:\Windows\System32\sechost.dll
0x00007ffa21fe0000 - 0x00007ffa220f7000 	C:\Windows\System32\RPCRT4.dll
0x00007ffa16c10000 - 0x00007ffa16c19000 	C:\Windows\SYSTEM32\WSOCK32.dll
0x00007ffa14d90000 - 0x00007ffa14d9a000 	C:\Windows\SYSTEM32\VERSION.dll
0x00007ffa19160000 - 0x00007ffa19194000 	C:\Windows\SYSTEM32\WINMM.dll
0x00007ffa21340000 - 0x00007ffa213b1000 	C:\Windows\System32\WS2_32.dll
0x00007ffa1e170000 - 0x00007ffa1e188000 	C:\Windows\SYSTEM32\kernel.appcore.dll
0x00007ffa01c80000 - 0x00007ffa01c8a000 	C:\Program Files\Java\jdk-20.0.2\bin\jimage.dll
0x00007ffa1f360000 - 0x00007ffa1f58e000 	C:\Windows\SYSTEM32\DBGHELP.DLL
0x00007ffa21a50000 - 0x00007ffa21dda000 	C:\Windows\System32\combase.dll
0x00007ffa204d0000 - 0x00007ffa205a7000 	C:\Windows\System32\OLEAUT32.dll
0x00007ffa1f1c0000 - 0x00007ffa1f1f2000 	C:\Windows\SYSTEM32\dbgcore.DLL
0x00007ffa20330000 - 0x00007ffa203aa000 	C:\Windows\System32\bcryptPrimitives.dll
0x00007ffa138c0000 - 0x00007ffa138ce000 	C:\Program Files\Java\jdk-20.0.2\bin\instrument.dll
0x00007ff9edc40000 - 0x00007ff9edc66000 	C:\Program Files\Java\jdk-20.0.2\bin\java.dll
0x00007ff9cddd0000 - 0x00007ff9cdea7000 	C:\Program Files\Java\jdk-20.0.2\bin\jsvml.dll
0x00007ffa20660000 - 0x00007ffa20eb8000 	C:\Windows\System32\SHELL32.dll
0x00007ffa1cef0000 - 0x00007ffa1d7e2000 	C:\Windows\SYSTEM32\windows.storage.dll
0x00007ffa1cdb0000 - 0x00007ffa1ceee000 	C:\Windows\SYSTEM32\wintypes.dll
0x00007ffa22370000 - 0x00007ffa22463000 	C:\Windows\System32\SHCORE.dll
0x00007ffa213c0000 - 0x00007ffa2141e000 	C:\Windows\System32\shlwapi.dll
0x00007ffa1f900000 - 0x00007ffa1f926000 	C:\Windows\SYSTEM32\profapi.dll
0x00007ff9ea420000 - 0x00007ff9ea438000 	C:\Program Files\Java\jdk-20.0.2\bin\zip.dll
0x00007ff9fa990000 - 0x00007ff9fa9a3000 	C:\Program Files\Java\jdk-20.0.2\bin\net.dll
0x00007ffa16910000 - 0x00007ffa16a47000 	C:\Windows\SYSTEM32\WINHTTP.dll
0x00007ffa1e830000 - 0x00007ffa1e899000 	C:\Windows\system32\mswsock.dll
0x00007ff9ec890000 - 0x00007ff9ec8a6000 	C:\Program Files\Java\jdk-20.0.2\bin\nio.dll
0x00007ffa138a0000 - 0x00007ffa138ba000 	C:\Program Files\JetBrains\IntelliJ IDEA Community Edition 2023.2.1\bin\breakgen64.dll
0x00007ffa00aa0000 - 0x00007ffa00aa7000 	C:\Program Files\Java\jdk-20.0.2\bin\extnet.dll
0x0000000069ac0000 - 0x0000000069ae4000 	C:\Users\micha\AppData\Local\Temp\jansi-2.4.0-ffa04858e31ada04-jansi.dll
0x00007ff9edc30000 - 0x00007ff9edc40000 	C:\Program Files\Java\jdk-20.0.2\bin\verify.dll

dbghelp: loaded successfully - version: 4.0.5 - missing functions: none
symbol engine: initialized successfully - sym options: 0x614 - pdb path: .;C:\Program Files\Java\jdk-20.0.2\bin;C:\Windows\SYSTEM32;C:\Windows\WinSxS\amd64_microsoft.windows.common-controls_6595b64144ccf1df_6.0.22621.2361_none_2712ced57382f843;C:\Program Files\Java\jdk-20.0.2\bin\server;C:\Program Files\JetBrains\IntelliJ IDEA Community Edition 2023.2.1\bin;C:\Users\micha\AppData\Local\Temp

VM Arguments:
jvm_args: -Dmaven.multiModuleProjectDirectory=C:\Users\micha\Desktop\D\Edu\Java\SampleScrap -Djansi.passthrough=true -Dmaven.home=C:\Program Files\JetBrains\IntelliJ IDEA Community Edition 2023.2.1\plugins\maven\lib\maven3 -Dclassworlds.conf=C:\Program Files\JetBrains\IntelliJ IDEA Community Edition 2023.2.1\plugins\maven\lib\maven3\bin\m2.conf -Dmaven.ext.class.path=C:\Program Files\JetBrains\IntelliJ IDEA Community Edition 2023.2.1\plugins\maven\lib\maven-event-listener.jar -javaagent:C:\Program Files\JetBrains\IntelliJ IDEA Community Edition 2023.2.1\lib\idea_rt.jar=54099:C:\Program Files\JetBrains\IntelliJ IDEA Community Edition 2023.2.1\bin -Dfile.encoding=UTF-8 -Dsun.stdout.encoding=UTF-8 -Dsun.stderr.encoding=UTF-8 
java_command: org.codehaus.classworlds.Launcher -Didea.version=2023.2.1 clean
java_class_path (initial): C:\Program Files\JetBrains\IntelliJ IDEA Community Edition 2023.2.1\plugins\maven\lib\maven3\boot\plexus-classworlds-2.7.0.jar;C:\Program Files\JetBrains\IntelliJ IDEA Community Edition 2023.2.1\plugins\maven\lib\maven3\boot\plexus-classworlds.license
Launcher Type: SUN_STANDARD

[Global flags]
     intx CICompilerCount                          = 12                                        {product} {ergonomic}
     uint ConcGCThreads                            = 4                                         {product} {ergonomic}
     uint G1ConcRefinementThreads                  = 15                                        {product} {ergonomic}
   size_t G1HeapRegionSize                         = 4194304                                   {product} {ergonomic}
    uintx GCDrainStackTargetSize                   = 64                                        {product} {ergonomic}
   size_t InitialHeapSize                          = 532676608                                 {product} {ergonomic}
   size_t MarkStackSize                            = 4194304                                   {product} {ergonomic}
   size_t MaxHeapSize                              = 8510242816                                {product} {ergonomic}
   size_t MaxNewSize                               = 5104467968                                {product} {ergonomic}
   size_t MinHeapDeltaBytes                        = 4194304                                   {product} {ergonomic}
   size_t MinHeapSize                              = 8388608                                   {product} {ergonomic}
    uintx NonNMethodCodeHeapSize                   = 7602480                                {pd product} {ergonomic}
    uintx NonProfiledCodeHeapSize                  = 122027880                              {pd product} {ergonomic}
    uintx ProfiledCodeHeapSize                     = 122027880                              {pd product} {ergonomic}
    uintx ReservedCodeCacheSize                    = 251658240                              {pd product} {ergonomic}
     bool SegmentedCodeCache                       = true                                      {product} {ergonomic}
   size_t SoftMaxHeapSize                          = 8510242816                             {manageable} {ergonomic}
     bool UseCompressedClassPointers               = true                           {product lp64_product} {ergonomic}
     bool UseCompressedOops                        = true                           {product lp64_product} {ergonomic}
     bool UseG1GC                                  = true                                      {product} {ergonomic}
     bool UseLargePagesIndividualAllocation        = false                                  {pd product} {ergonomic}

Logging:
Log output configuration:
 #0: stdout all=warning uptime,level,tags foldmultilines=false
 #1: stderr all=off uptime,level,tags foldmultilines=false

Environment Variables:
PATH=C:\Windows\system32;C:\Windows;C:\Windows\System32\Wbem;C:\Windows\System32\WindowsPowerShell\v1.0\;C:\Windows\System32\OpenSSH\;C:\Program Files\dotnet\;C:\Program Files (x86)\NVIDIA Corporation\PhysX\Common;C:\Program Files\Git\cmd;C:\Program Files\MySQL\MySQL Shell 8.0\bin\;C:\Users\micha\AppData\Local\Microsoft\WindowsApps;C:\Users\micha\AppData\Local\Programs\Microsoft VS Code\bin;C:\Program Files\Java\jdk-20.0.2\bin;
USERNAME=micha
OS=Windows_NT
PROCESSOR_IDENTIFIER=Intel64 Family 6 Model 154 Stepping 3, GenuineIntel
TMP=C:\Users\micha\AppData\Local\Temp
TEMP=C:\Users\micha\AppData\Local\Temp




---------------  S Y S T E M  ---------------

OS:
 Windows 11 , 64 bit Build 22621 (10.0.22621.2428)
OS uptime: 0 days 4:04 hours
Hyper-V role detected

CPU: total 20 (initial active 20) (10 cores per cpu, 2 threads per core) family 6 model 154 stepping 3 microcode 0x42a, cx8, cmov, fxsr, ht, mmx, 3dnowpref, sse, sse2, sse3, ssse3, sse4.1, sse4.2, popcnt, lzcnt, tsc, tscinvbit, avx, avx2, aes, erms, clmul, bmi1, bmi2, adx, sha, fma, vzeroupper, clflush, clflushopt, clwb, hv, serialize, rdtscp, rdpid, fsrm, f16c, cet_ibt, cet_ss

Memory: 4k page, system-wide physical 32452M (16518M free)
TotalPageFile size 34500M (AvailPageFile size 11243M)
current process WorkingSet (physical memory assigned to process): 139M, peak: 139M
current process commit charge ("private bytes"): 671M, peak: 671M

vm_info: OpenJDK 64-Bit Server VM (20.0.2+9-78) for windows-amd64 JRE (20.0.2+9-78), built on 2023-06-14T10:08:48Z by "mach5one" with MS VC++ 17.1 (VS2022)

END.
